<?xml version="1.0" encoding="UTF-8"?>
<coverage generated="1766509494965" clover="3.2.0">
  <project timestamp="1766509494965" name="All files">
    <metrics statements="1466" coveredstatements="1017" conditionals="553" coveredconditionals="286" methods="235" coveredmethods="191" elements="2254" coveredelements="1494" complexity="0" loc="1466" ncloc="1466" packages="7" files="13" classes="13"/>
    <package name="entidades">
      <metrics statements="22" coveredstatements="22" conditionals="8" coveredconditionals="8" methods="4" coveredmethods="4"/>
      <file name="tipos.ts" path="/home/bazari/libervia/libervia/incremento-1/entidades/tipos.ts">
        <metrics statements="22" coveredstatements="22" conditionals="8" coveredconditionals="8" methods="4" coveredmethods="4"/>
        <line num="5" count="6" type="cond" truecount="2" falsecount="0"/>
        <line num="6" count="6" type="stmt"/>
        <line num="7" count="6" type="stmt"/>
        <line num="8" count="6" type="stmt"/>
        <line num="9" count="6" type="stmt"/>
        <line num="10" count="6" type="stmt"/>
        <line num="11" count="6" type="stmt"/>
        <line num="12" count="6" type="stmt"/>
        <line num="13" count="6" type="stmt"/>
        <line num="16" count="6" type="cond" truecount="2" falsecount="0"/>
        <line num="17" count="6" type="stmt"/>
        <line num="18" count="6" type="stmt"/>
        <line num="19" count="6" type="stmt"/>
        <line num="20" count="6" type="stmt"/>
        <line num="23" count="6" type="cond" truecount="2" falsecount="0"/>
        <line num="24" count="6" type="stmt"/>
        <line num="25" count="6" type="stmt"/>
        <line num="26" count="6" type="stmt"/>
        <line num="30" count="6" type="cond" truecount="2" falsecount="0"/>
        <line num="31" count="6" type="stmt"/>
        <line num="32" count="6" type="stmt"/>
        <line num="33" count="6" type="stmt"/>
      </file>
    </package>
    <package name="event-log">
      <metrics statements="452" coveredstatements="367" conditionals="189" coveredconditionals="115" methods="87" coveredmethods="74"/>
      <file name="EventLogEntry.ts" path="/home/bazari/libervia/libervia/incremento-1/event-log/EventLogEntry.ts">
        <metrics statements="17" coveredstatements="17" conditionals="4" coveredconditionals="4" methods="2" coveredmethods="2"/>
        <line num="49" count="6" type="cond" truecount="2" falsecount="0"/>
        <line num="51" count="6" type="stmt"/>
        <line num="52" count="6" type="stmt"/>
        <line num="55" count="6" type="stmt"/>
        <line num="56" count="6" type="stmt"/>
        <line num="59" count="6" type="stmt"/>
        <line num="60" count="6" type="stmt"/>
        <line num="63" count="6" type="stmt"/>
        <line num="66" count="6" type="stmt"/>
        <line num="69" count="6" type="stmt"/>
        <line num="75" count="6" type="cond" truecount="2" falsecount="0"/>
        <line num="76" count="6" type="stmt"/>
        <line num="77" count="6" type="stmt"/>
        <line num="78" count="6" type="stmt"/>
        <line num="79" count="6" type="stmt"/>
        <line num="80" count="6" type="stmt"/>
        <line num="81" count="6" type="stmt"/>
      </file>
      <file name="EventLogRepositoryImpl.ts" path="/home/bazari/libervia/libervia/incremento-1/event-log/EventLogRepositoryImpl.ts">
        <metrics statements="435" coveredstatements="350" conditionals="185" coveredconditionals="111" methods="85" coveredmethods="72"/>
        <line num="1" count="4" type="stmt"/>
        <line num="2" count="4" type="stmt"/>
        <line num="3" count="4" type="stmt"/>
        <line num="28" count="4" type="stmt"/>
        <line num="38" count="4" type="stmt"/>
        <line num="39" count="4" type="stmt"/>
        <line num="72" count="733" type="stmt"/>
        <line num="79" count="99" type="stmt"/>
        <line num="90" count="265" type="stmt"/>
        <line num="91" count="265" type="stmt"/>
        <line num="92" count="265" type="stmt"/>
        <line num="100" count="308" type="stmt"/>
        <line num="104" count="128" type="stmt"/>
        <line num="105" count="128" type="cond" truecount="1" falsecount="1"/>
        <line num="113" count="333" type="stmt"/>
        <line num="114" count="333" type="stmt"/>
        <line num="115" count="333" type="stmt"/>
        <line num="116" count="333" type="stmt"/>
        <line num="117" count="333" type="stmt"/>
        <line num="121" count="115" type="stmt"/>
        <line num="122" count="115" type="stmt"/>
        <line num="123" count="46" type="stmt"/>
        <line num="125" count="69" type="cond" truecount="1" falsecount="0"/>
        <line num="126" count="0" type="stmt"/>
        <line num="142" count="72" type="stmt"/>
        <line num="145" count="72" type="stmt"/>
        <line num="146" count="72" type="stmt"/>
        <line num="147" count="72" type="stmt"/>
        <line num="148" count="72" type="stmt"/>
        <line num="149" count="72" type="stmt"/>
        <line num="150" count="72" type="stmt"/>
        <line num="154" count="72" type="stmt"/>
        <line num="157" count="72" type="stmt"/>
        <line num="158" count="72" type="stmt"/>
        <line num="159" count="72" type="stmt"/>
        <line num="160" count="72" type="stmt"/>
        <line num="161" count="72" type="stmt"/>
        <line num="162" count="72" type="stmt"/>
        <line num="169" count="72" type="stmt"/>
        <line num="170" count="72" type="stmt"/>
        <line num="171" count="72" type="stmt"/>
        <line num="176" count="72" type="stmt"/>
        <line num="179" count="72" type="stmt"/>
        <line num="182" count="72" type="stmt"/>
        <line num="184" count="72" type="stmt"/>
        <line num="188" count="72" type="stmt"/>
        <line num="189" count="72" type="cond" truecount="1" falsecount="0"/>
        <line num="192" count="2" type="stmt"/>
        <line num="193" count="2" type="stmt"/>
        <line num="196" count="2" type="cond" truecount="0" falsecount="1"/>
        <line num="198" count="0" type="stmt"/>
        <line num="200" count="0" type="cond" truecount="0" falsecount="1"/>
        <line num="201" count="0" type="stmt"/>
        <line num="202" count="0" type="cond" truecount="0" falsecount="2"/>
        <line num="204" count="0" type="cond" truecount="0" falsecount="1"/>
        <line num="206" count="0" type="stmt"/>
        <line num="207" count="0" type="cond" truecount="0" falsecount="1"/>
        <line num="208" count="0" type="stmt"/>
        <line num="209" count="0" type="stmt"/>
        <line num="218" count="0" type="stmt"/>
        <line num="223" count="0" type="stmt"/>
        <line num="224" count="0" type="stmt"/>
        <line num="228" count="2" type="stmt"/>
        <line num="231" count="2" type="stmt"/>
        <line num="232" count="2" type="cond" truecount="2" falsecount="1"/>
        <line num="233" count="0" type="stmt"/>
        <line num="234" count="0" type="stmt"/>
        <line num="237" count="2" type="stmt"/>
        <line num="240" count="2" type="stmt"/>
        <line num="243" count="2" type="stmt"/>
        <line num="244" count="2" type="cond" truecount="1" falsecount="0"/>
        <line num="245" count="2" type="stmt"/>
        <line num="249" count="2" type="cond" truecount="1" falsecount="0"/>
        <line num="250" count="1" type="stmt"/>
        <line num="251" count="1" type="stmt"/>
        <line num="260" count="1" type="stmt"/>
        <line num="264" count="2" type="stmt"/>
        <line num="272" count="2" type="cond" truecount="0" falsecount="1"/>
        <line num="274" count="2" type="stmt"/>
        <line num="275" count="2" type="cond" truecount="0" falsecount="1"/>
        <line num="277" count="2" type="stmt"/>
        <line num="286" count="2" type="cond" truecount="1" falsecount="0"/>
        <line num="288" count="1" type="stmt"/>
        <line num="289" count="1" type="stmt"/>
        <line num="290" count="1" type="stmt"/>
        <line num="292" count="1" type="cond" truecount="0" falsecount="1"/>
        <line num="294" count="1" type="stmt"/>
        <line num="303" count="1" type="cond" truecount="0" falsecount="1"/>
        <line num="306" count="1" type="stmt"/>
        <line num="313" count="2" type="stmt"/>
        <line num="314" count="2" type="stmt"/>
        <line num="317" count="0" type="stmt"/>
        <line num="318" count="0" type="stmt"/>
        <line num="319" count="0" type="stmt"/>
        <line num="320" count="0" type="stmt"/>
        <line num="329" count="72" type="stmt"/>
        <line num="331" count="72" type="cond" truecount="1" falsecount="0"/>
        <line num="333" count="63" type="stmt"/>
        <line num="334" count="63" type="stmt"/>
        <line num="335" count="63" type="stmt"/>
        <line num="336" count="63" type="stmt"/>
        <line num="337" count="63" type="stmt"/>
        <line num="338" count="63" type="stmt"/>
        <line num="341" count="9" type="stmt"/>
        <line num="342" count="9" type="stmt"/>
        <line num="344" count="10" type="stmt"/>
        <line num="345" count="1" type="stmt"/>
        <line num="347" count="9" type="cond" truecount="0" falsecount="1"/>
        <line num="348" count="0" type="stmt"/>
        <line num="349" count="0" type="stmt"/>
        <line num="350" count="0" type="stmt"/>
        <line num="351" count="0" type="stmt"/>
        <line num="352" count="0" type="stmt"/>
        <line num="353" count="0" type="stmt"/>
        <line num="357" count="9" type="stmt"/>
        <line num="358" count="9" type="stmt"/>
        <line num="359" count="9" type="stmt"/>
        <line num="360" count="9" type="cond" truecount="1" falsecount="1"/>
        <line num="363" count="9" type="cond" truecount="2" falsecount="0"/>
        <line num="365" count="3" type="cond" truecount="2" falsecount="0"/>
        <line num="370" count="3" type="stmt"/>
        <line num="371" count="3" type="stmt"/>
        <line num="372" count="0" type="stmt"/>
        <line num="373" count="0" type="stmt"/>
        <line num="374" count="0" type="cond" truecount="0" falsecount="2"/>
        <line num="377" count="3" type="stmt"/>
        <line num="378" count="3" type="stmt"/>
        <line num="381" count="6" type="stmt"/>
        <line num="382" count="6" type="stmt"/>
        <line num="383" count="6" type="stmt"/>
        <line num="384" count="6" type="stmt"/>
        <line num="385" count="6" type="cond" truecount="1" falsecount="1"/>
        <line num="387" count="6" type="stmt"/>
        <line num="388" count="6" type="stmt"/>
        <line num="392" count="9" type="cond" truecount="1" falsecount="1"/>
        <line num="393" count="9" type="stmt"/>
        <line num="394" count="0" type="cond" truecount="0" falsecount="2"/>
        <line num="395" count="0" type="stmt"/>
        <line num="397" count="0" type="stmt"/>
        <line num="402" count="461" type="cond" truecount="0" falsecount="1"/>
        <line num="403" count="0" type="stmt"/>
        <line num="410" count="298" type="stmt"/>
        <line num="414" count="265" type="stmt"/>
        <line num="415" count="265" type="stmt"/>
        <line num="416" count="265" type="stmt"/>
        <line num="420" count="65" type="cond" truecount="0" falsecount="1"/>
        <line num="422" count="65" type="stmt"/>
        <line num="423" count="65" type="stmt"/>
        <line num="432" count="65" type="stmt"/>
        <line num="433" count="65" type="stmt"/>
        <line num="439" count="32" type="stmt"/>
        <line num="442" count="32" type="stmt"/>
        <line num="443" count="32" type="stmt"/>
        <line num="453" count="265" type="stmt"/>
        <line num="455" count="265" type="stmt"/>
        <line num="456" count="265" type="stmt"/>
        <line num="457" count="265" type="stmt"/>
        <line num="460" count="265" type="stmt"/>
        <line num="463" count="265" type="stmt"/>
        <line num="473" count="265" type="stmt"/>
        <line num="486" count="265" type="stmt"/>
        <line num="487" count="265" type="stmt"/>
        <line num="488" count="265" type="stmt"/>
        <line num="489" count="265" type="stmt"/>
        <line num="492" count="265" type="stmt"/>
        <line num="495" count="265" type="stmt"/>
        <line num="498" count="265" type="cond" truecount="2" falsecount="0"/>
        <line num="499" count="32" type="stmt"/>
        <line num="500" count="233" type="cond" truecount="1" falsecount="0"/>
        <line num="502" count="33" type="stmt"/>
        <line num="505" count="265" type="stmt"/>
        <line num="509" count="66" type="stmt"/>
        <line num="513" count="66" type="cond" truecount="1" falsecount="0"/>
        <line num="514" count="49" type="stmt"/>
        <line num="517" count="59" type="stmt"/>
        <line num="520" count="59" type="stmt"/>
        <line num="521" count="59" type="cond" truecount="0" falsecount="1"/>
        <line num="522" count="0" type="stmt"/>
        <line num="525" count="59" type="stmt"/>
        <line num="526" count="59" type="stmt"/>
        <line num="528" count="77" type="stmt"/>
        <line num="529" count="18" type="stmt"/>
        <line num="531" count="59" type="stmt"/>
        <line num="532" count="77" type="cond" truecount="2" falsecount="0"/>
        <line num="534" count="55" type="stmt"/>
        <line num="536" count="22" type="stmt"/>
        <line num="537" count="22" type="stmt"/>
        <line num="538" count="22" type="cond" truecount="1" falsecount="0"/>
        <line num="539" count="22" type="stmt"/>
        <line num="544" count="59" type="stmt"/>
        <line num="545" count="197" type="stmt"/>
        <line num="549" count="3" type="stmt"/>
        <line num="550" count="3" type="stmt"/>
        <line num="551" count="8" type="stmt"/>
        <line num="552" count="3" type="cond" truecount="1" falsecount="1"/>
        <line num="556" count="3" type="stmt"/>
        <line num="557" count="3" type="stmt"/>
        <line num="558" count="15" type="stmt"/>
        <line num="562" count="3" type="stmt"/>
        <line num="563" count="3" type="stmt"/>
        <line num="564" count="3" type="stmt"/>
        <line num="565" count="15" type="cond" truecount="3" falsecount="0"/>
        <line num="571" count="3" type="stmt"/>
        <line num="572" count="3" type="cond" truecount="1" falsecount="0"/>
        <line num="573" count="3" type="stmt"/>
        <line num="574" count="3" type="stmt"/>
        <line num="577" count="0" type="cond" truecount="0" falsecount="1"/>
        <line num="578" count="0" type="stmt"/>
        <line num="579" count="0" type="stmt"/>
        <line num="580" count="0" type="cond" truecount="0" falsecount="3"/>
        <line num="581" count="0" type="stmt"/>
        <line num="582" count="0" type="stmt"/>
        <line num="585" count="0" type="stmt"/>
        <line num="589" count="10" type="stmt"/>
        <line num="590" count="10" type="stmt"/>
        <line num="599" count="42" type="stmt"/>
        <line num="601" count="42" type="cond" truecount="1" falsecount="0"/>
        <line num="602" count="3" type="stmt"/>
        <line num="606" count="39" type="stmt"/>
        <line num="614" count="3" type="stmt"/>
        <line num="616" count="3" type="cond" truecount="0" falsecount="1"/>
        <line num="617" count="0" type="stmt"/>
        <line num="620" count="3" type="stmt"/>
        <line num="621" count="3" type="stmt"/>
        <line num="630" count="44" type="stmt"/>
        <line num="632" count="44" type="cond" truecount="0" falsecount="1"/>
        <line num="633" count="0" type="stmt"/>
        <line num="636" count="44" type="stmt"/>
        <line num="638" count="44" type="cond" truecount="3" falsecount="0"/>
        <line num="640" count="39" type="stmt"/>
        <line num="644" count="35" type="stmt"/>
        <line num="646" count="5" type="cond" truecount="0" falsecount="1"/>
        <line num="648" count="0" type="stmt"/>
        <line num="652" count="5" type="cond" truecount="1" falsecount="0"/>
        <line num="654" count="1" type="stmt"/>
        <line num="658" count="4" type="stmt"/>
        <line num="660" count="4" type="cond" truecount="1" falsecount="0"/>
        <line num="662" count="3" type="stmt"/>
        <line num="666" count="1" type="stmt"/>
        <line num="675" count="44" type="cond" truecount="0" falsecount="1"/>
        <line num="676" count="0" type="stmt"/>
        <line num="679" count="44" type="cond" truecount="2" falsecount="0"/>
        <line num="682" count="44" type="cond" truecount="3" falsecount="0"/>
        <line num="683" count="43" type="stmt"/>
        <line num="685" count="43" type="cond" truecount="1" falsecount="0"/>
        <line num="686" count="1" type="stmt"/>
        <line num="695" count="42" type="stmt"/>
        <line num="705" count="42" type="cond" truecount="1" falsecount="0"/>
        <line num="706" count="26" type="stmt"/>
        <line num="715" count="16" type="stmt"/>
        <line num="716" count="16" type="stmt"/>
        <line num="720" count="17" type="stmt"/>
        <line num="721" count="57" type="stmt"/>
        <line num="724" count="57" type="cond" truecount="1" falsecount="0"/>
        <line num="725" count="2" type="stmt"/>
        <line num="735" count="55" type="stmt"/>
        <line num="745" count="55" type="cond" truecount="1" falsecount="0"/>
        <line num="746" count="4" type="stmt"/>
        <line num="755" count="51" type="stmt"/>
        <line num="758" count="11" type="stmt"/>
        <line num="771" count="3" type="stmt"/>
        <line num="773" count="3" type="stmt"/>
        <line num="774" count="3" type="cond" truecount="0" falsecount="1"/>
        <line num="775" count="0" type="stmt"/>
        <line num="778" count="3" type="stmt"/>
        <line num="779" count="3" type="stmt"/>
        <line num="781" count="9" type="stmt"/>
        <line num="782" count="6" type="stmt"/>
        <line num="784" count="3" type="cond" truecount="1" falsecount="0"/>
        <line num="785" count="1" type="stmt"/>
        <line num="789" count="2" type="stmt"/>
        <line num="790" count="2" type="stmt"/>
        <line num="793" count="2" type="stmt"/>
        <line num="795" count="2" type="cond" truecount="2" falsecount="1"/>
        <line num="797" count="0" type="stmt"/>
        <line num="801" count="2" type="stmt"/>
        <line num="802" count="2" type="stmt"/>
        <line num="803" count="3" type="stmt"/>
        <line num="804" count="3" type="stmt"/>
        <line num="805" count="3" type="cond" truecount="1" falsecount="1"/>
        <line num="806" count="3" type="stmt"/>
        <line num="810" count="2" type="stmt"/>
        <line num="811" count="2" type="stmt"/>
        <line num="813" count="2" type="stmt"/>
        <line num="818" count="0" type="stmt"/>
        <line num="819" count="0" type="stmt"/>
        <line num="821" count="0" type="cond" truecount="0" falsecount="3"/>
        <line num="822" count="0" type="stmt"/>
        <line num="826" count="0" type="stmt"/>
        <line num="827" count="0" type="stmt"/>
        <line num="828" count="0" type="stmt"/>
        <line num="830" count="0" type="cond" truecount="0" falsecount="2"/>
        <line num="831" count="0" type="stmt"/>
        <line num="833" count="0" type="stmt"/>
        <line num="834" count="0" type="stmt"/>
        <line num="835" count="0" type="stmt"/>
        <line num="836" count="0" type="cond" truecount="0" falsecount="2"/>
        <line num="840" count="0" type="stmt"/>
        <line num="844" count="0" type="cond" truecount="0" falsecount="1"/>
        <line num="845" count="0" type="stmt"/>
        <line num="846" count="0" type="stmt"/>
        <line num="847" count="0" type="stmt"/>
        <line num="849" count="0" type="cond" truecount="0" falsecount="3"/>
        <line num="850" count="0" type="stmt"/>
        <line num="851" count="0" type="stmt"/>
        <line num="860" count="0" type="stmt"/>
        <line num="861" count="0" type="stmt"/>
        <line num="868" count="0" type="stmt"/>
        <line num="877" count="0" type="stmt"/>
        <line num="891" count="8" type="stmt"/>
        <line num="893" count="8" type="stmt"/>
        <line num="896" count="8" type="stmt"/>
        <line num="898" count="8" type="cond" truecount="1" falsecount="0"/>
        <line num="899" count="1" type="stmt"/>
        <line num="906" count="7" type="cond" truecount="2" falsecount="0"/>
        <line num="907" count="7" type="cond" truecount="2" falsecount="0"/>
        <line num="909" count="7" type="stmt"/>
        <line num="910" count="7" type="stmt"/>
        <line num="911" count="7" type="stmt"/>
        <line num="914" count="7" type="stmt"/>
        <line num="915" count="8" type="cond" truecount="3" falsecount="0"/>
        <line num="917" count="1" type="cond" truecount="0" falsecount="1"/>
        <line num="918" count="0" type="stmt"/>
        <line num="919" count="0" type="stmt"/>
        <line num="920" count="0" type="stmt"/>
        <line num="922" count="1" type="stmt"/>
        <line num="925" count="7" type="stmt"/>
        <line num="927" count="7" type="stmt"/>
        <line num="929" count="17" type="cond" truecount="3" falsecount="0"/>
        <line num="930" count="2" type="stmt"/>
        <line num="931" count="2" type="stmt"/>
        <line num="932" count="2" type="stmt"/>
        <line num="934" count="15" type="cond" truecount="1" falsecount="2"/>
        <line num="935" count="0" type="stmt"/>
        <line num="939" count="15" type="cond" truecount="0" falsecount="1"/>
        <line num="940" count="0" type="stmt"/>
        <line num="943" count="15" type="stmt"/>
        <line num="944" count="15" type="stmt"/>
        <line num="945" count="15" type="cond" truecount="3" falsecount="0"/>
        <line num="946" count="2" type="stmt"/>
        <line num="952" count="7" type="cond" truecount="3" falsecount="0"/>
        <line num="955" count="7" type="stmt"/>
        <line num="966" count="7" type="stmt"/>
        <line num="975" count="7" type="cond" truecount="0" falsecount="1"/>
        <line num="978" count="7" type="cond" truecount="1" falsecount="0"/>
        <line num="979" count="5" type="stmt"/>
        <line num="980" count="5" type="cond" truecount="0" falsecount="1"/>
        <line num="982" count="5" type="stmt"/>
        <line num="991" count="5" type="cond" truecount="0" falsecount="1"/>
        <line num="995" count="7" type="stmt"/>
        <line num="996" count="8" type="cond" truecount="0" falsecount="1"/>
        <line num="997" count="0" type="stmt"/>
        <line num="1000" count="8" type="stmt"/>
        <line num="1009" count="8" type="cond" truecount="0" falsecount="1"/>
        <line num="1012" count="7" type="stmt"/>
        <line num="1020" count="8" type="stmt"/>
        <line num="1022" count="8" type="stmt"/>
        <line num="1024" count="8" type="stmt"/>
        <line num="1034" count="8" type="stmt"/>
        <line num="1035" count="8" type="cond" truecount="0" falsecount="1"/>
        <line num="1036" count="0" type="stmt"/>
        <line num="1039" count="8" type="stmt"/>
        <line num="1040" count="8" type="stmt"/>
        <line num="1041" count="8" type="stmt"/>
        <line num="1043" count="8" type="stmt"/>
        <line num="1044" count="8" type="stmt"/>
        <line num="1046" count="8" type="stmt"/>
        <line num="1048" count="29" type="cond" truecount="0" falsecount="1"/>
        <line num="1049" count="0" type="stmt"/>
        <line num="1050" count="0" type="stmt"/>
        <line num="1054" count="29" type="stmt"/>
        <line num="1055" count="29" type="cond" truecount="1" falsecount="0"/>
        <line num="1056" count="1" type="stmt"/>
        <line num="1058" count="29" type="stmt"/>
        <line num="1059" count="29" type="stmt"/>
        <line num="1062" count="29" type="cond" truecount="3" falsecount="0"/>
        <line num="1063" count="28" type="cond" truecount="3" falsecount="0"/>
        <line num="1064" count="26" type="cond" truecount="3" falsecount="0"/>
        <line num="1065" count="25" type="cond" truecount="1" falsecount="2"/>
        <line num="1066" count="25" type="cond" truecount="1" falsecount="2"/>
        <line num="1069" count="25" type="stmt"/>
        <line num="1070" count="25" type="cond" truecount="2" falsecount="0"/>
        <line num="1071" count="25" type="cond" truecount="2" falsecount="0"/>
        <line num="1072" count="25" type="cond" truecount="2" falsecount="0"/>
        <line num="1075" count="25" type="stmt"/>
        <line num="1076" count="25" type="cond" truecount="1" falsecount="0"/>
        <line num="1077" count="8" type="stmt"/>
        <line num="1079" count="25" type="stmt"/>
        <line num="1081" count="25" type="stmt"/>
        <line num="1085" count="8" type="stmt"/>
        <line num="1097" count="29" type="cond" truecount="2" falsecount="0"/>
        <line num="1098" count="8" type="cond" truecount="0" falsecount="1"/>
        <line num="1099" count="0" type="stmt"/>
        <line num="1103" count="21" type="cond" truecount="0" falsecount="1"/>
        <line num="1104" count="0" type="stmt"/>
        <line num="1109" count="29" type="stmt"/>
        <line num="1119" count="29" type="cond" truecount="1" falsecount="0"/>
        <line num="1120" count="1" type="stmt"/>
        <line num="1123" count="28" type="stmt"/>
        <line num="1130" count="16" type="stmt"/>
        <line num="1131" count="16" type="cond" truecount="1" falsecount="0"/>
        <line num="1133" count="15" type="stmt"/>
        <line num="1134" count="15" type="stmt"/>
        <line num="1136" count="16" type="stmt"/>
        <line num="1137" count="1" type="stmt"/>
        <line num="1144" count="15" type="cond" truecount="1" falsecount="0"/>
        <line num="1145" count="43" type="stmt"/>
        <line num="1148" count="1" type="stmt"/>
        <line num="1149" count="1" type="stmt"/>
        <line num="1150" count="1" type="cond" truecount="1" falsecount="1"/>
        <line num="1157" count="1" type="stmt"/>
        <line num="1179" count="32" type="cond" truecount="2" falsecount="0"/>
        <line num="1181" count="1" type="stmt"/>
        <line num="1182" count="1" type="cond" truecount="3" falsecount="0"/>
        <line num="1183" count="1" type="stmt"/>
        <line num="1184" count="1" type="stmt"/>
        <line num="1189" count="31" type="stmt"/>
        <line num="1190" count="31" type="cond" truecount="3" falsecount="0"/>
        <line num="1191" count="31" type="stmt"/>
        <line num="1192" count="31" type="stmt"/>
        <line num="1202" count="0" type="stmt"/>
        <line num="1210" count="1" type="stmt"/>
        <line num="1212" count="1" type="cond" truecount="0" falsecount="1"/>
        <line num="1213" count="0" type="stmt"/>
        <line num="1222" count="8" type="stmt"/>
        <line num="1223" count="1" type="cond" truecount="1" falsecount="1"/>
        <line num="1225" count="1" type="stmt"/>
        <line num="1239" count="6" type="stmt"/>
        <line num="1240" count="6" type="cond" truecount="0" falsecount="1"/>
        <line num="1242" count="6" type="stmt"/>
        <line num="1243" count="16" type="stmt"/>
        <line num="1251" count="3" type="stmt"/>
        <line num="1259" count="0" type="stmt"/>
        <line num="1267" count="1" type="stmt"/>
        <line num="1274" count="4" type="stmt"/>
      </file>
    </package>
    <package name="orquestrador">
      <metrics statements="234" coveredstatements="190" conditionals="93" coveredconditionals="54" methods="21" coveredmethods="19"/>
      <file name="OrquestradorCognitivo.ts" path="/home/bazari/libervia/libervia/incremento-1/orquestrador/OrquestradorCognitivo.ts">
        <metrics statements="234" coveredstatements="190" conditionals="93" coveredconditionals="54" methods="21" coveredmethods="19"/>
        <line num="13" count="5" type="stmt"/>
        <line num="15" count="5" type="stmt"/>
        <line num="49" count="5" type="stmt"/>
        <line num="68" count="41" type="stmt"/>
        <line num="69" count="41" type="stmt"/>
        <line num="70" count="41" type="stmt"/>
        <line num="71" count="41" type="stmt"/>
        <line num="72" count="41" type="stmt"/>
        <line num="73" count="41" type="stmt"/>
        <line num="76" count="41" type="stmt"/>
        <line num="78" count="41" type="stmt"/>
        <line num="93" count="4" type="cond" truecount="0" falsecount="1"/>
        <line num="95" count="4" type="stmt"/>
        <line num="96" count="4" type="stmt"/>
        <line num="97" count="4" type="cond" truecount="1" falsecount="0"/>
        <line num="98" count="1" type="stmt"/>
        <line num="99" count="1" type="stmt"/>
        <line num="100" count="1" type="stmt"/>
        <line num="101" count="1" type="stmt"/>
        <line num="102" count="1" type="stmt"/>
        <line num="103" count="1" type="stmt"/>
        <line num="106" count="0" type="stmt"/>
        <line num="107" count="0" type="stmt"/>
        <line num="108" count="0" type="stmt"/>
        <line num="109" count="0" type="cond" truecount="0" falsecount="2"/>
        <line num="110" count="0" type="stmt"/>
        <line num="111" count="0" type="stmt"/>
        <line num="119" count="31" type="stmt"/>
        <line num="125" count="31" type="cond" truecount="1" falsecount="0"/>
        <line num="126" count="5" type="stmt"/>
        <line num="134" count="7" type="stmt"/>
        <line num="141" count="27" type="cond" truecount="1" falsecount="0"/>
        <line num="142" count="1" type="stmt"/>
        <line num="145" count="26" type="stmt"/>
        <line num="146" count="26" type="stmt"/>
        <line num="147" count="26" type="cond" truecount="1" falsecount="0"/>
        <line num="148" count="25" type="stmt"/>
        <line num="149" count="25" type="stmt"/>
        <line num="150" count="25" type="stmt"/>
        <line num="151" count="25" type="stmt"/>
        <line num="152" count="25" type="stmt"/>
        <line num="154" count="26" type="stmt"/>
        <line num="156" count="0" type="stmt"/>
        <line num="157" count="0" type="stmt"/>
        <line num="158" count="0" type="stmt"/>
        <line num="159" count="0" type="cond" truecount="0" falsecount="2"/>
        <line num="160" count="0" type="stmt"/>
        <line num="161" count="0" type="stmt"/>
        <line num="180" count="2" type="cond" truecount="1" falsecount="0"/>
        <line num="181" count="1" type="stmt"/>
        <line num="196" count="1" type="stmt"/>
        <line num="197" count="1" type="stmt"/>
        <line num="200" count="0" type="stmt"/>
        <line num="201" count="0" type="stmt"/>
        <line num="202" count="0" type="cond" truecount="0" falsecount="2"/>
        <line num="203" count="0" type="stmt"/>
        <line num="206" count="0" type="stmt"/>
        <line num="229" count="2" type="cond" truecount="1" falsecount="0"/>
        <line num="230" count="1" type="stmt"/>
        <line num="241" count="1" type="stmt"/>
        <line num="242" count="1" type="stmt"/>
        <line num="245" count="0" type="stmt"/>
        <line num="246" count="0" type="stmt"/>
        <line num="247" count="0" type="cond" truecount="0" falsecount="2"/>
        <line num="248" count="0" type="stmt"/>
        <line num="251" count="0" type="stmt"/>
        <line num="275" count="167" type="cond" truecount="1" falsecount="0"/>
        <line num="277" count="34" type="stmt"/>
        <line num="278" count="34" type="stmt"/>
        <line num="281" count="5" type="stmt"/>
        <line num="282" count="5" type="stmt"/>
        <line num="283" count="5" type="stmt"/>
        <line num="284" count="5" type="cond" truecount="1" falsecount="1"/>
        <line num="285" count="5" type="stmt"/>
        <line num="287" count="5" type="stmt"/>
        <line num="307" count="24" type="stmt"/>
        <line num="309" count="24" type="cond" truecount="1" falsecount="0"/>
        <line num="311" count="24" type="stmt"/>
        <line num="312" count="24" type="stmt"/>
        <line num="315" count="24" type="stmt"/>
        <line num="324" count="24" type="cond" truecount="0" falsecount="1"/>
        <line num="325" count="0" type="stmt"/>
        <line num="329" count="24" type="cond" truecount="1" falsecount="0"/>
        <line num="330" count="24" type="stmt"/>
        <line num="331" count="24" type="stmt"/>
        <line num="332" count="24" type="stmt"/>
        <line num="335" count="24" type="stmt"/>
        <line num="344" count="24" type="cond" truecount="0" falsecount="1"/>
        <line num="345" count="0" type="stmt"/>
        <line num="352" count="24" type="stmt"/>
        <line num="355" count="24" type="stmt"/>
        <line num="363" count="24" type="stmt"/>
        <line num="366" count="24" type="stmt"/>
        <line num="369" count="24" type="stmt"/>
        <line num="376" count="24" type="stmt"/>
        <line num="380" count="24" type="stmt"/>
        <line num="392" count="24" type="stmt"/>
        <line num="395" count="24" type="stmt"/>
        <line num="402" count="24" type="stmt"/>
        <line num="426" count="20" type="cond" truecount="1" falsecount="0"/>
        <line num="427" count="1" type="stmt"/>
        <line num="436" count="19" type="stmt"/>
        <line num="437" count="19" type="cond" truecount="0" falsecount="1"/>
        <line num="438" count="0" type="stmt"/>
        <line num="444" count="19" type="cond" truecount="1" falsecount="0"/>
        <line num="445" count="1" type="stmt"/>
        <line num="454" count="18" type="stmt"/>
        <line num="455" count="18" type="cond" truecount="0" falsecount="1"/>
        <line num="456" count="0" type="stmt"/>
        <line num="461" count="18" type="cond" truecount="0" falsecount="1"/>
        <line num="462" count="0" type="stmt"/>
        <line num="471" count="18" type="stmt"/>
        <line num="472" count="18" type="cond" truecount="1" falsecount="0"/>
        <line num="473" count="1" type="stmt"/>
        <line num="482" count="17" type="stmt"/>
        <line num="484" count="17" type="cond" truecount="3" falsecount="0"/>
        <line num="485" count="2" type="stmt"/>
        <line num="488" count="17" type="cond" truecount="3" falsecount="0"/>
        <line num="489" count="1" type="stmt"/>
        <line num="492" count="17" type="cond" truecount="3" falsecount="0"/>
        <line num="493" count="1" type="stmt"/>
        <line num="496" count="17" type="cond" truecount="0" falsecount="1"/>
        <line num="497" count="0" type="stmt"/>
        <line num="500" count="17" type="cond" truecount="3" falsecount="0"/>
        <line num="501" count="1" type="stmt"/>
        <line num="504" count="17" type="cond" truecount="0" falsecount="1"/>
        <line num="505" count="0" type="stmt"/>
        <line num="511" count="17" type="cond" truecount="4" falsecount="0"/>
        <line num="514" count="1" type="stmt"/>
        <line num="520" count="17" type="cond" truecount="2" falsecount="0"/>
        <line num="522" count="17" type="cond" truecount="1" falsecount="0"/>
        <line num="524" count="1" type="stmt"/>
        <line num="526" count="1" type="stmt"/>
        <line num="527" count="1" type="cond" truecount="1" falsecount="0"/>
        <line num="528" count="1" type="stmt"/>
        <line num="540" count="17" type="stmt"/>
        <line num="544" count="17" type="cond" truecount="2" falsecount="0"/>
        <line num="545" count="7" type="stmt"/>
        <line num="546" count="7" type="stmt"/>
        <line num="548" count="10" type="stmt"/>
        <line num="556" count="17" type="stmt"/>
        <line num="557" count="0" type="stmt"/>
        <line num="560" count="17" type="stmt"/>
        <line num="577" count="17" type="stmt"/>
        <line num="580" count="17" type="cond" truecount="2" falsecount="0"/>
        <line num="584" count="17" type="stmt"/>
        <line num="591" count="17" type="stmt"/>
        <line num="598" count="1" type="stmt"/>
        <line num="600" count="1" type="stmt"/>
        <line num="601" count="0" type="cond" truecount="0" falsecount="1"/>
        <line num="603" count="0" type="stmt"/>
        <line num="605" count="0" type="stmt"/>
        <line num="606" count="0" type="stmt"/>
        <line num="611" count="1" type="stmt"/>
        <line num="625" count="10" type="stmt"/>
        <line num="627" count="10" type="cond" truecount="0" falsecount="1"/>
        <line num="628" count="0" type="stmt"/>
        <line num="631" count="10" type="cond" truecount="0" falsecount="1"/>
        <line num="632" count="0" type="stmt"/>
        <line num="639" count="10" type="cond" truecount="1" falsecount="0"/>
        <line num="640" count="1" type="stmt"/>
        <line num="646" count="9" type="stmt"/>
        <line num="648" count="9" type="cond" truecount="1" falsecount="0"/>
        <line num="649" count="1" type="stmt"/>
        <line num="655" count="8" type="cond" truecount="1" falsecount="0"/>
        <line num="656" count="1" type="stmt"/>
        <line num="664" count="7" type="cond" truecount="1" falsecount="0"/>
        <line num="665" count="1" type="stmt"/>
        <line num="671" count="6" type="cond" truecount="1" falsecount="0"/>
        <line num="672" count="1" type="stmt"/>
        <line num="679" count="5" type="stmt"/>
        <line num="686" count="5" type="stmt"/>
        <line num="689" count="5" type="stmt"/>
        <line num="697" count="5" type="stmt"/>
        <line num="700" count="5" type="stmt"/>
        <line num="708" count="5" type="stmt"/>
        <line num="714" count="5" type="stmt"/>
        <line num="722" count="5" type="stmt"/>
        <line num="724" count="5" type="stmt"/>
        <line num="731" count="5" type="stmt"/>
        <line num="748" count="5" type="stmt"/>
        <line num="751" count="5" type="stmt"/>
        <line num="758" count="5" type="stmt"/>
        <line num="762" count="2" type="stmt"/>
        <line num="764" count="2" type="cond" truecount="0" falsecount="1"/>
        <line num="765" count="0" type="stmt"/>
        <line num="768" count="2" type="cond" truecount="0" falsecount="1"/>
        <line num="769" count="0" type="stmt"/>
        <line num="772" count="2" type="stmt"/>
        <line num="775" count="2" type="stmt"/>
        <line num="782" count="2" type="stmt"/>
        <line num="788" count="2" type="stmt"/>
        <line num="797" count="2" type="stmt"/>
        <line num="799" count="2" type="cond" truecount="0" falsecount="1"/>
        <line num="800" count="0" type="stmt"/>
        <line num="803" count="2" type="cond" truecount="0" falsecount="1"/>
        <line num="804" count="0" type="stmt"/>
        <line num="807" count="2" type="stmt"/>
        <line num="810" count="2" type="stmt"/>
        <line num="817" count="2" type="stmt"/>
        <line num="823" count="2" type="stmt"/>
        <line num="846" count="3" type="stmt"/>
        <line num="848" count="3" type="cond" truecount="0" falsecount="1"/>
        <line num="849" count="0" type="stmt"/>
        <line num="853" count="3" type="cond" truecount="1" falsecount="0"/>
        <line num="854" count="1" type="stmt"/>
        <line num="862" count="2" type="stmt"/>
        <line num="865" count="2" type="stmt"/>
        <line num="868" count="2" type="stmt"/>
        <line num="875" count="2" type="stmt"/>
        <line num="887" count="2" type="stmt"/>
        <line num="889" count="2" type="stmt"/>
        <line num="895" count="2" type="stmt"/>
        <line num="902" count="2" type="stmt"/>
        <line num="904" count="2" type="stmt"/>
        <line num="905" count="2" type="cond" truecount="1" falsecount="0"/>
        <line num="906" count="2" type="cond" truecount="0" falsecount="1"/>
        <line num="907" count="2" type="cond" truecount="0" falsecount="1"/>
        <line num="908" count="2" type="cond" truecount="0" falsecount="1"/>
        <line num="909" count="2" type="cond" truecount="0" falsecount="1"/>
        <line num="910" count="2" type="cond" truecount="0" falsecount="1"/>
        <line num="911" count="2" type="cond" truecount="2" falsecount="0"/>
        <line num="912" count="2" type="cond" truecount="0" falsecount="1"/>
        <line num="914" count="2" type="stmt"/>
        <line num="916" count="2" type="stmt"/>
        <line num="917" count="2" type="cond" truecount="1" falsecount="1"/>
        <line num="918" count="2" type="stmt"/>
        <line num="920" count="0" type="stmt"/>
        <line num="921" count="0" type="stmt"/>
        <line num="925" count="2" type="cond" truecount="0" falsecount="1"/>
        <line num="926" count="0" type="stmt"/>
        <line num="932" count="2" type="stmt"/>
        <line num="940" count="51" type="stmt"/>
        <line num="944" count="5" type="stmt"/>
      </file>
    </package>
    <package name="repositorios.implementacao">
      <metrics statements="492" coveredstatements="387" conditionals="195" coveredconditionals="100" methods="94" coveredmethods="83"/>
      <file name="ContratoRepositoryImpl.ts" path="/home/bazari/libervia/libervia/incremento-1/repositorios/implementacao/ContratoRepositoryImpl.ts">
        <metrics statements="67" coveredstatements="42" conditionals="18" coveredconditionals="3" methods="14" coveredmethods="11"/>
        <line num="1" count="6" type="stmt"/>
        <line num="2" count="6" type="stmt"/>
        <line num="11" count="6" type="stmt"/>
        <line num="18" count="0" type="stmt"/>
        <line num="25" count="6" type="stmt"/>
        <line num="28" count="6" type="stmt"/>
        <line num="39" count="46" type="stmt"/>
        <line num="40" count="46" type="stmt"/>
        <line num="42" count="46" type="stmt"/>
        <line num="45" count="46" type="stmt"/>
        <line num="49" count="46" type="stmt"/>
        <line num="50" count="46" type="stmt"/>
        <line num="51" count="46" type="stmt"/>
        <line num="55" count="46" type="stmt"/>
        <line num="56" count="46" type="stmt"/>
        <line num="57" count="46" type="stmt"/>
        <line num="58" count="46" type="stmt"/>
        <line num="59" count="0" type="stmt"/>
        <line num="60" count="0" type="stmt"/>
        <line num="61" count="0" type="stmt"/>
        <line num="63" count="46" type="stmt"/>
        <line num="67" count="10" type="cond" truecount="0" falsecount="1"/>
        <line num="68" count="0" type="stmt"/>
        <line num="75" count="6" type="stmt"/>
        <line num="76" count="6" type="stmt"/>
        <line num="80" count="7" type="stmt"/>
        <line num="82" count="7" type="cond" truecount="0" falsecount="1"/>
        <line num="83" count="0" type="stmt"/>
        <line num="87" count="7" type="cond" truecount="1" falsecount="0"/>
        <line num="88" count="1" type="stmt"/>
        <line num="91" count="6" type="stmt"/>
        <line num="95" count="6" type="stmt"/>
        <line num="97" count="6" type="stmt"/>
        <line num="98" count="6" type="stmt"/>
        <line num="100" count="6" type="stmt"/>
        <line num="104" count="0" type="stmt"/>
        <line num="106" count="0" type="stmt"/>
        <line num="107" count="0" type="cond" truecount="0" falsecount="1"/>
        <line num="108" count="0" type="stmt"/>
        <line num="112" count="0" type="stmt"/>
        <line num="114" count="0" type="stmt"/>
        <line num="115" count="0" type="cond" truecount="0" falsecount="1"/>
        <line num="117" count="0" type="stmt"/>
        <line num="118" count="0" type="cond" truecount="0" falsecount="1"/>
        <line num="119" count="0" type="stmt"/>
        <line num="123" count="3" type="stmt"/>
        <line num="125" count="3" type="stmt"/>
        <line num="127" count="3" type="stmt"/>
        <line num="128" count="2" type="stmt"/>
        <line num="129" count="2" type="cond" truecount="0" falsecount="1"/>
        <line num="130" count="0" type="stmt"/>
        <line num="131" count="0" type="cond" truecount="0" falsecount="1"/>
        <line num="132" count="0" type="stmt"/>
        <line num="137" count="3" type="stmt"/>
        <line num="145" count="6" type="cond" truecount="0" falsecount="1"/>
        <line num="146" count="0" type="stmt"/>
        <line num="148" count="6" type="cond" truecount="0" falsecount="1"/>
        <line num="149" count="0" type="stmt"/>
        <line num="151" count="6" type="cond" truecount="0" falsecount="1"/>
        <line num="152" count="0" type="stmt"/>
        <line num="154" count="6" type="cond" truecount="0" falsecount="1"/>
        <line num="155" count="0" type="stmt"/>
        <line num="157" count="6" type="cond" truecount="2" falsecount="1"/>
        <line num="158" count="0" type="stmt"/>
        <line num="160" count="6" type="cond" truecount="0" falsecount="1"/>
        <line num="161" count="0" type="stmt"/>
        <line num="169" count="6" type="stmt"/>
      </file>
      <file name="DecisaoRepositoryImpl.ts" path="/home/bazari/libervia/libervia/incremento-1/repositorios/implementacao/DecisaoRepositoryImpl.ts">
        <metrics statements="69" coveredstatements="52" conditionals="21" coveredconditionals="7" methods="14" coveredmethods="12"/>
        <line num="1" count="6" type="stmt"/>
        <line num="2" count="6" type="stmt"/>
        <line num="11" count="12" type="stmt"/>
        <line num="18" count="0" type="stmt"/>
        <line num="25" count="15" type="stmt"/>
        <line num="29" count="15" type="stmt"/>
        <line num="39" count="46" type="stmt"/>
        <line num="40" count="46" type="stmt"/>
        <line num="42" count="46" type="stmt"/>
        <line num="45" count="46" type="stmt"/>
        <line num="49" count="46" type="stmt"/>
        <line num="50" count="46" type="stmt"/>
        <line num="51" count="46" type="stmt"/>
        <line num="55" count="46" type="stmt"/>
        <line num="56" count="46" type="stmt"/>
        <line num="57" count="46" type="stmt"/>
        <line num="58" count="46" type="stmt"/>
        <line num="59" count="0" type="stmt"/>
        <line num="60" count="0" type="stmt"/>
        <line num="61" count="0" type="stmt"/>
        <line num="63" count="46" type="stmt"/>
        <line num="67" count="16" type="cond" truecount="0" falsecount="1"/>
        <line num="68" count="0" type="stmt"/>
        <line num="75" count="10" type="stmt"/>
        <line num="76" count="10" type="stmt"/>
        <line num="80" count="11" type="stmt"/>
        <line num="82" count="11" type="cond" truecount="0" falsecount="1"/>
        <line num="83" count="0" type="stmt"/>
        <line num="87" count="11" type="cond" truecount="1" falsecount="0"/>
        <line num="88" count="1" type="stmt"/>
        <line num="91" count="10" type="stmt"/>
        <line num="95" count="10" type="stmt"/>
        <line num="97" count="10" type="stmt"/>
        <line num="98" count="10" type="stmt"/>
        <line num="100" count="10" type="stmt"/>
        <line num="104" count="0" type="stmt"/>
        <line num="106" count="0" type="stmt"/>
        <line num="107" count="0" type="cond" truecount="0" falsecount="1"/>
        <line num="108" count="0" type="stmt"/>
        <line num="112" count="1" type="stmt"/>
        <line num="114" count="1" type="stmt"/>
        <line num="115" count="1" type="cond" truecount="0" falsecount="1"/>
        <line num="117" count="1" type="stmt"/>
        <line num="118" count="1" type="cond" truecount="0" falsecount="1"/>
        <line num="119" count="1" type="stmt"/>
        <line num="123" count="4" type="stmt"/>
        <line num="125" count="4" type="stmt"/>
        <line num="127" count="4" type="stmt"/>
        <line num="128" count="5" type="stmt"/>
        <line num="129" count="5" type="cond" truecount="1" falsecount="0"/>
        <line num="130" count="4" type="stmt"/>
        <line num="131" count="4" type="cond" truecount="1" falsecount="0"/>
        <line num="132" count="4" type="stmt"/>
        <line num="137" count="4" type="stmt"/>
        <line num="145" count="10" type="cond" truecount="0" falsecount="1"/>
        <line num="146" count="0" type="stmt"/>
        <line num="148" count="10" type="cond" truecount="0" falsecount="1"/>
        <line num="149" count="0" type="stmt"/>
        <line num="151" count="10" type="cond" truecount="0" falsecount="1"/>
        <line num="152" count="0" type="stmt"/>
        <line num="154" count="10" type="cond" truecount="2" falsecount="1"/>
        <line num="155" count="0" type="stmt"/>
        <line num="157" count="10" type="cond" truecount="0" falsecount="1"/>
        <line num="158" count="0" type="stmt"/>
        <line num="160" count="10" type="cond" truecount="2" falsecount="1"/>
        <line num="161" count="0" type="stmt"/>
        <line num="163" count="10" type="cond" truecount="0" falsecount="1"/>
        <line num="164" count="0" type="stmt"/>
        <line num="172" count="6" type="stmt"/>
      </file>
      <file name="DecisionProtocolRepositoryImpl.ts" path="/home/bazari/libervia/libervia/incremento-1/repositorios/implementacao/DecisionProtocolRepositoryImpl.ts">
        <metrics statements="84" coveredstatements="55" conditionals="32" coveredconditionals="10" methods="14" coveredmethods="12"/>
        <line num="1" count="5" type="stmt"/>
        <line num="2" count="5" type="stmt"/>
        <line num="4" count="5" type="stmt"/>
        <line num="11" count="17" type="stmt"/>
        <line num="18" count="1" type="stmt"/>
        <line num="25" count="28" type="stmt"/>
        <line num="30" count="27" type="stmt"/>
        <line num="42" count="37" type="stmt"/>
        <line num="43" count="37" type="stmt"/>
        <line num="45" count="37" type="stmt"/>
        <line num="48" count="37" type="stmt"/>
        <line num="52" count="37" type="stmt"/>
        <line num="53" count="37" type="stmt"/>
        <line num="54" count="37" type="stmt"/>
        <line num="58" count="37" type="stmt"/>
        <line num="59" count="37" type="stmt"/>
        <line num="60" count="37" type="stmt"/>
        <line num="61" count="37" type="stmt"/>
        <line num="62" count="1" type="stmt"/>
        <line num="63" count="1" type="stmt"/>
        <line num="64" count="1" type="stmt"/>
        <line num="66" count="37" type="stmt"/>
        <line num="70" count="46" type="cond" truecount="0" falsecount="1"/>
        <line num="71" count="0" type="stmt"/>
        <line num="78" count="17" type="stmt"/>
        <line num="79" count="17" type="stmt"/>
        <line num="83" count="17" type="stmt"/>
        <line num="85" count="17" type="cond" truecount="0" falsecount="1"/>
        <line num="86" count="0" type="stmt"/>
        <line num="90" count="17" type="cond" truecount="0" falsecount="1"/>
        <line num="91" count="0" type="stmt"/>
        <line num="94" count="17" type="stmt"/>
        <line num="97" count="17" type="stmt"/>
        <line num="99" count="17" type="stmt"/>
        <line num="100" count="17" type="stmt"/>
        <line num="102" count="17" type="stmt"/>
        <line num="106" count="0" type="stmt"/>
        <line num="108" count="0" type="stmt"/>
        <line num="109" count="0" type="cond" truecount="0" falsecount="1"/>
        <line num="110" count="0" type="stmt"/>
        <line num="114" count="29" type="stmt"/>
        <line num="116" count="29" type="stmt"/>
        <line num="117" count="29" type="cond" truecount="1" falsecount="0"/>
        <line num="119" count="11" type="stmt"/>
        <line num="120" count="11" type="cond" truecount="0" falsecount="1"/>
        <line num="121" count="11" type="stmt"/>
        <line num="125" count="0" type="stmt"/>
        <line num="127" count="0" type="stmt"/>
        <line num="129" count="0" type="stmt"/>
        <line num="130" count="0" type="stmt"/>
        <line num="131" count="0" type="cond" truecount="0" falsecount="1"/>
        <line num="132" count="0" type="stmt"/>
        <line num="133" count="0" type="cond" truecount="0" falsecount="1"/>
        <line num="134" count="0" type="stmt"/>
        <line num="139" count="0" type="stmt"/>
        <line num="148" count="17" type="cond" truecount="0" falsecount="1"/>
        <line num="149" count="0" type="stmt"/>
        <line num="151" count="17" type="cond" truecount="0" falsecount="1"/>
        <line num="152" count="0" type="stmt"/>
        <line num="154" count="17" type="cond" truecount="0" falsecount="1"/>
        <line num="155" count="0" type="stmt"/>
        <line num="157" count="17" type="cond" truecount="0" falsecount="1"/>
        <line num="158" count="0" type="stmt"/>
        <line num="160" count="17" type="cond" truecount="0" falsecount="1"/>
        <line num="161" count="0" type="stmt"/>
        <line num="166" count="17" type="cond" truecount="1" falsecount="0"/>
        <line num="167" count="7" type="cond" truecount="0" falsecount="1"/>
        <line num="168" count="0" type="stmt"/>
        <line num="170" count="7" type="stmt"/>
        <line num="174" count="10" type="cond" truecount="2" falsecount="1"/>
        <line num="175" count="0" type="stmt"/>
        <line num="177" count="10" type="cond" truecount="2" falsecount="1"/>
        <line num="178" count="0" type="stmt"/>
        <line num="180" count="10" type="cond" truecount="2" falsecount="1"/>
        <line num="181" count="0" type="stmt"/>
        <line num="183" count="10" type="cond" truecount="0" falsecount="1"/>
        <line num="184" count="0" type="stmt"/>
        <line num="186" count="10" type="cond" truecount="2" falsecount="1"/>
        <line num="187" count="0" type="stmt"/>
        <line num="189" count="10" type="cond" truecount="0" falsecount="1"/>
        <line num="190" count="0" type="stmt"/>
        <line num="192" count="10" type="cond" truecount="0" falsecount="1"/>
        <line num="193" count="0" type="stmt"/>
        <line num="201" count="5" type="stmt"/>
      </file>
      <file name="EpisodioRepositoryImpl.ts" path="/home/bazari/libervia/libervia/incremento-1/repositorios/implementacao/EpisodioRepositoryImpl.ts">
        <metrics statements="188" coveredstatements="175" conditionals="84" coveredconditionals="63" methods="34" coveredmethods="32"/>
        <line num="1" count="6" type="stmt"/>
        <line num="2" count="6" type="stmt"/>
        <line num="4" count="6" type="stmt"/>
        <line num="15" count="133097" type="stmt"/>
        <line num="25" count="4" type="stmt"/>
        <line num="35" count="982" type="stmt"/>
        <line num="48" count="6" type="stmt"/>
        <line num="65" count="22" type="cond" truecount="1" falsecount="0"/>
        <line num="66" count="2" type="stmt"/>
        <line num="67" count="2" type="cond" truecount="0" falsecount="1"/>
        <line num="68" count="2" type="stmt"/>
        <line num="69" count="2" type="stmt"/>
        <line num="70" count="2" type="cond" truecount="2" falsecount="1"/>
        <line num="71" count="2" type="stmt"/>
        <line num="75" count="6" type="stmt"/>
        <line num="86" count="71" type="stmt"/>
        <line num="89" count="71" type="stmt"/>
        <line num="92" count="71" type="stmt"/>
        <line num="96" count="71" type="stmt"/>
        <line num="100" count="71" type="stmt"/>
        <line num="101" count="284" type="stmt"/>
        <line num="109" count="71" type="stmt"/>
        <line num="110" count="71" type="stmt"/>
        <line num="111" count="71" type="stmt"/>
        <line num="112" count="71" type="stmt"/>
        <line num="115" count="71" type="stmt"/>
        <line num="116" count="284" type="stmt"/>
        <line num="125" count="765" type="cond" truecount="1" falsecount="0"/>
        <line num="126" count="63" type="stmt"/>
        <line num="128" count="765" type="stmt"/>
        <line num="131" count="765" type="stmt"/>
        <line num="134" count="765" type="stmt"/>
        <line num="135" count="765" type="cond" truecount="1" falsecount="0"/>
        <line num="136" count="64" type="stmt"/>
        <line num="138" count="765" type="stmt"/>
        <line num="141" count="765" type="stmt"/>
        <line num="149" count="11" type="stmt"/>
        <line num="152" count="11" type="stmt"/>
        <line num="160" count="832" type="stmt"/>
        <line num="161" count="134283" type="stmt"/>
        <line num="162" count="134283" type="cond" truecount="1" falsecount="0"/>
        <line num="163" count="566" type="stmt"/>
        <line num="171" count="9" type="stmt"/>
        <line num="178" count="8" type="cond" truecount="1" falsecount="1"/>
        <line num="186" count="6" type="stmt"/>
        <line num="187" count="6" type="stmt"/>
        <line num="189" count="6" type="stmt"/>
        <line num="190" count="15" type="cond" truecount="1" falsecount="0"/>
        <line num="191" count="7" type="stmt"/>
        <line num="192" count="135" type="stmt"/>
        <line num="197" count="6" type="stmt"/>
        <line num="205" count="22" type="stmt"/>
        <line num="207" count="22" type="cond" truecount="1" falsecount="0"/>
        <line num="209" count="2" type="stmt"/>
        <line num="210" count="10" type="cond" truecount="3" falsecount="0"/>
        <line num="214" count="734" type="stmt"/>
        <line num="221" count="0" type="stmt"/>
        <line num="244" count="71" type="stmt"/>
        <line num="246" count="71" type="stmt"/>
        <line num="249" count="71" type="stmt"/>
        <line num="252" count="71" type="stmt"/>
        <line num="255" count="71" type="stmt"/>
        <line num="259" count="71" type="stmt"/>
        <line num="260" count="71" type="stmt"/>
        <line num="261" count="71" type="stmt"/>
        <line num="265" count="71" type="stmt"/>
        <line num="266" count="71" type="stmt"/>
        <line num="267" count="71" type="stmt"/>
        <line num="269" count="71" type="stmt"/>
        <line num="270" count="4" type="stmt"/>
        <line num="271" count="4" type="stmt"/>
        <line num="273" count="4" type="stmt"/>
        <line num="277" count="71" type="stmt"/>
        <line num="279" count="71" type="stmt"/>
        <line num="283" count="843" type="cond" truecount="0" falsecount="1"/>
        <line num="284" count="0" type="stmt"/>
        <line num="291" count="772" type="stmt"/>
        <line num="292" count="772" type="stmt"/>
        <line num="296" count="761" type="stmt"/>
        <line num="298" count="761" type="cond" truecount="0" falsecount="1"/>
        <line num="299" count="0" type="stmt"/>
        <line num="302" count="761" type="stmt"/>
        <line num="305" count="761" type="stmt"/>
        <line num="307" count="761" type="stmt"/>
        <line num="310" count="761" type="stmt"/>
        <line num="311" count="761" type="stmt"/>
        <line num="313" count="761" type="stmt"/>
        <line num="317" count="40" type="stmt"/>
        <line num="319" count="40" type="stmt"/>
        <line num="320" count="40" type="cond" truecount="0" falsecount="1"/>
        <line num="321" count="40" type="stmt"/>
        <line num="328" count="1" type="stmt"/>
        <line num="330" count="1" type="stmt"/>
        <line num="332" count="1" type="stmt"/>
        <line num="333" count="3" type="stmt"/>
        <line num="334" count="3" type="cond" truecount="1" falsecount="0"/>
        <line num="335" count="2" type="stmt"/>
        <line num="339" count="1" type="stmt"/>
        <line num="343" count="13" type="stmt"/>
        <line num="345" count="13" type="stmt"/>
        <line num="347" count="13" type="cond" truecount="0" falsecount="1"/>
        <line num="348" count="0" type="stmt"/>
        <line num="352" count="13" type="cond" truecount="0" falsecount="1"/>
        <line num="353" count="0" type="stmt"/>
        <line num="357" count="13" type="stmt"/>
        <line num="358" count="13" type="cond" truecount="1" falsecount="0"/>
        <line num="359" count="2" type="stmt"/>
        <line num="362" count="11" type="stmt"/>
        <line num="363" count="11" type="stmt"/>
        <line num="366" count="11" type="stmt"/>
        <line num="367" count="11" type="cond" truecount="3" falsecount="0"/>
        <line num="369" count="7" type="stmt"/>
        <line num="370" count="7" type="stmt"/>
        <line num="372" count="2" type="stmt"/>
        <line num="373" count="2" type="stmt"/>
        <line num="375" count="2" type="stmt"/>
        <line num="376" count="2" type="stmt"/>
        <line num="380" count="11" type="stmt"/>
        <line num="382" count="11" type="stmt"/>
        <line num="395" count="28" type="stmt"/>
        <line num="398" count="28" type="stmt"/>
        <line num="412" count="28" type="stmt"/>
        <line num="415" count="28" type="cond" truecount="1" falsecount="0"/>
        <line num="416" count="9" type="stmt"/>
        <line num="417" count="9" type="stmt"/>
        <line num="418" count="9" type="cond" truecount="3" falsecount="0"/>
        <line num="419" count="3" type="stmt"/>
        <line num="420" count="3" type="stmt"/>
        <line num="422" count="6" type="stmt"/>
        <line num="426" count="25" type="cond" truecount="1" falsecount="0"/>
        <line num="427" count="8" type="stmt"/>
        <line num="428" count="8" type="stmt"/>
        <line num="429" count="8" type="cond" truecount="1" falsecount="0"/>
        <line num="430" count="2" type="stmt"/>
        <line num="431" count="2" type="stmt"/>
        <line num="433" count="6" type="cond" truecount="2" falsecount="0"/>
        <line num="434" count="4" type="stmt"/>
        <line num="437" count="103" type="stmt"/>
        <line num="438" count="2" type="cond" truecount="0" falsecount="1"/>
        <line num="439" count="0" type="stmt"/>
        <line num="440" count="0" type="stmt"/>
        <line num="446" count="23" type="cond" truecount="1" falsecount="0"/>
        <line num="447" count="6" type="stmt"/>
        <line num="448" count="6" type="stmt"/>
        <line num="449" count="6" type="cond" truecount="0" falsecount="1"/>
        <line num="450" count="0" type="stmt"/>
        <line num="451" count="0" type="stmt"/>
        <line num="453" count="6" type="cond" truecount="2" falsecount="0"/>
        <line num="454" count="3" type="stmt"/>
        <line num="457" count="53" type="stmt"/>
        <line num="458" count="3" type="cond" truecount="1" falsecount="0"/>
        <line num="459" count="1" type="stmt"/>
        <line num="460" count="1" type="stmt"/>
        <line num="466" count="22" type="cond" truecount="2" falsecount="0"/>
        <line num="472" count="22" type="stmt"/>
        <line num="473" count="22" type="cond" truecount="2" falsecount="0"/>
        <line num="477" count="22" type="cond" truecount="2" falsecount="0"/>
        <line num="478" count="529" type="stmt"/>
        <line num="480" count="10" type="stmt"/>
        <line num="484" count="22" type="stmt"/>
        <line num="490" count="22" type="stmt"/>
        <line num="492" count="22" type="stmt"/>
        <line num="493" count="247" type="stmt"/>
        <line num="494" count="247" type="cond" truecount="0" falsecount="1"/>
        <line num="497" count="247" type="cond" truecount="1" falsecount="0"/>
        <line num="498" count="6" type="stmt"/>
        <line num="499" count="6" type="cond" truecount="1" falsecount="0"/>
        <line num="500" count="2" type="stmt"/>
        <line num="505" count="245" type="cond" truecount="1" falsecount="0"/>
        <line num="506" count="5" type="stmt"/>
        <line num="507" count="5" type="cond" truecount="1" falsecount="0"/>
        <line num="508" count="2" type="stmt"/>
        <line num="512" count="243" type="stmt"/>
        <line num="522" count="22" type="cond" truecount="2" falsecount="0"/>
        <line num="523" count="22" type="stmt"/>
        <line num="524" count="22" type="stmt"/>
        <line num="527" count="22" type="stmt"/>
        <line num="533" count="22" type="stmt"/>
        <line num="544" count="761" type="cond" truecount="0" falsecount="1"/>
        <line num="545" count="0" type="stmt"/>
        <line num="547" count="761" type="cond" truecount="2" falsecount="1"/>
        <line num="548" count="0" type="stmt"/>
        <line num="550" count="761" type="cond" truecount="0" falsecount="1"/>
        <line num="551" count="0" type="stmt"/>
        <line num="553" count="761" type="cond" truecount="0" falsecount="1"/>
        <line num="554" count="0" type="stmt"/>
        <line num="568" count="2" type="cond" truecount="1" falsecount="1"/>
        <line num="574" count="6" type="stmt"/>
      </file>
      <file name="SituacaoRepositoryImpl.ts" path="/home/bazari/libervia/libervia/incremento-1/repositorios/implementacao/SituacaoRepositoryImpl.ts">
        <metrics statements="84" coveredstatements="63" conditionals="40" coveredconditionals="17" methods="18" coveredmethods="16"/>
        <line num="1" count="5" type="stmt"/>
        <line num="2" count="5" type="stmt"/>
        <line num="4" count="5" type="stmt"/>
        <line num="15" count="123" type="stmt"/>
        <line num="18" count="4" type="cond" truecount="1" falsecount="1"/>
        <line num="26" count="0" type="stmt"/>
        <line num="29" count="0" type="cond" truecount="0" falsecount="2"/>
        <line num="37" count="102" type="stmt"/>
        <line num="41" count="204" type="stmt"/>
        <line num="45" count="102" type="stmt"/>
        <line num="46" count="3" type="cond" truecount="1" falsecount="1"/>
        <line num="57" count="5" type="stmt"/>
        <line num="73" count="45" type="stmt"/>
        <line num="75" count="45" type="stmt"/>
        <line num="82" count="45" type="stmt"/>
        <line num="90" count="45" type="stmt"/>
        <line num="91" count="45" type="stmt"/>
        <line num="92" count="45" type="stmt"/>
        <line num="96" count="45" type="stmt"/>
        <line num="97" count="45" type="stmt"/>
        <line num="98" count="45" type="stmt"/>
        <line num="99" count="0" type="stmt"/>
        <line num="100" count="0" type="stmt"/>
        <line num="102" count="45" type="stmt"/>
        <line num="106" count="217" type="cond" truecount="0" falsecount="1"/>
        <line num="107" count="0" type="stmt"/>
        <line num="114" count="119" type="stmt"/>
        <line num="115" count="119" type="stmt"/>
        <line num="119" count="30" type="stmt"/>
        <line num="121" count="30" type="cond" truecount="0" falsecount="1"/>
        <line num="122" count="0" type="stmt"/>
        <line num="125" count="30" type="stmt"/>
        <line num="128" count="30" type="stmt"/>
        <line num="130" count="30" type="stmt"/>
        <line num="131" count="30" type="stmt"/>
        <line num="135" count="96" type="stmt"/>
        <line num="137" count="96" type="stmt"/>
        <line num="138" count="96" type="cond" truecount="1" falsecount="0"/>
        <line num="141" count="72" type="stmt"/>
        <line num="145" count="86" type="stmt"/>
        <line num="147" count="86" type="stmt"/>
        <line num="149" count="86" type="cond" truecount="0" falsecount="1"/>
        <line num="150" count="0" type="stmt"/>
        <line num="154" count="86" type="cond" truecount="2" falsecount="1"/>
        <line num="156" count="0" type="stmt"/>
        <line num="160" count="86" type="stmt"/>
        <line num="161" count="86" type="cond" truecount="1" falsecount="0"/>
        <line num="162" count="1" type="stmt"/>
        <line num="165" count="85" type="stmt"/>
        <line num="166" count="85" type="stmt"/>
        <line num="170" count="5" type="stmt"/>
        <line num="172" count="5" type="stmt"/>
        <line num="174" count="5" type="cond" truecount="0" falsecount="1"/>
        <line num="175" count="0" type="stmt"/>
        <line num="179" count="5" type="cond" truecount="1" falsecount="0"/>
        <line num="180" count="1" type="stmt"/>
        <line num="187" count="4" type="cond" truecount="2" falsecount="1"/>
        <line num="188" count="0" type="stmt"/>
        <line num="192" count="4" type="stmt"/>
        <line num="198" count="4" type="cond" truecount="0" falsecount="1"/>
        <line num="199" count="0" type="stmt"/>
        <line num="202" count="4" type="stmt"/>
        <line num="203" count="4" type="stmt"/>
        <line num="211" count="30" type="cond" truecount="0" falsecount="1"/>
        <line num="212" count="0" type="stmt"/>
        <line num="214" count="30" type="cond" truecount="0" falsecount="1"/>
        <line num="215" count="0" type="stmt"/>
        <line num="217" count="30" type="cond" truecount="0" falsecount="1"/>
        <line num="218" count="0" type="stmt"/>
        <line num="220" count="30" type="cond" truecount="0" falsecount="1"/>
        <line num="221" count="0" type="stmt"/>
        <line num="223" count="30" type="cond" truecount="2" falsecount="1"/>
        <line num="224" count="0" type="stmt"/>
        <line num="226" count="30" type="cond" truecount="2" falsecount="1"/>
        <line num="227" count="0" type="stmt"/>
        <line num="229" count="30" type="cond" truecount="2" falsecount="1"/>
        <line num="230" count="0" type="stmt"/>
        <line num="232" count="30" type="cond" truecount="0" falsecount="1"/>
        <line num="233" count="0" type="stmt"/>
        <line num="235" count="30" type="cond" truecount="0" falsecount="1"/>
        <line num="236" count="0" type="stmt"/>
        <line num="238" count="30" type="cond" truecount="2" falsecount="1"/>
        <line num="239" count="0" type="stmt"/>
        <line num="244" count="5" type="stmt"/>
      </file>
    </package>
    <package name="scripts">
      <metrics statements="208" coveredstatements="0" conditionals="55" coveredconditionals="0" methods="16" coveredmethods="0"/>
      <file name="validate_inc4_3.ts" path="/home/bazari/libervia/libervia/incremento-1/scripts/validate_inc4_3.ts">
        <metrics statements="208" coveredstatements="0" conditionals="55" coveredconditionals="0" methods="16" coveredmethods="0"/>
        <line num="10" count="0" type="stmt"/>
        <line num="11" count="0" type="stmt"/>
        <line num="14" count="0" type="stmt"/>
        <line num="15" count="0" type="stmt"/>
        <line num="16" count="0" type="stmt"/>
        <line num="17" count="0" type="stmt"/>
        <line num="18" count="0" type="stmt"/>
        <line num="19" count="0" type="stmt"/>
        <line num="20" count="0" type="stmt"/>
        <line num="21" count="0" type="stmt"/>
        <line num="22" count="0" type="stmt"/>
        <line num="23" count="0" type="stmt"/>
        <line num="29" count="0" type="cond" truecount="0" falsecount="2"/>
        <line num="30" count="0" type="stmt"/>
        <line num="31" count="0" type="stmt"/>
        <line num="44" count="0" type="stmt"/>
        <line num="45" count="0" type="stmt"/>
        <line num="46" count="0" type="stmt"/>
        <line num="49" count="0" type="stmt"/>
        <line num="53" count="0" type="stmt"/>
        <line num="54" count="0" type="cond" truecount="0" falsecount="2"/>
        <line num="55" count="0" type="cond" truecount="0" falsecount="4"/>
        <line num="63" count="0" type="stmt"/>
        <line num="64" count="0" type="stmt"/>
        <line num="71" count="0" type="stmt"/>
        <line num="72" count="0" type="stmt"/>
        <line num="73" count="0" type="stmt"/>
        <line num="74" count="0" type="cond" truecount="0" falsecount="2"/>
        <line num="76" count="0" type="stmt"/>
        <line num="81" count="0" type="stmt"/>
        <line num="82" count="0" type="stmt"/>
        <line num="84" count="0" type="stmt"/>
        <line num="85" count="0" type="stmt"/>
        <line num="87" count="0" type="stmt"/>
        <line num="88" count="0" type="stmt"/>
        <line num="99" count="0" type="stmt"/>
        <line num="107" count="0" type="stmt"/>
        <line num="108" count="0" type="stmt"/>
        <line num="109" count="0" type="stmt"/>
        <line num="112" count="0" type="stmt"/>
        <line num="113" count="0" type="stmt"/>
        <line num="115" count="0" type="stmt"/>
        <line num="120" count="0" type="stmt"/>
        <line num="123" count="0" type="stmt"/>
        <line num="124" count="0" type="stmt"/>
        <line num="125" count="0" type="stmt"/>
        <line num="127" count="0" type="stmt"/>
        <line num="128" count="0" type="stmt"/>
        <line num="136" count="0" type="cond" truecount="0" falsecount="1"/>
        <line num="137" count="0" type="stmt"/>
        <line num="141" count="0" type="stmt"/>
        <line num="142" count="0" type="stmt"/>
        <line num="143" count="0" type="stmt"/>
        <line num="145" count="0" type="stmt"/>
        <line num="151" count="0" type="stmt"/>
        <line num="152" count="0" type="stmt"/>
        <line num="153" count="0" type="stmt"/>
        <line num="156" count="0" type="stmt"/>
        <line num="157" count="0" type="stmt"/>
        <line num="158" count="0" type="stmt"/>
        <line num="164" count="0" type="stmt"/>
        <line num="165" count="0" type="stmt"/>
        <line num="171" count="0" type="stmt"/>
        <line num="172" count="0" type="stmt"/>
        <line num="178" count="0" type="stmt"/>
        <line num="179" count="0" type="stmt"/>
        <line num="184" count="0" type="stmt"/>
        <line num="185" count="0" type="stmt"/>
        <line num="190" count="0" type="stmt"/>
        <line num="191" count="0" type="stmt"/>
        <line num="197" count="0" type="stmt"/>
        <line num="198" count="0" type="stmt"/>
        <line num="199" count="0" type="cond" truecount="0" falsecount="2"/>
        <line num="201" count="0" type="stmt"/>
        <line num="202" count="0" type="stmt"/>
        <line num="204" count="0" type="stmt"/>
        <line num="215" count="0" type="stmt"/>
        <line num="216" count="0" type="stmt"/>
        <line num="217" count="0" type="stmt"/>
        <line num="220" count="0" type="stmt"/>
        <line num="223" count="0" type="stmt"/>
        <line num="229" count="0" type="stmt"/>
        <line num="230" count="0" type="stmt"/>
        <line num="231" count="0" type="stmt"/>
        <line num="233" count="0" type="cond" truecount="0" falsecount="1"/>
        <line num="234" count="0" type="stmt"/>
        <line num="235" count="0" type="stmt"/>
        <line num="237" count="0" type="stmt"/>
        <line num="238" count="0" type="stmt"/>
        <line num="246" count="0" type="cond" truecount="0" falsecount="1"/>
        <line num="247" count="0" type="stmt"/>
        <line num="251" count="0" type="stmt"/>
        <line num="252" count="0" type="stmt"/>
        <line num="255" count="0" type="stmt"/>
        <line num="256" count="0" type="stmt"/>
        <line num="257" count="0" type="stmt"/>
        <line num="263" count="0" type="stmt"/>
        <line num="264" count="0" type="stmt"/>
        <line num="266" count="0" type="stmt"/>
        <line num="267" count="0" type="stmt"/>
        <line num="269" count="0" type="cond" truecount="0" falsecount="2"/>
        <line num="271" count="0" type="stmt"/>
        <line num="278" count="0" type="stmt"/>
        <line num="279" count="0" type="stmt"/>
        <line num="283" count="0" type="cond" truecount="0" falsecount="5"/>
        <line num="287" count="0" type="stmt"/>
        <line num="293" count="0" type="stmt"/>
        <line num="294" count="0" type="stmt"/>
        <line num="295" count="0" type="stmt"/>
        <line num="300" count="0" type="stmt"/>
        <line num="301" count="0" type="stmt"/>
        <line num="312" count="0" type="stmt"/>
        <line num="313" count="0" type="stmt"/>
        <line num="314" count="0" type="stmt"/>
        <line num="317" count="0" type="stmt"/>
        <line num="318" count="0" type="stmt"/>
        <line num="320" count="0" type="stmt"/>
        <line num="322" count="0" type="stmt"/>
        <line num="323" count="0" type="stmt"/>
        <line num="324" count="0" type="stmt"/>
        <line num="325" count="0" type="stmt"/>
        <line num="326" count="0" type="stmt"/>
        <line num="327" count="0" type="stmt"/>
        <line num="328" count="0" type="stmt"/>
        <line num="333" count="0" type="stmt"/>
        <line num="336" count="0" type="stmt"/>
        <line num="337" count="0" type="stmt"/>
        <line num="347" count="0" type="stmt"/>
        <line num="349" count="0" type="stmt"/>
        <line num="350" count="0" type="stmt"/>
        <line num="355" count="0" type="stmt"/>
        <line num="356" count="0" type="stmt"/>
        <line num="362" count="0" type="stmt"/>
        <line num="365" count="0" type="stmt"/>
        <line num="383" count="0" type="stmt"/>
        <line num="384" count="0" type="stmt"/>
        <line num="390" count="0" type="stmt"/>
        <line num="391" count="0" type="cond" truecount="0" falsecount="2"/>
        <line num="392" count="0" type="stmt"/>
        <line num="396" count="0" type="stmt"/>
        <line num="401" count="0" type="stmt"/>
        <line num="408" count="0" type="stmt"/>
        <line num="416" count="0" type="stmt"/>
        <line num="422" count="0" type="stmt"/>
        <line num="429" count="0" type="stmt"/>
        <line num="435" count="0" type="stmt"/>
        <line num="436" count="0" type="stmt"/>
        <line num="437" count="0" type="stmt"/>
        <line num="442" count="0" type="stmt"/>
        <line num="443" count="0" type="stmt"/>
        <line num="449" count="0" type="stmt"/>
        <line num="451" count="0" type="cond" truecount="0" falsecount="2"/>
        <line num="452" count="0" type="stmt"/>
        <line num="453" count="0" type="stmt"/>
        <line num="454" count="0" type="stmt"/>
        <line num="459" count="0" type="stmt"/>
        <line num="462" count="0" type="cond" truecount="0" falsecount="2"/>
        <line num="463" count="0" type="stmt"/>
        <line num="464" count="0" type="stmt"/>
        <line num="469" count="0" type="stmt"/>
        <line num="473" count="0" type="stmt"/>
        <line num="474" count="0" type="stmt"/>
        <line num="485" count="0" type="stmt"/>
        <line num="486" count="0" type="stmt"/>
        <line num="487" count="0" type="stmt"/>
        <line num="489" count="0" type="stmt"/>
        <line num="490" count="0" type="stmt"/>
        <line num="492" count="0" type="stmt"/>
        <line num="493" count="0" type="stmt"/>
        <line num="494" count="0" type="stmt"/>
        <line num="495" count="0" type="stmt"/>
        <line num="496" count="0" type="stmt"/>
        <line num="497" count="0" type="stmt"/>
        <line num="498" count="0" type="stmt"/>
        <line num="500" count="0" type="stmt"/>
        <line num="501" count="0" type="stmt"/>
        <line num="502" count="0" type="stmt"/>
        <line num="503" count="0" type="stmt"/>
        <line num="504" count="0" type="stmt"/>
        <line num="505" count="0" type="cond" truecount="0" falsecount="2"/>
        <line num="506" count="0" type="cond" truecount="0" falsecount="4"/>
        <line num="507" count="0" type="stmt"/>
        <line num="510" count="0" type="cond" truecount="0" falsecount="1"/>
        <line num="511" count="0" type="stmt"/>
        <line num="512" count="0" type="stmt"/>
        <line num="513" count="0" type="cond" truecount="0" falsecount="3"/>
        <line num="517" count="0" type="stmt"/>
        <line num="518" count="0" type="stmt"/>
        <line num="519" count="0" type="stmt"/>
        <line num="520" count="0" type="stmt"/>
        <line num="521" count="0" type="stmt"/>
        <line num="523" count="0" type="stmt"/>
        <line num="524" count="0" type="cond" truecount="0" falsecount="2"/>
        <line num="525" count="0" type="stmt"/>
        <line num="533" count="0" type="stmt"/>
        <line num="534" count="0" type="stmt"/>
        <line num="535" count="0" type="stmt"/>
        <line num="536" count="0" type="stmt"/>
        <line num="537" count="0" type="stmt"/>
        <line num="539" count="0" type="stmt"/>
        <line num="540" count="0" type="stmt"/>
        <line num="541" count="0" type="stmt"/>
        <line num="542" count="0" type="stmt"/>
        <line num="544" count="0" type="stmt"/>
        <line num="545" count="0" type="stmt"/>
        <line num="548" count="0" type="stmt"/>
        <line num="550" count="0" type="stmt"/>
        <line num="553" count="0" type="stmt"/>
      </file>
    </package>
    <package name="servicos">
      <metrics statements="26" coveredstatements="23" conditionals="9" coveredconditionals="6" methods="3" coveredmethods="3"/>
      <file name="MemoryQueryService.ts" path="/home/bazari/libervia/libervia/incremento-1/servicos/MemoryQueryService.ts">
        <metrics statements="26" coveredstatements="23" conditionals="9" coveredconditionals="6" methods="3" coveredmethods="3"/>
        <line num="23" count="43" type="stmt"/>
        <line num="24" count="43" type="stmt"/>
        <line num="25" count="43" type="stmt"/>
        <line num="31" count="3" type="stmt"/>
        <line num="34" count="3" type="stmt"/>
        <line num="37" count="3" type="stmt"/>
        <line num="38" count="3" type="stmt"/>
        <line num="41" count="3" type="stmt"/>
        <line num="43" count="3" type="stmt"/>
        <line num="44" count="2" type="stmt"/>
        <line num="54" count="2" type="stmt"/>
        <line num="55" count="2" type="cond" truecount="1" falsecount="1"/>
        <line num="57" count="2" type="cond" truecount="3" falsecount="0"/>
        <line num="58" count="1" type="stmt"/>
        <line num="61" count="1" type="stmt"/>
        <line num="62" count="1" type="stmt"/>
        <line num="63" count="1" type="stmt"/>
        <line num="64" count="1" type="stmt"/>
        <line num="67" count="0" type="cond" truecount="0" falsecount="1"/>
        <line num="68" count="0" type="stmt"/>
        <line num="73" count="1" type="stmt"/>
        <line num="74" count="1" type="cond" truecount="0" falsecount="1"/>
        <line num="75" count="0" type="stmt"/>
        <line num="78" count="1" type="stmt"/>
        <line num="81" count="3" type="stmt"/>
        <line num="99" count="6" type="stmt"/>
      </file>
    </package>
    <package name="utilitarios">
      <metrics statements="32" coveredstatements="28" conditionals="4" coveredconditionals="3" methods="10" coveredmethods="8"/>
      <file name="HashUtil.ts" path="/home/bazari/libervia/libervia/incremento-1/utilitarios/HashUtil.ts">
        <metrics statements="7" coveredstatements="7" conditionals="2" coveredconditionals="2" methods="3" coveredmethods="3"/>
        <line num="1" count="4" type="stmt"/>
        <line num="12" count="680" type="stmt"/>
        <line num="38" count="409" type="stmt"/>
        <line num="48" count="409" type="stmt"/>
        <line num="56" count="271" type="stmt"/>
        <line num="57" count="271" type="stmt"/>
        <line num="60" count="4" type="stmt"/>
      </file>
      <file name="JsonFileStore.ts" path="/home/bazari/libervia/libervia/incremento-1/utilitarios/JsonFileStore.ts">
        <metrics statements="25" coveredstatements="21" conditionals="2" coveredconditionals="1" methods="7" coveredmethods="5"/>
        <line num="1" count="6" type="stmt"/>
        <line num="2" count="6" type="stmt"/>
        <line num="11" count="245" type="stmt"/>
        <line num="13" count="245" type="stmt"/>
        <line num="21" count="245" type="stmt"/>
        <line num="23" count="245" type="stmt"/>
        <line num="25" count="245" type="stmt"/>
        <line num="26" count="4" type="stmt"/>
        <line num="28" count="241" type="cond" truecount="1" falsecount="0"/>
        <line num="30" count="241" type="stmt"/>
        <line num="31" count="241" type="stmt"/>
        <line num="32" count="241" type="cond" truecount="0" falsecount="1"/>
        <line num="34" count="0" type="stmt"/>
        <line num="35" count="0" type="stmt"/>
        <line num="36" count="0" type="stmt"/>
        <line num="41" count="241" type="stmt"/>
        <line num="43" count="0" type="stmt"/>
        <line num="54" count="924" type="stmt"/>
        <line num="55" count="924" type="stmt"/>
        <line num="58" count="924" type="stmt"/>
        <line num="59" count="924" type="stmt"/>
        <line num="60" count="924" type="stmt"/>
        <line num="61" count="924" type="stmt"/>
        <line num="64" count="924" type="stmt"/>
        <line num="68" count="6" type="stmt"/>
      </file>
    </package>
  </project>
</coverage>
