{"/home/bazari/libervia/libervia/incremento-1/entidades/tipos.ts": {"path":"/home/bazari/libervia/libervia/incremento-1/entidades/tipos.ts","statementMap":{"0":{"start":{"line":5,"column":0},"end":{"line":5,"column":null}},"1":{"start":{"line":6,"column":2},"end":{"line":6,"column":null}},"2":{"start":{"line":7,"column":2},"end":{"line":7,"column":null}},"3":{"start":{"line":8,"column":2},"end":{"line":8,"column":null}},"4":{"start":{"line":9,"column":2},"end":{"line":9,"column":null}},"5":{"start":{"line":10,"column":2},"end":{"line":10,"column":null}},"6":{"start":{"line":11,"column":2},"end":{"line":11,"column":null}},"7":{"start":{"line":12,"column":2},"end":{"line":12,"column":null}},"8":{"start":{"line":13,"column":2},"end":{"line":13,"column":null}},"9":{"start":{"line":16,"column":0},"end":{"line":16,"column":null}},"10":{"start":{"line":17,"column":2},"end":{"line":17,"column":null}},"11":{"start":{"line":18,"column":2},"end":{"line":18,"column":null}},"12":{"start":{"line":19,"column":2},"end":{"line":19,"column":null}},"13":{"start":{"line":20,"column":2},"end":{"line":20,"column":null}},"14":{"start":{"line":23,"column":0},"end":{"line":23,"column":null}},"15":{"start":{"line":24,"column":2},"end":{"line":24,"column":null}},"16":{"start":{"line":25,"column":2},"end":{"line":25,"column":null}},"17":{"start":{"line":26,"column":2},"end":{"line":26,"column":null}},"18":{"start":{"line":30,"column":0},"end":{"line":30,"column":null}},"19":{"start":{"line":31,"column":2},"end":{"line":31,"column":null}},"20":{"start":{"line":32,"column":2},"end":{"line":32,"column":null}},"21":{"start":{"line":33,"column":2},"end":{"line":33,"column":null}}},"fnMap":{"0":{"name":"(anonymous_0)","decl":{"start":{"line":5,"column":0},"end":{"line":5,"column":5}},"loc":{"start":{"line":5,"column":19},"end":{"line":14,"column":1}}},"1":{"name":"(anonymous_1)","decl":{"start":{"line":16,"column":0},"end":{"line":16,"column":5}},"loc":{"start":{"line":16,"column":19},"end":{"line":21,"column":1}}},"2":{"name":"(anonymous_2)","decl":{"start":{"line":23,"column":0},"end":{"line":23,"column":5}},"loc":{"start":{"line":23,"column":16},"end":{"line":27,"column":1}}},"3":{"name":"(anonymous_3)","decl":{"start":{"line":30,"column":0},"end":{"line":30,"column":5}},"loc":{"start":{"line":30,"column":20},"end":{"line":34,"column":1}}}},"branchMap":{"0":{"loc":{"start":{"line":5,"column":5},"end":{"line":5,"column":null}},"type":"binary-expr","locations":[{"start":{"line":5,"column":5},"end":{"line":5,"column":19}},{"start":{"line":5,"column":19},"end":{"line":5,"column":null}}]},"1":{"loc":{"start":{"line":16,"column":5},"end":{"line":16,"column":null}},"type":"binary-expr","locations":[{"start":{"line":16,"column":5},"end":{"line":16,"column":19}},{"start":{"line":16,"column":19},"end":{"line":16,"column":null}}]},"2":{"loc":{"start":{"line":23,"column":5},"end":{"line":23,"column":null}},"type":"binary-expr","locations":[{"start":{"line":23,"column":5},"end":{"line":23,"column":16}},{"start":{"line":23,"column":16},"end":{"line":23,"column":null}}]},"3":{"loc":{"start":{"line":30,"column":5},"end":{"line":30,"column":null}},"type":"binary-expr","locations":[{"start":{"line":30,"column":5},"end":{"line":30,"column":20}},{"start":{"line":30,"column":20},"end":{"line":30,"column":null}}]}},"s":{"0":6,"1":6,"2":6,"3":6,"4":6,"5":6,"6":6,"7":6,"8":6,"9":6,"10":6,"11":6,"12":6,"13":6,"14":6,"15":6,"16":6,"17":6,"18":6,"19":6,"20":6,"21":6},"f":{"0":6,"1":6,"2":6,"3":6},"b":{"0":[6,6],"1":[6,6],"2":[6,6],"3":[6,6]}}
,"/home/bazari/libervia/libervia/incremento-1/event-log/EventLogEntry.ts": {"path":"/home/bazari/libervia/libervia/incremento-1/event-log/EventLogEntry.ts","statementMap":{"0":{"start":{"line":49,"column":0},"end":{"line":49,"column":null}},"1":{"start":{"line":51,"column":2},"end":{"line":51,"column":null}},"2":{"start":{"line":52,"column":2},"end":{"line":52,"column":null}},"3":{"start":{"line":55,"column":2},"end":{"line":55,"column":null}},"4":{"start":{"line":56,"column":2},"end":{"line":56,"column":null}},"5":{"start":{"line":59,"column":2},"end":{"line":59,"column":null}},"6":{"start":{"line":60,"column":2},"end":{"line":60,"column":null}},"7":{"start":{"line":63,"column":2},"end":{"line":63,"column":null}},"8":{"start":{"line":66,"column":2},"end":{"line":66,"column":null}},"9":{"start":{"line":69,"column":2},"end":{"line":69,"column":null}},"10":{"start":{"line":75,"column":0},"end":{"line":75,"column":null}},"11":{"start":{"line":76,"column":2},"end":{"line":76,"column":null}},"12":{"start":{"line":77,"column":2},"end":{"line":77,"column":null}},"13":{"start":{"line":78,"column":2},"end":{"line":78,"column":null}},"14":{"start":{"line":79,"column":2},"end":{"line":79,"column":null}},"15":{"start":{"line":80,"column":2},"end":{"line":80,"column":null}},"16":{"start":{"line":81,"column":2},"end":{"line":81,"column":null}}},"fnMap":{"0":{"name":"(anonymous_0)","decl":{"start":{"line":49,"column":0},"end":{"line":49,"column":5}},"loc":{"start":{"line":49,"column":15},"end":{"line":70,"column":1}}},"1":{"name":"(anonymous_1)","decl":{"start":{"line":75,"column":0},"end":{"line":75,"column":5}},"loc":{"start":{"line":75,"column":17},"end":{"line":82,"column":1}}}},"branchMap":{"0":{"loc":{"start":{"line":49,"column":5},"end":{"line":49,"column":null}},"type":"binary-expr","locations":[{"start":{"line":49,"column":5},"end":{"line":49,"column":15}},{"start":{"line":49,"column":15},"end":{"line":49,"column":null}}]},"1":{"loc":{"start":{"line":75,"column":5},"end":{"line":75,"column":null}},"type":"binary-expr","locations":[{"start":{"line":75,"column":5},"end":{"line":75,"column":17}},{"start":{"line":75,"column":17},"end":{"line":75,"column":null}}]}},"s":{"0":6,"1":6,"2":6,"3":6,"4":6,"5":6,"6":6,"7":6,"8":6,"9":6,"10":6,"11":6,"12":6,"13":6,"14":6,"15":6,"16":6},"f":{"0":6,"1":6},"b":{"0":[6,6],"1":[6,6]}}
,"/home/bazari/libervia/libervia/incremento-1/event-log/EventLogRepositoryImpl.ts": {"path":"/home/bazari/libervia/libervia/incremento-1/event-log/EventLogRepositoryImpl.ts","statementMap":{"0":{"start":{"line":1,"column":0},"end":{"line":1,"column":34}},"1":{"start":{"line":2,"column":0},"end":{"line":2,"column":29}},"2":{"start":{"line":3,"column":0},"end":{"line":3,"column":79}},"3":{"start":{"line":28,"column":39},"end":{"line":32,"column":2}},"4":{"start":{"line":38,"column":26},"end":{"line":38,"column":32}},"5":{"start":{"line":39,"column":26},"end":{"line":39,"column":32}},"6":{"start":{"line":72,"column":2},"end":{"line":75,"column":4}},"7":{"start":{"line":79,"column":2},"end":{"line":82,"column":4}},"8":{"start":{"line":90,"column":20},"end":{"line":90,"column":43}},"9":{"start":{"line":91,"column":17},"end":{"line":91,"column":59}},"10":{"start":{"line":92,"column":2},"end":{"line":92,"column":38}},"11":{"start":{"line":100,"column":2},"end":{"line":100,"column":66}},"12":{"start":{"line":104,"column":16},"end":{"line":104,"column":57}},"13":{"start":{"line":105,"column":2},"end":{"line":105,"column":47}},"14":{"start":{"line":113,"column":14},"end":{"line":113,"column":36}},"15":{"start":{"line":114,"column":18},"end":{"line":114,"column":35}},"16":{"start":{"line":115,"column":2},"end":{"line":115,"column":43}},"17":{"start":{"line":116,"column":2},"end":{"line":116,"column":70}},"18":{"start":{"line":117,"column":2},"end":{"line":117,"column":37}},"19":{"start":{"line":121,"column":2},"end":{"line":127,"column":3}},"20":{"start":{"line":122,"column":16},"end":{"line":122,"column":52}},"21":{"start":{"line":123,"column":4},"end":{"line":123,"column":27}},"22":{"start":{"line":125,"column":4},"end":{"line":125,"column":45}},"23":{"start":{"line":125,"column":33},"end":{"line":125,"column":45}},"24":{"start":{"line":126,"column":4},"end":{"line":126,"column":16}},"25":{"start":{"line":142,"column":10},"end":{"line":142,"column":39}},"26":{"start":{"line":145,"column":10},"end":{"line":145,"column":37}},"27":{"start":{"line":146,"column":10},"end":{"line":146,"column":54}},"28":{"start":{"line":147,"column":10},"end":{"line":147,"column":51}},"29":{"start":{"line":148,"column":10},"end":{"line":148,"column":34}},"30":{"start":{"line":149,"column":10},"end":{"line":149,"column":41}},"31":{"start":{"line":150,"column":10},"end":{"line":150,"column":42}},"32":{"start":{"line":154,"column":10},"end":{"line":154,"column":57}},"33":{"start":{"line":157,"column":4},"end":{"line":157,"column":27}},"34":{"start":{"line":158,"column":4},"end":{"line":158,"column":54}},"35":{"start":{"line":159,"column":4},"end":{"line":159,"column":70}},"36":{"start":{"line":160,"column":4},"end":{"line":160,"column":59}},"37":{"start":{"line":161,"column":4},"end":{"line":161,"column":72}},"38":{"start":{"line":162,"column":4},"end":{"line":162,"column":51}},"39":{"start":{"line":169,"column":17},"end":{"line":169,"column":60}},"40":{"start":{"line":170,"column":4},"end":{"line":170,"column":22}},"41":{"start":{"line":171,"column":4},"end":{"line":171,"column":16}},"42":{"start":{"line":176,"column":4},"end":{"line":176,"column":39}},"43":{"start":{"line":179,"column":4},"end":{"line":179,"column":76}},"44":{"start":{"line":182,"column":4},"end":{"line":182,"column":34}},"45":{"start":{"line":184,"column":4},"end":{"line":184,"column":28}},"46":{"start":{"line":188,"column":25},"end":{"line":188,"column":93}},"47":{"start":{"line":188,"column":69},"end":{"line":188,"column":73}},"48":{"start":{"line":188,"column":87},"end":{"line":188,"column":92}},"49":{"start":{"line":189,"column":4},"end":{"line":189,"column":30}},"50":{"start":{"line":189,"column":23},"end":{"line":189,"column":30}},"51":{"start":{"line":192,"column":25},"end":{"line":192,"column":71}},"52":{"start":{"line":193,"column":27},"end":{"line":193,"column":92}},"53":{"start":{"line":193,"column":68},"end":{"line":193,"column":72}},"54":{"start":{"line":193,"column":86},"end":{"line":193,"column":91}},"55":{"start":{"line":196,"column":4},"end":{"line":225,"column":5}},"56":{"start":{"line":198,"column":29},"end":{"line":198,"column":99}},"57":{"start":{"line":198,"column":75},"end":{"line":198,"column":79}},"58":{"start":{"line":198,"column":93},"end":{"line":198,"column":98}},"59":{"start":{"line":200,"column":6},"end":{"line":221,"column":7}},"60":{"start":{"line":201,"column":23},"end":{"line":201,"column":62}},"61":{"start":{"line":202,"column":24},"end":{"line":202,"column":55}},"62":{"start":{"line":204,"column":8},"end":{"line":220,"column":9}},"63":{"start":{"line":206,"column":21},"end":{"line":206,"column":56}},"64":{"start":{"line":207,"column":10},"end":{"line":219,"column":11}},"65":{"start":{"line":208,"column":30},"end":{"line":208,"column":57}},"66":{"start":{"line":209,"column":47},"end":{"line":217,"column":14}},"67":{"start":{"line":218,"column":12},"end":{"line":218,"column":63}},"68":{"start":{"line":223,"column":6},"end":{"line":223,"column":42}},"69":{"start":{"line":224,"column":6},"end":{"line":224,"column":13}},"70":{"start":{"line":228,"column":4},"end":{"line":228,"column":57}},"71":{"start":{"line":231,"column":22},"end":{"line":231,"column":64}},"72":{"start":{"line":232,"column":4},"end":{"line":235,"column":5}},"73":{"start":{"line":233,"column":6},"end":{"line":233,"column":42}},"74":{"start":{"line":234,"column":6},"end":{"line":234,"column":13}},"75":{"start":{"line":237,"column":20},"end":{"line":237,"column":46}},"76":{"start":{"line":240,"column":18},"end":{"line":240,"column":53}},"77":{"start":{"line":243,"column":26},"end":{"line":243,"column":91}},"78":{"start":{"line":243,"column":67},"end":{"line":243,"column":71}},"79":{"start":{"line":243,"column":85},"end":{"line":243,"column":90}},"80":{"start":{"line":244,"column":4},"end":{"line":246,"column":5}},"81":{"start":{"line":245,"column":6},"end":{"line":245,"column":71}},"82":{"start":{"line":249,"column":4},"end":{"line":261,"column":5}},"83":{"start":{"line":250,"column":24},"end":{"line":250,"column":51}},"84":{"start":{"line":251,"column":41},"end":{"line":259,"column":8}},"85":{"start":{"line":260,"column":6},"end":{"line":260,"column":57}},"86":{"start":{"line":264,"column":4},"end":{"line":264,"column":40}},"87":{"start":{"line":272,"column":4},"end":{"line":272,"column":42}},"88":{"start":{"line":272,"column":30},"end":{"line":272,"column":42}},"89":{"start":{"line":274,"column":20},"end":{"line":274,"column":30}},"90":{"start":{"line":275,"column":4},"end":{"line":275,"column":53}},"91":{"start":{"line":275,"column":40},"end":{"line":275,"column":53}},"92":{"start":{"line":277,"column":32},"end":{"line":284,"column":null}},"93":{"start":{"line":286,"column":4},"end":{"line":286,"column":67}},"94":{"start":{"line":286,"column":54},"end":{"line":286,"column":67}},"95":{"start":{"line":288,"column":4},"end":{"line":304,"column":5}},"96":{"start":{"line":288,"column":17},"end":{"line":288,"column":18}},"97":{"start":{"line":289,"column":18},"end":{"line":289,"column":28}},"98":{"start":{"line":290,"column":19},"end":{"line":290,"column":33}},"99":{"start":{"line":292,"column":6},"end":{"line":292,"column":64}},"100":{"start":{"line":292,"column":51},"end":{"line":292,"column":64}},"101":{"start":{"line":294,"column":23},"end":{"line":301,"column":null}},"102":{"start":{"line":303,"column":6},"end":{"line":303,"column":54}},"103":{"start":{"line":303,"column":41},"end":{"line":303,"column":54}},"104":{"start":{"line":306,"column":4},"end":{"line":306,"column":16}},"105":{"start":{"line":313,"column":4},"end":{"line":324,"column":5}},"106":{"start":{"line":314,"column":6},"end":{"line":314,"column":62}},"107":{"start":{"line":317,"column":6},"end":{"line":323,"column":7}},"108":{"start":{"line":318,"column":24},"end":{"line":318,"column":58}},"109":{"start":{"line":319,"column":8},"end":{"line":319,"column":59}},"110":{"start":{"line":320,"column":8},"end":{"line":320,"column":41}},"111":{"start":{"line":329,"column":29},"end":{"line":329,"column":97}},"112":{"start":{"line":329,"column":73},"end":{"line":329,"column":77}},"113":{"start":{"line":329,"column":91},"end":{"line":329,"column":96}},"114":{"start":{"line":331,"column":4},"end":{"line":339,"column":5}},"115":{"start":{"line":333,"column":6},"end":{"line":333,"column":30}},"116":{"start":{"line":334,"column":6},"end":{"line":334,"column":38}},"117":{"start":{"line":335,"column":6},"end":{"line":335,"column":27}},"118":{"start":{"line":336,"column":6},"end":{"line":336,"column":27}},"119":{"start":{"line":337,"column":6},"end":{"line":337,"column":35}},"120":{"start":{"line":338,"column":6},"end":{"line":338,"column":13}},"121":{"start":{"line":341,"column":18},"end":{"line":341,"column":51}},"122":{"start":{"line":342,"column":27},"end":{"line":345,"column":28}},"123":{"start":{"line":344,"column":34},"end":{"line":344,"column":44}},"124":{"start":{"line":345,"column":22},"end":{"line":345,"column":27}},"125":{"start":{"line":347,"column":4},"end":{"line":354,"column":5}},"126":{"start":{"line":348,"column":6},"end":{"line":348,"column":30}},"127":{"start":{"line":349,"column":6},"end":{"line":349,"column":38}},"128":{"start":{"line":350,"column":6},"end":{"line":350,"column":27}},"129":{"start":{"line":351,"column":6},"end":{"line":351,"column":27}},"130":{"start":{"line":352,"column":6},"end":{"line":352,"column":35}},"131":{"start":{"line":353,"column":6},"end":{"line":353,"column":13}},"132":{"start":{"line":357,"column":4},"end":{"line":357,"column":68}},"133":{"start":{"line":358,"column":28},"end":{"line":358,"column":92}},"134":{"start":{"line":359,"column":27},"end":{"line":359,"column":69}},"135":{"start":{"line":360,"column":4},"end":{"line":360,"column":73}},"136":{"start":{"line":363,"column":4},"end":{"line":389,"column":5}},"137":{"start":{"line":365,"column":43},"end":{"line":367,"column":43}},"138":{"start":{"line":370,"column":26},"end":{"line":370,"column":27}},"139":{"start":{"line":371,"column":6},"end":{"line":375,"column":7}},"140":{"start":{"line":371,"column":21},"end":{"line":371,"column":51}},"141":{"start":{"line":372,"column":24},"end":{"line":372,"column":72}},"142":{"start":{"line":373,"column":24},"end":{"line":373,"column":58}},"143":{"start":{"line":374,"column":8},"end":{"line":374,"column":54}},"144":{"start":{"line":377,"column":6},"end":{"line":377,"column":99}},"145":{"start":{"line":378,"column":6},"end":{"line":378,"column":78}},"146":{"start":{"line":381,"column":18},"end":{"line":381,"column":19}},"147":{"start":{"line":382,"column":6},"end":{"line":386,"column":7}},"148":{"start":{"line":383,"column":24},"end":{"line":383,"column":75}},"149":{"start":{"line":384,"column":24},"end":{"line":384,"column":58}},"150":{"start":{"line":385,"column":8},"end":{"line":385,"column":46}},"151":{"start":{"line":387,"column":6},"end":{"line":387,"column":31}},"152":{"start":{"line":388,"column":6},"end":{"line":388,"column":39}},"153":{"start":{"line":392,"column":4},"end":{"line":398,"column":5}},"154":{"start":{"line":393,"column":6},"end":{"line":393,"column":101}},"155":{"start":{"line":394,"column":11},"end":{"line":398,"column":5}},"156":{"start":{"line":395,"column":6},"end":{"line":395,"column":54}},"157":{"start":{"line":397,"column":6},"end":{"line":397,"column":27}},"158":{"start":{"line":402,"column":4},"end":{"line":406,"column":5}},"159":{"start":{"line":403,"column":6},"end":{"line":405,"column":8}},"160":{"start":{"line":410,"column":4},"end":{"line":410,"column":32}},"161":{"start":{"line":414,"column":4},"end":{"line":414,"column":57}},"162":{"start":{"line":415,"column":24},"end":{"line":415,"column":88}},"163":{"start":{"line":416,"column":4},"end":{"line":416,"column":87}},"164":{"start":{"line":420,"column":4},"end":{"line":420,"column":56}},"165":{"start":{"line":420,"column":49},"end":{"line":420,"column":56}},"166":{"start":{"line":422,"column":22},"end":{"line":422,"column":87}},"167":{"start":{"line":423,"column":4},"end":{"line":431,"column":6}},"168":{"start":{"line":432,"column":4},"end":{"line":432,"column":60}},"169":{"start":{"line":433,"column":4},"end":{"line":433,"column":33}},"170":{"start":{"line":439,"column":4},"end":{"line":439,"column":32}},"171":{"start":{"line":442,"column":4},"end":{"line":442,"column":26}},"172":{"start":{"line":443,"column":4},"end":{"line":443,"column":36}},"173":{"start":{"line":453,"column":4},"end":{"line":453,"column":28}},"174":{"start":{"line":455,"column":15},"end":{"line":455,"column":32}},"175":{"start":{"line":456,"column":22},"end":{"line":456,"column":32}},"176":{"start":{"line":457,"column":24},"end":{"line":457,"column":51}},"177":{"start":{"line":460,"column":25},"end":{"line":460,"column":38}},"178":{"start":{"line":463,"column":24},"end":{"line":470,"column":null}},"179":{"start":{"line":473,"column":33},"end":{"line":483,"column":6}},"180":{"start":{"line":486,"column":4},"end":{"line":486,"column":43}},"181":{"start":{"line":487,"column":4},"end":{"line":487,"column":23}},"182":{"start":{"line":488,"column":4},"end":{"line":488,"column":32}},"183":{"start":{"line":489,"column":4},"end":{"line":489,"column":31}},"184":{"start":{"line":492,"column":4},"end":{"line":492,"column":39}},"185":{"start":{"line":495,"column":4},"end":{"line":495,"column":27}},"186":{"start":{"line":498,"column":4},"end":{"line":503,"column":5}},"187":{"start":{"line":499,"column":6},"end":{"line":499,"column":33}},"188":{"start":{"line":500,"column":11},"end":{"line":503,"column":5}},"189":{"start":{"line":502,"column":6},"end":{"line":502,"column":34}},"190":{"start":{"line":505,"column":4},"end":{"line":505,"column":17}},"191":{"start":{"line":509,"column":4},"end":{"line":509,"column":28}},"192":{"start":{"line":513,"column":4},"end":{"line":515,"column":5}},"193":{"start":{"line":514,"column":6},"end":{"line":514,"column":89}},"194":{"start":{"line":514,"column":44},"end":{"line":514,"column":86}},"195":{"start":{"line":517,"column":37},"end":{"line":517,"column":39}},"196":{"start":{"line":520,"column":29},"end":{"line":520,"column":97}},"197":{"start":{"line":520,"column":73},"end":{"line":520,"column":77}},"198":{"start":{"line":520,"column":91},"end":{"line":520,"column":96}},"199":{"start":{"line":521,"column":4},"end":{"line":523,"column":5}},"200":{"start":{"line":522,"column":6},"end":{"line":522,"column":16}},"201":{"start":{"line":525,"column":18},"end":{"line":525,"column":51}},"202":{"start":{"line":526,"column":27},"end":{"line":529,"column":28}},"203":{"start":{"line":528,"column":34},"end":{"line":528,"column":44}},"204":{"start":{"line":529,"column":22},"end":{"line":529,"column":27}},"205":{"start":{"line":531,"column":4},"end":{"line":542,"column":5}},"206":{"start":{"line":532,"column":6},"end":{"line":541,"column":7}},"207":{"start":{"line":534,"column":8},"end":{"line":534,"column":52}},"208":{"start":{"line":536,"column":24},"end":{"line":536,"column":75}},"209":{"start":{"line":537,"column":24},"end":{"line":537,"column":58}},"210":{"start":{"line":538,"column":8},"end":{"line":540,"column":9}},"211":{"start":{"line":539,"column":10},"end":{"line":539,"column":52}},"212":{"start":{"line":544,"column":4},"end":{"line":544,"column":35}},"213":{"start":{"line":545,"column":4},"end":{"line":545,"column":74}},"214":{"start":{"line":545,"column":29},"end":{"line":545,"column":71}},"215":{"start":{"line":549,"column":4},"end":{"line":549,"column":28}},"216":{"start":{"line":550,"column":16},"end":{"line":550,"column":35}},"217":{"start":{"line":551,"column":18},"end":{"line":551,"column":44}},"218":{"start":{"line":551,"column":32},"end":{"line":551,"column":43}},"219":{"start":{"line":552,"column":4},"end":{"line":552,"column":25}},"220":{"start":{"line":556,"column":4},"end":{"line":556,"column":28}},"221":{"start":{"line":557,"column":16},"end":{"line":557,"column":35}},"222":{"start":{"line":558,"column":4},"end":{"line":558,"column":48}},"223":{"start":{"line":558,"column":27},"end":{"line":558,"column":46}},"224":{"start":{"line":562,"column":4},"end":{"line":562,"column":28}},"225":{"start":{"line":563,"column":16},"end":{"line":563,"column":35}},"226":{"start":{"line":564,"column":4},"end":{"line":567,"column":6}},"227":{"start":{"line":565,"column":6},"end":{"line":566,"column":64}},"228":{"start":{"line":571,"column":4},"end":{"line":571,"column":28}},"229":{"start":{"line":572,"column":4},"end":{"line":575,"column":5}},"230":{"start":{"line":573,"column":19},"end":{"line":573,"column":84}},"231":{"start":{"line":574,"column":6},"end":{"line":574,"column":62}},"232":{"start":{"line":577,"column":4},"end":{"line":584,"column":5}},"233":{"start":{"line":578,"column":26},"end":{"line":578,"column":94}},"234":{"start":{"line":579,"column":23},"end":{"line":579,"column":61}},"235":{"start":{"line":580,"column":6},"end":{"line":583,"column":7}},"236":{"start":{"line":581,"column":21},"end":{"line":581,"column":63}},"237":{"start":{"line":582,"column":8},"end":{"line":582,"column":64}},"238":{"start":{"line":585,"column":4},"end":{"line":585,"column":16}},"239":{"start":{"line":589,"column":4},"end":{"line":589,"column":28}},"240":{"start":{"line":590,"column":4},"end":{"line":590,"column":28}},"241":{"start":{"line":599,"column":4},"end":{"line":599,"column":28}},"242":{"start":{"line":601,"column":4},"end":{"line":603,"column":5}},"243":{"start":{"line":602,"column":6},"end":{"line":602,"column":47}},"244":{"start":{"line":606,"column":4},"end":{"line":606,"column":37}},"245":{"start":{"line":614,"column":4},"end":{"line":614,"column":28}},"246":{"start":{"line":616,"column":4},"end":{"line":618,"column":5}},"247":{"start":{"line":617,"column":6},"end":{"line":617,"column":47}},"248":{"start":{"line":620,"column":16},"end":{"line":620,"column":35}},"249":{"start":{"line":621,"column":4},"end":{"line":621,"column":44}},"250":{"start":{"line":630,"column":4},"end":{"line":630,"column":28}},"251":{"start":{"line":632,"column":4},"end":{"line":634,"column":5}},"252":{"start":{"line":633,"column":6},"end":{"line":633,"column":47}},"253":{"start":{"line":636,"column":16},"end":{"line":636,"column":35}},"254":{"start":{"line":638,"column":4},"end":{"line":641,"column":5}},"255":{"start":{"line":640,"column":6},"end":{"line":640,"column":46}},"256":{"start":{"line":644,"column":26},"end":{"line":644,"column":83}},"257":{"start":{"line":644,"column":45},"end":{"line":644,"column":82}},"258":{"start":{"line":646,"column":4},"end":{"line":649,"column":5}},"259":{"start":{"line":648,"column":6},"end":{"line":648,"column":46}},"260":{"start":{"line":652,"column":4},"end":{"line":655,"column":5}},"261":{"start":{"line":654,"column":6},"end":{"line":654,"column":46}},"262":{"start":{"line":658,"column":23},"end":{"line":658,"column":40}},"263":{"start":{"line":660,"column":4},"end":{"line":663,"column":5}},"264":{"start":{"line":662,"column":6},"end":{"line":662,"column":56}},"265":{"start":{"line":666,"column":4},"end":{"line":666,"column":87}},"266":{"start":{"line":675,"column":4},"end":{"line":677,"column":5}},"267":{"start":{"line":676,"column":6},"end":{"line":676,"column":47}},"268":{"start":{"line":679,"column":38},"end":{"line":679,"column":65}},"269":{"start":{"line":682,"column":4},"end":{"line":717,"column":5}},"270":{"start":{"line":683,"column":22},"end":{"line":683,"column":32}},"271":{"start":{"line":685,"column":6},"end":{"line":693,"column":7}},"272":{"start":{"line":686,"column":8},"end":{"line":692,"column":10}},"273":{"start":{"line":695,"column":34},"end":{"line":702,"column":null}},"274":{"start":{"line":705,"column":6},"end":{"line":713,"column":7}},"275":{"start":{"line":706,"column":8},"end":{"line":712,"column":10}},"276":{"start":{"line":715,"column":6},"end":{"line":715,"column":42}},"277":{"start":{"line":716,"column":6},"end":{"line":716,"column":21}},"278":{"start":{"line":720,"column":4},"end":{"line":756,"column":5}},"279":{"start":{"line":720,"column":17},"end":{"line":720,"column":27}},"280":{"start":{"line":721,"column":22},"end":{"line":721,"column":32}},"281":{"start":{"line":724,"column":6},"end":{"line":732,"column":7}},"282":{"start":{"line":725,"column":8},"end":{"line":731,"column":10}},"283":{"start":{"line":735,"column":27},"end":{"line":742,"column":null}},"284":{"start":{"line":745,"column":6},"end":{"line":753,"column":7}},"285":{"start":{"line":746,"column":8},"end":{"line":752,"column":10}},"286":{"start":{"line":755,"column":6},"end":{"line":755,"column":42}},"287":{"start":{"line":758,"column":4},"end":{"line":758,"column":58}},"288":{"start":{"line":771,"column":4},"end":{"line":771,"column":28}},"289":{"start":{"line":773,"column":29},"end":{"line":773,"column":97}},"290":{"start":{"line":773,"column":73},"end":{"line":773,"column":77}},"291":{"start":{"line":773,"column":91},"end":{"line":773,"column":96}},"292":{"start":{"line":774,"column":4},"end":{"line":776,"column":5}},"293":{"start":{"line":775,"column":6},"end":{"line":775,"column":54}},"294":{"start":{"line":778,"column":18},"end":{"line":778,"column":51}},"295":{"start":{"line":779,"column":27},"end":{"line":782,"column":28}},"296":{"start":{"line":781,"column":34},"end":{"line":781,"column":44}},"297":{"start":{"line":782,"column":22},"end":{"line":782,"column":27}},"298":{"start":{"line":784,"column":4},"end":{"line":786,"column":5}},"299":{"start":{"line":785,"column":6},"end":{"line":785,"column":54}},"300":{"start":{"line":789,"column":29},"end":{"line":789,"column":82}},"301":{"start":{"line":790,"column":33},"end":{"line":790,"column":74}},"302":{"start":{"line":793,"column":29},"end":{"line":793,"column":61}},"303":{"start":{"line":795,"column":4},"end":{"line":798,"column":5}},"304":{"start":{"line":797,"column":6},"end":{"line":797,"column":60}},"305":{"start":{"line":801,"column":24},"end":{"line":801,"column":25}},"306":{"start":{"line":802,"column":4},"end":{"line":807,"column":5}},"307":{"start":{"line":803,"column":22},"end":{"line":803,"column":73}},"308":{"start":{"line":804,"column":22},"end":{"line":804,"column":56}},"309":{"start":{"line":805,"column":6},"end":{"line":805,"column":52}},"310":{"start":{"line":806,"column":6},"end":{"line":806,"column":47}},"311":{"start":{"line":810,"column":4},"end":{"line":810,"column":38}},"312":{"start":{"line":811,"column":4},"end":{"line":811,"column":27}},"313":{"start":{"line":813,"column":4},"end":{"line":813,"column":75}},"314":{"start":{"line":818,"column":20},"end":{"line":818,"column":78}},"315":{"start":{"line":819,"column":20},"end":{"line":819,"column":54}},"316":{"start":{"line":821,"column":4},"end":{"line":823,"column":5}},"317":{"start":{"line":822,"column":6},"end":{"line":822,"column":84}},"318":{"start":{"line":826,"column":22},"end":{"line":826,"column":23}},"319":{"start":{"line":827,"column":18},"end":{"line":827,"column":51}},"320":{"start":{"line":828,"column":27},"end":{"line":831,"column":28}},"321":{"start":{"line":830,"column":34},"end":{"line":830,"column":65}},"322":{"start":{"line":831,"column":22},"end":{"line":831,"column":27}},"323":{"start":{"line":833,"column":4},"end":{"line":837,"column":5}},"324":{"start":{"line":834,"column":20},"end":{"line":834,"column":71}},"325":{"start":{"line":835,"column":20},"end":{"line":835,"column":52}},"326":{"start":{"line":836,"column":6},"end":{"line":836,"column":46}},"327":{"start":{"line":840,"column":23},"end":{"line":840,"column":46}},"328":{"start":{"line":844,"column":4},"end":{"line":863,"column":5}},"329":{"start":{"line":845,"column":22},"end":{"line":845,"column":63}},"330":{"start":{"line":846,"column":26},"end":{"line":846,"column":78}},"331":{"start":{"line":847,"column":26},"end":{"line":847,"column":64}},"332":{"start":{"line":849,"column":6},"end":{"line":862,"column":7}},"333":{"start":{"line":850,"column":26},"end":{"line":850,"column":74}},"334":{"start":{"line":851,"column":8},"end":{"line":859,"column":10}},"335":{"start":{"line":860,"column":8},"end":{"line":860,"column":64}},"336":{"start":{"line":861,"column":8},"end":{"line":861,"column":15}},"337":{"start":{"line":868,"column":4},"end":{"line":876,"column":6}},"338":{"start":{"line":877,"column":4},"end":{"line":877,"column":60}},"339":{"start":{"line":891,"column":4},"end":{"line":891,"column":28}},"340":{"start":{"line":893,"column":53},"end":{"line":893,"column":60}},"341":{"start":{"line":896,"column":27},"end":{"line":896,"column":58}},"342":{"start":{"line":898,"column":4},"end":{"line":903,"column":5}},"343":{"start":{"line":899,"column":6},"end":{"line":902,"column":8}},"344":{"start":{"line":906,"column":19},"end":{"line":906,"column":51}},"345":{"start":{"line":907,"column":19},"end":{"line":907,"column":73}},"346":{"start":{"line":909,"column":37},"end":{"line":909,"column":39}},"347":{"start":{"line":910,"column":29},"end":{"line":910,"column":33}},"348":{"start":{"line":911,"column":27},"end":{"line":911,"column":28}},"349":{"start":{"line":914,"column":4},"end":{"line":949,"column":5}},"350":{"start":{"line":915,"column":6},"end":{"line":923,"column":7}},"351":{"start":{"line":917,"column":8},"end":{"line":921,"column":9}},"352":{"start":{"line":918,"column":26},"end":{"line":918,"column":56}},"353":{"start":{"line":919,"column":10},"end":{"line":919,"column":45}},"354":{"start":{"line":920,"column":10},"end":{"line":920,"column":37}},"355":{"start":{"line":922,"column":8},"end":{"line":922,"column":17}},"356":{"start":{"line":925,"column":29},"end":{"line":925,"column":59}},"357":{"start":{"line":927,"column":6},"end":{"line":948,"column":7}},"358":{"start":{"line":929,"column":8},"end":{"line":933,"column":9}},"359":{"start":{"line":930,"column":10},"end":{"line":930,"column":29}},"360":{"start":{"line":931,"column":10},"end":{"line":931,"column":37}},"361":{"start":{"line":932,"column":10},"end":{"line":932,"column":19}},"362":{"start":{"line":934,"column":8},"end":{"line":936,"column":9}},"363":{"start":{"line":935,"column":10},"end":{"line":935,"column":19}},"364":{"start":{"line":939,"column":8},"end":{"line":941,"column":9}},"365":{"start":{"line":940,"column":10},"end":{"line":940,"column":83}},"366":{"start":{"line":943,"column":8},"end":{"line":943,"column":28}},"367":{"start":{"line":944,"column":8},"end":{"line":944,"column":27}},"368":{"start":{"line":945,"column":8},"end":{"line":947,"column":9}},"369":{"start":{"line":946,"column":10},"end":{"line":946,"column":37}},"370":{"start":{"line":952,"column":35},"end":{"line":952,"column":147}},"371":{"start":{"line":955,"column":37},"end":{"line":964,"column":6}},"372":{"start":{"line":966,"column":4},"end":{"line":966,"column":33}},"373":{"start":{"line":975,"column":4},"end":{"line":975,"column":42}},"374":{"start":{"line":975,"column":30},"end":{"line":975,"column":42}},"375":{"start":{"line":978,"column":4},"end":{"line":992,"column":5}},"376":{"start":{"line":979,"column":22},"end":{"line":979,"column":32}},"377":{"start":{"line":980,"column":6},"end":{"line":980,"column":55}},"378":{"start":{"line":980,"column":42},"end":{"line":980,"column":55}},"379":{"start":{"line":982,"column":27},"end":{"line":989,"column":null}},"380":{"start":{"line":991,"column":6},"end":{"line":991,"column":62}},"381":{"start":{"line":991,"column":49},"end":{"line":991,"column":62}},"382":{"start":{"line":995,"column":4},"end":{"line":1010,"column":5}},"383":{"start":{"line":995,"column":17},"end":{"line":995,"column":18}},"384":{"start":{"line":996,"column":6},"end":{"line":998,"column":7}},"385":{"start":{"line":997,"column":8},"end":{"line":997,"column":21}},"386":{"start":{"line":1000,"column":23},"end":{"line":1007,"column":null}},"387":{"start":{"line":1009,"column":6},"end":{"line":1009,"column":61}},"388":{"start":{"line":1009,"column":48},"end":{"line":1009,"column":61}},"389":{"start":{"line":1012,"column":4},"end":{"line":1012,"column":16}},"390":{"start":{"line":1020,"column":4},"end":{"line":1020,"column":28}},"391":{"start":{"line":1022,"column":59},"end":{"line":1022,"column":66}},"392":{"start":{"line":1024,"column":33},"end":{"line":1032,"column":6}},"393":{"start":{"line":1034,"column":27},"end":{"line":1034,"column":58}},"394":{"start":{"line":1035,"column":4},"end":{"line":1037,"column":5}},"395":{"start":{"line":1036,"column":6},"end":{"line":1036,"column":20}},"396":{"start":{"line":1039,"column":25},"end":{"line":1039,"column":26}},"397":{"start":{"line":1040,"column":38},"end":{"line":1040,"column":42}},"398":{"start":{"line":1041,"column":22},"end":{"line":1041,"column":23}},"399":{"start":{"line":1043,"column":4},"end":{"line":1083,"column":5}},"400":{"start":{"line":1044,"column":29},"end":{"line":1044,"column":59}},"401":{"start":{"line":1046,"column":6},"end":{"line":1082,"column":7}},"402":{"start":{"line":1048,"column":8},"end":{"line":1051,"column":9}},"403":{"start":{"line":1049,"column":10},"end":{"line":1049,"column":34}},"404":{"start":{"line":1050,"column":10},"end":{"line":1050,"column":24}},"405":{"start":{"line":1054,"column":30},"end":{"line":1054,"column":90}},"406":{"start":{"line":1055,"column":8},"end":{"line":1057,"column":9}},"407":{"start":{"line":1056,"column":10},"end":{"line":1056,"column":53}},"408":{"start":{"line":1058,"column":8},"end":{"line":1058,"column":42}},"409":{"start":{"line":1059,"column":8},"end":{"line":1059,"column":22}},"410":{"start":{"line":1062,"column":8},"end":{"line":1062,"column":56}},"411":{"start":{"line":1062,"column":47},"end":{"line":1062,"column":56}},"412":{"start":{"line":1063,"column":8},"end":{"line":1063,"column":62}},"413":{"start":{"line":1063,"column":53},"end":{"line":1063,"column":62}},"414":{"start":{"line":1064,"column":8},"end":{"line":1064,"column":69}},"415":{"start":{"line":1064,"column":60},"end":{"line":1064,"column":69}},"416":{"start":{"line":1065,"column":8},"end":{"line":1065,"column":57}},"417":{"start":{"line":1065,"column":48},"end":{"line":1065,"column":57}},"418":{"start":{"line":1066,"column":8},"end":{"line":1066,"column":53}},"419":{"start":{"line":1066,"column":44},"end":{"line":1066,"column":53}},"420":{"start":{"line":1069,"column":8},"end":{"line":1069,"column":30}},"421":{"start":{"line":1070,"column":8},"end":{"line":1070,"column":83}},"422":{"start":{"line":1071,"column":8},"end":{"line":1071,"column":91}},"423":{"start":{"line":1072,"column":8},"end":{"line":1072,"column":77}},"424":{"start":{"line":1075,"column":22},"end":{"line":1075,"column":51}},"425":{"start":{"line":1076,"column":8},"end":{"line":1078,"column":9}},"426":{"start":{"line":1077,"column":10},"end":{"line":1077,"column":39}},"427":{"start":{"line":1079,"column":8},"end":{"line":1079,"column":36}},"428":{"start":{"line":1081,"column":8},"end":{"line":1081,"column":25}},"429":{"start":{"line":1085,"column":4},"end":{"line":1085,"column":18}},"430":{"start":{"line":1097,"column":4},"end":{"line":1106,"column":5}},"431":{"start":{"line":1098,"column":6},"end":{"line":1100,"column":7}},"432":{"start":{"line":1099,"column":8},"end":{"line":1099,"column":95}},"433":{"start":{"line":1103,"column":6},"end":{"line":1105,"column":7}},"434":{"start":{"line":1104,"column":8},"end":{"line":1104,"column":87}},"435":{"start":{"line":1109,"column":21},"end":{"line":1116,"column":null}},"436":{"start":{"line":1119,"column":4},"end":{"line":1121,"column":5}},"437":{"start":{"line":1120,"column":6},"end":{"line":1120,"column":62}},"438":{"start":{"line":1123,"column":4},"end":{"line":1123,"column":16}},"439":{"start":{"line":1130,"column":29},"end":{"line":1130,"column":97}},"440":{"start":{"line":1130,"column":73},"end":{"line":1130,"column":77}},"441":{"start":{"line":1130,"column":91},"end":{"line":1130,"column":96}},"442":{"start":{"line":1131,"column":4},"end":{"line":1131,"column":37}},"443":{"start":{"line":1131,"column":27},"end":{"line":1131,"column":37}},"444":{"start":{"line":1133,"column":18},"end":{"line":1133,"column":51}},"445":{"start":{"line":1134,"column":4},"end":{"line":1137,"column":29}},"446":{"start":{"line":1136,"column":34},"end":{"line":1136,"column":44}},"447":{"start":{"line":1137,"column":22},"end":{"line":1137,"column":27}},"448":{"start":{"line":1144,"column":4},"end":{"line":1146,"column":5}},"449":{"start":{"line":1145,"column":6},"end":{"line":1145,"column":95}},"450":{"start":{"line":1145,"column":50},"end":{"line":1145,"column":92}},"451":{"start":{"line":1148,"column":20},"end":{"line":1148,"column":71}},"452":{"start":{"line":1149,"column":20},"end":{"line":1149,"column":54}},"453":{"start":{"line":1150,"column":4},"end":{"line":1150,"column":51}},"454":{"start":{"line":1157,"column":4},"end":{"line":1166,"column":6}},"455":{"start":{"line":1179,"column":4},"end":{"line":1194,"column":5}},"456":{"start":{"line":1181,"column":6},"end":{"line":1186,"column":9}},"457":{"start":{"line":1182,"column":8},"end":{"line":1185,"column":9}},"458":{"start":{"line":1183,"column":11},"end":{"line":1183,"column":45}},"459":{"start":{"line":1184,"column":10},"end":{"line":1184,"column":37}},"460":{"start":{"line":1189,"column":25},"end":{"line":1189,"column":87}},"461":{"start":{"line":1190,"column":6},"end":{"line":1193,"column":7}},"462":{"start":{"line":1191,"column":9},"end":{"line":1191,"column":71}},"463":{"start":{"line":1192,"column":8},"end":{"line":1192,"column":31}},"464":{"start":{"line":1202,"column":4},"end":{"line":1202,"column":38}},"465":{"start":{"line":1210,"column":16},"end":{"line":1210,"column":35}},"466":{"start":{"line":1212,"column":4},"end":{"line":1220,"column":5}},"467":{"start":{"line":1213,"column":6},"end":{"line":1219,"column":8}},"468":{"start":{"line":1222,"column":26},"end":{"line":1222,"column":83}},"469":{"start":{"line":1222,"column":45},"end":{"line":1222,"column":82}},"470":{"start":{"line":1223,"column":27},"end":{"line":1223,"column":91}},"471":{"start":{"line":1225,"column":4},"end":{"line":1231,"column":6}},"472":{"start":{"line":1239,"column":29},"end":{"line":1239,"column":97}},"473":{"start":{"line":1239,"column":73},"end":{"line":1239,"column":77}},"474":{"start":{"line":1239,"column":91},"end":{"line":1239,"column":96}},"475":{"start":{"line":1240,"column":4},"end":{"line":1240,"column":36}},"476":{"start":{"line":1240,"column":27},"end":{"line":1240,"column":36}},"477":{"start":{"line":1242,"column":18},"end":{"line":1242,"column":51}},"478":{"start":{"line":1243,"column":4},"end":{"line":1243,"column":68}},"479":{"start":{"line":1243,"column":29},"end":{"line":1243,"column":59}},"480":{"start":{"line":1251,"column":4},"end":{"line":1251,"column":25}},"481":{"start":{"line":1259,"column":4},"end":{"line":1259,"column":30}},"482":{"start":{"line":1267,"column":4},"end":{"line":1267,"column":31}},"483":{"start":{"line":1274,"column":9},"end":{"line":1274,"column":31}}},"fnMap":{"0":{"name":"serializeEntry","decl":{"start":{"line":71,"column":9},"end":{"line":71,"column":23}},"loc":{"start":{"line":71,"column":40},"end":{"line":76,"column":1}}},"1":{"name":"reviveEntry","decl":{"start":{"line":78,"column":9},"end":{"line":78,"column":20}},"loc":{"start":{"line":78,"column":29},"end":{"line":83,"column":1}}},"2":{"name":"generateEventId","decl":{"start":{"line":89,"column":9},"end":{"line":89,"column":24}},"loc":{"start":{"line":89,"column":24},"end":{"line":93,"column":1}}},"3":{"name":"segmentFileName","decl":{"start":{"line":99,"column":9},"end":{"line":99,"column":24}},"loc":{"start":{"line":99,"column":46},"end":{"line":101,"column":1}}},"4":{"name":"parseSegmentNumber","decl":{"start":{"line":103,"column":9},"end":{"line":103,"column":27}},"loc":{"start":{"line":103,"column":44},"end":{"line":106,"column":1}}},"5":{"name":"atomicWriteJson","decl":{"start":{"line":112,"column":15},"end":{"line":112,"column":30}},"loc":{"start":{"line":112,"column":58},"end":{"line":118,"column":1}}},"6":{"name":"readJsonSafe","decl":{"start":{"line":120,"column":15},"end":{"line":120,"column":27}},"loc":{"start":{"line":120,"column":47},"end":{"line":128,"column":1}}},"7":{"name":"(anonymous_16)","decl":{"start":{"line":156,"column":2},"end":{"line":156,"column":14}},"loc":{"start":{"line":156,"column":78},"end":{"line":163,"column":3}}},"8":{"name":"(anonymous_17)","decl":{"start":{"line":165,"column":2},"end":{"line":165,"column":8}},"loc":{"start":{"line":167,"column":40},"end":{"line":172,"column":3}}},"9":{"name":"(anonymous_18)","decl":{"start":{"line":174,"column":2},"end":{"line":174,"column":7}},"loc":{"start":{"line":174,"column":12},"end":{"line":185,"column":3}}},"10":{"name":"(anonymous_19)","decl":{"start":{"line":187,"column":10},"end":{"line":187,"column":15}},"loc":{"start":{"line":187,"column":37},"end":{"line":265,"column":3}}},"11":{"name":"(anonymous_20)","decl":{"start":{"line":188,"column":63},"end":{"line":188,"column":66}},"loc":{"start":{"line":188,"column":69},"end":{"line":188,"column":73}}},"12":{"name":"(anonymous_21)","decl":{"start":{"line":188,"column":81},"end":{"line":188,"column":84}},"loc":{"start":{"line":188,"column":87},"end":{"line":188,"column":92}}},"13":{"name":"(anonymous_22)","decl":{"start":{"line":193,"column":62},"end":{"line":193,"column":65}},"loc":{"start":{"line":193,"column":68},"end":{"line":193,"column":72}}},"14":{"name":"(anonymous_23)","decl":{"start":{"line":193,"column":80},"end":{"line":193,"column":83}},"loc":{"start":{"line":193,"column":86},"end":{"line":193,"column":91}}},"15":{"name":"(anonymous_24)","decl":{"start":{"line":198,"column":69},"end":{"line":198,"column":72}},"loc":{"start":{"line":198,"column":75},"end":{"line":198,"column":79}}},"16":{"name":"(anonymous_25)","decl":{"start":{"line":198,"column":87},"end":{"line":198,"column":90}},"loc":{"start":{"line":198,"column":93},"end":{"line":198,"column":98}}},"17":{"name":"(anonymous_26)","decl":{"start":{"line":243,"column":61},"end":{"line":243,"column":64}},"loc":{"start":{"line":243,"column":67},"end":{"line":243,"column":71}}},"18":{"name":"(anonymous_27)","decl":{"start":{"line":243,"column":79},"end":{"line":243,"column":82}},"loc":{"start":{"line":243,"column":85},"end":{"line":243,"column":90}}},"19":{"name":"(anonymous_28)","decl":{"start":{"line":271,"column":10},"end":{"line":271,"column":31}},"loc":{"start":{"line":271,"column":56},"end":{"line":307,"column":3}}},"20":{"name":"(anonymous_29)","decl":{"start":{"line":312,"column":10},"end":{"line":312,"column":15}},"loc":{"start":{"line":312,"column":38},"end":{"line":325,"column":3}}},"21":{"name":"(anonymous_30)","decl":{"start":{"line":327,"column":10},"end":{"line":327,"column":15}},"loc":{"start":{"line":327,"column":32},"end":{"line":399,"column":3}}},"22":{"name":"(anonymous_31)","decl":{"start":{"line":329,"column":67},"end":{"line":329,"column":70}},"loc":{"start":{"line":329,"column":73},"end":{"line":329,"column":77}}},"23":{"name":"(anonymous_32)","decl":{"start":{"line":329,"column":85},"end":{"line":329,"column":88}},"loc":{"start":{"line":329,"column":91},"end":{"line":329,"column":96}}},"24":{"name":"(anonymous_33)","decl":{"start":{"line":344,"column":14},"end":{"line":344,"column":15}},"loc":{"start":{"line":344,"column":34},"end":{"line":344,"column":44}}},"25":{"name":"(anonymous_34)","decl":{"start":{"line":345,"column":12},"end":{"line":345,"column":13}},"loc":{"start":{"line":345,"column":22},"end":{"line":345,"column":27}}},"26":{"name":"(anonymous_35)","decl":{"start":{"line":401,"column":10},"end":{"line":401,"column":26}},"loc":{"start":{"line":401,"column":26},"end":{"line":407,"column":3}}},"27":{"name":"(anonymous_36)","decl":{"start":{"line":409,"column":10},"end":{"line":409,"column":25}},"loc":{"start":{"line":409,"column":25},"end":{"line":411,"column":3}}},"28":{"name":"(anonymous_37)","decl":{"start":{"line":413,"column":10},"end":{"line":413,"column":15}},"loc":{"start":{"line":413,"column":37},"end":{"line":417,"column":3}}},"29":{"name":"(anonymous_38)","decl":{"start":{"line":419,"column":10},"end":{"line":419,"column":15}},"loc":{"start":{"line":419,"column":30},"end":{"line":434,"column":3}}},"30":{"name":"(anonymous_39)","decl":{"start":{"line":436,"column":10},"end":{"line":436,"column":15}},"loc":{"start":{"line":436,"column":29},"end":{"line":444,"column":3}}},"31":{"name":"(anonymous_40)","decl":{"start":{"line":446,"column":2},"end":{"line":446,"column":7}},"loc":{"start":{"line":451,"column":20},"end":{"line":506,"column":3}}},"32":{"name":"(anonymous_41)","decl":{"start":{"line":508,"column":2},"end":{"line":508,"column":7}},"loc":{"start":{"line":508,"column":14},"end":{"line":546,"column":3}}},"33":{"name":"(anonymous_42)","decl":{"start":{"line":514,"column":38},"end":{"line":514,"column":39}},"loc":{"start":{"line":514,"column":44},"end":{"line":514,"column":86}}},"34":{"name":"(anonymous_43)","decl":{"start":{"line":520,"column":67},"end":{"line":520,"column":70}},"loc":{"start":{"line":520,"column":73},"end":{"line":520,"column":77}}},"35":{"name":"(anonymous_44)","decl":{"start":{"line":520,"column":85},"end":{"line":520,"column":88}},"loc":{"start":{"line":520,"column":91},"end":{"line":520,"column":96}}},"36":{"name":"(anonymous_45)","decl":{"start":{"line":528,"column":14},"end":{"line":528,"column":15}},"loc":{"start":{"line":528,"column":34},"end":{"line":528,"column":44}}},"37":{"name":"(anonymous_46)","decl":{"start":{"line":529,"column":12},"end":{"line":529,"column":13}},"loc":{"start":{"line":529,"column":22},"end":{"line":529,"column":27}}},"38":{"name":"(anonymous_47)","decl":{"start":{"line":545,"column":23},"end":{"line":545,"column":24}},"loc":{"start":{"line":545,"column":29},"end":{"line":545,"column":71}}},"39":{"name":"(anonymous_48)","decl":{"start":{"line":548,"column":2},"end":{"line":548,"column":7}},"loc":{"start":{"line":548,"column":26},"end":{"line":553,"column":3}}},"40":{"name":"(anonymous_49)","decl":{"start":{"line":551,"column":27},"end":{"line":551,"column":28}},"loc":{"start":{"line":551,"column":32},"end":{"line":551,"column":43}}},"41":{"name":"(anonymous_50)","decl":{"start":{"line":555,"column":2},"end":{"line":555,"column":7}},"loc":{"start":{"line":555,"column":34},"end":{"line":559,"column":3}}},"42":{"name":"(anonymous_51)","decl":{"start":{"line":558,"column":22},"end":{"line":558,"column":23}},"loc":{"start":{"line":558,"column":27},"end":{"line":558,"column":46}}},"43":{"name":"(anonymous_52)","decl":{"start":{"line":561,"column":2},"end":{"line":561,"column":7}},"loc":{"start":{"line":561,"column":59},"end":{"line":568,"column":3}}},"44":{"name":"(anonymous_53)","decl":{"start":{"line":564,"column":22},"end":{"line":564,"column":23}},"loc":{"start":{"line":565,"column":6},"end":{"line":566,"column":64}}},"45":{"name":"(anonymous_54)","decl":{"start":{"line":570,"column":2},"end":{"line":570,"column":7}},"loc":{"start":{"line":570,"column":20},"end":{"line":586,"column":3}}},"46":{"name":"(anonymous_55)","decl":{"start":{"line":588,"column":2},"end":{"line":588,"column":7}},"loc":{"start":{"line":588,"column":13},"end":{"line":591,"column":3}}},"47":{"name":"(anonymous_56)","decl":{"start":{"line":598,"column":2},"end":{"line":598,"column":7}},"loc":{"start":{"line":598,"column":19},"end":{"line":607,"column":3}}},"48":{"name":"(anonymous_57)","decl":{"start":{"line":613,"column":2},"end":{"line":613,"column":7}},"loc":{"start":{"line":613,"column":23},"end":{"line":622,"column":3}}},"49":{"name":"(anonymous_58)","decl":{"start":{"line":629,"column":2},"end":{"line":629,"column":7}},"loc":{"start":{"line":629,"column":26},"end":{"line":667,"column":3}}},"50":{"name":"(anonymous_59)","decl":{"start":{"line":644,"column":40},"end":{"line":644,"column":41}},"loc":{"start":{"line":644,"column":45},"end":{"line":644,"column":82}}},"51":{"name":"(anonymous_60)","decl":{"start":{"line":669,"column":10},"end":{"line":669,"column":23}},"loc":{"start":{"line":673,"column":39},"end":{"line":759,"column":3}}},"52":{"name":"(anonymous_61)","decl":{"start":{"line":770,"column":2},"end":{"line":770,"column":7}},"loc":{"start":{"line":770,"column":13},"end":{"line":814,"column":3}}},"53":{"name":"(anonymous_62)","decl":{"start":{"line":773,"column":67},"end":{"line":773,"column":70}},"loc":{"start":{"line":773,"column":73},"end":{"line":773,"column":77}}},"54":{"name":"(anonymous_63)","decl":{"start":{"line":773,"column":85},"end":{"line":773,"column":88}},"loc":{"start":{"line":773,"column":91},"end":{"line":773,"column":96}}},"55":{"name":"(anonymous_64)","decl":{"start":{"line":781,"column":14},"end":{"line":781,"column":15}},"loc":{"start":{"line":781,"column":34},"end":{"line":781,"column":44}}},"56":{"name":"(anonymous_65)","decl":{"start":{"line":782,"column":12},"end":{"line":782,"column":13}},"loc":{"start":{"line":782,"column":22},"end":{"line":782,"column":27}}},"57":{"name":"(anonymous_66)","decl":{"start":{"line":806,"column":37},"end":{"line":806,"column":40}},"loc":{"start":{"line":806,"column":42},"end":{"line":806,"column":45}}},"58":{"name":"(anonymous_67)","decl":{"start":{"line":816,"column":10},"end":{"line":816,"column":15}},"loc":{"start":{"line":816,"column":62},"end":{"line":878,"column":3}}},"59":{"name":"(anonymous_68)","decl":{"start":{"line":830,"column":14},"end":{"line":830,"column":15}},"loc":{"start":{"line":830,"column":34},"end":{"line":830,"column":65}}},"60":{"name":"(anonymous_69)","decl":{"start":{"line":831,"column":12},"end":{"line":831,"column":13}},"loc":{"start":{"line":831,"column":22},"end":{"line":831,"column":27}}},"61":{"name":"(anonymous_70)","decl":{"start":{"line":890,"column":2},"end":{"line":890,"column":7}},"loc":{"start":{"line":890,"column":52},"end":{"line":967,"column":3}}},"62":{"name":"(anonymous_71)","decl":{"start":{"line":974,"column":10},"end":{"line":974,"column":27}},"loc":{"start":{"line":974,"column":78},"end":{"line":1013,"column":3}}},"63":{"name":"(anonymous_72)","decl":{"start":{"line":1019,"column":2},"end":{"line":1019,"column":7}},"loc":{"start":{"line":1019,"column":42},"end":{"line":1086,"column":3}}},"64":{"name":"(anonymous_73)","decl":{"start":{"line":1091,"column":10},"end":{"line":1091,"column":31}},"loc":{"start":{"line":1094,"column":17},"end":{"line":1124,"column":3}}},"65":{"name":"(anonymous_74)","decl":{"start":{"line":1129,"column":10},"end":{"line":1129,"column":15}},"loc":{"start":{"line":1129,"column":34},"end":{"line":1138,"column":3}}},"66":{"name":"(anonymous_75)","decl":{"start":{"line":1130,"column":67},"end":{"line":1130,"column":70}},"loc":{"start":{"line":1130,"column":73},"end":{"line":1130,"column":77}}},"67":{"name":"(anonymous_76)","decl":{"start":{"line":1130,"column":85},"end":{"line":1130,"column":88}},"loc":{"start":{"line":1130,"column":91},"end":{"line":1130,"column":96}}},"68":{"name":"(anonymous_77)","decl":{"start":{"line":1136,"column":14},"end":{"line":1136,"column":15}},"loc":{"start":{"line":1136,"column":34},"end":{"line":1136,"column":44}}},"69":{"name":"(anonymous_78)","decl":{"start":{"line":1137,"column":12},"end":{"line":1137,"column":13}},"loc":{"start":{"line":1137,"column":22},"end":{"line":1137,"column":27}}},"70":{"name":"(anonymous_79)","decl":{"start":{"line":1143,"column":10},"end":{"line":1143,"column":15}},"loc":{"start":{"line":1143,"column":42},"end":{"line":1151,"column":3}}},"71":{"name":"(anonymous_80)","decl":{"start":{"line":1145,"column":44},"end":{"line":1145,"column":45}},"loc":{"start":{"line":1145,"column":50},"end":{"line":1145,"column":92}}},"72":{"name":"(anonymous_81)","decl":{"start":{"line":1156,"column":10},"end":{"line":1156,"column":29}},"loc":{"start":{"line":1156,"column":29},"end":{"line":1167,"column":3}}},"73":{"name":"(anonymous_82)","decl":{"start":{"line":1177,"column":2},"end":{"line":1177,"column":15}},"loc":{"start":{"line":1177,"column":69},"end":{"line":1195,"column":3}}},"74":{"name":"(anonymous_83)","decl":{"start":{"line":1181,"column":25},"end":{"line":1181,"column":28}},"loc":{"start":{"line":1181,"column":31},"end":{"line":1186,"column":7}}},"75":{"name":"(anonymous_84)","decl":{"start":{"line":1201,"column":2},"end":{"line":1201,"column":16}},"loc":{"start":{"line":1201,"column":16},"end":{"line":1203,"column":3}}},"76":{"name":"(anonymous_85)","decl":{"start":{"line":1209,"column":2},"end":{"line":1209,"column":7}},"loc":{"start":{"line":1209,"column":25},"end":{"line":1232,"column":3}}},"77":{"name":"(anonymous_86)","decl":{"start":{"line":1222,"column":40},"end":{"line":1222,"column":41}},"loc":{"start":{"line":1222,"column":45},"end":{"line":1222,"column":82}}},"78":{"name":"(anonymous_87)","decl":{"start":{"line":1238,"column":2},"end":{"line":1238,"column":7}},"loc":{"start":{"line":1238,"column":22},"end":{"line":1244,"column":3}}},"79":{"name":"(anonymous_88)","decl":{"start":{"line":1239,"column":67},"end":{"line":1239,"column":70}},"loc":{"start":{"line":1239,"column":73},"end":{"line":1239,"column":77}}},"80":{"name":"(anonymous_89)","decl":{"start":{"line":1239,"column":85},"end":{"line":1239,"column":88}},"loc":{"start":{"line":1239,"column":91},"end":{"line":1239,"column":96}}},"81":{"name":"(anonymous_90)","decl":{"start":{"line":1243,"column":24},"end":{"line":1243,"column":25}},"loc":{"start":{"line":1243,"column":29},"end":{"line":1243,"column":59}}},"82":{"name":"(anonymous_91)","decl":{"start":{"line":1250,"column":2},"end":{"line":1250,"column":14}},"loc":{"start":{"line":1250,"column":14},"end":{"line":1252,"column":3}}},"83":{"name":"(anonymous_92)","decl":{"start":{"line":1258,"column":2},"end":{"line":1258,"column":12}},"loc":{"start":{"line":1258,"column":12},"end":{"line":1260,"column":3}}},"84":{"name":"(anonymous_93)","decl":{"start":{"line":1266,"column":2},"end":{"line":1266,"column":20}},"loc":{"start":{"line":1266,"column":20},"end":{"line":1268,"column":3}}}},"branchMap":{"0":{"loc":{"start":{"line":105,"column":9},"end":{"line":105,"column":46}},"type":"cond-expr","locations":[{"start":{"line":105,"column":17},"end":{"line":105,"column":39}},{"start":{"line":105,"column":42},"end":{"line":105,"column":46}}]},"1":{"loc":{"start":{"line":125,"column":4},"end":{"line":125,"column":45}},"type":"if","locations":[{"start":{"line":125,"column":4},"end":{"line":125,"column":45}}]},"2":{"loc":{"start":{"line":156,"column":14},"end":{"line":156,"column":40}},"type":"default-arg","locations":[{"start":{"line":156,"column":32},"end":{"line":156,"column":40}}]},"3":{"loc":{"start":{"line":156,"column":42},"end":{"line":156,"column":78}},"type":"default-arg","locations":[{"start":{"line":156,"column":76},"end":{"line":156,"column":78}}]},"4":{"loc":{"start":{"line":166,"column":4},"end":{"line":166,"column":30}},"type":"default-arg","locations":[{"start":{"line":166,"column":22},"end":{"line":166,"column":30}}]},"5":{"loc":{"start":{"line":167,"column":4},"end":{"line":167,"column":40}},"type":"default-arg","locations":[{"start":{"line":167,"column":38},"end":{"line":167,"column":40}}]},"6":{"loc":{"start":{"line":189,"column":4},"end":{"line":189,"column":30}},"type":"if","locations":[{"start":{"line":189,"column":4},"end":{"line":189,"column":30}}]},"7":{"loc":{"start":{"line":196,"column":4},"end":{"line":225,"column":5}},"type":"if","locations":[{"start":{"line":196,"column":4},"end":{"line":225,"column":5}}]},"8":{"loc":{"start":{"line":200,"column":6},"end":{"line":221,"column":7}},"type":"if","locations":[{"start":{"line":200,"column":6},"end":{"line":221,"column":7}}]},"9":{"loc":{"start":{"line":202,"column":25},"end":{"line":202,"column":37}},"type":"binary-expr","locations":[{"start":{"line":202,"column":25},"end":{"line":202,"column":31}},{"start":{"line":202,"column":35},"end":{"line":202,"column":37}}]},"10":{"loc":{"start":{"line":204,"column":8},"end":{"line":220,"column":9}},"type":"if","locations":[{"start":{"line":204,"column":8},"end":{"line":220,"column":9}}]},"11":{"loc":{"start":{"line":207,"column":10},"end":{"line":219,"column":11}},"type":"if","locations":[{"start":{"line":207,"column":10},"end":{"line":219,"column":11}}]},"12":{"loc":{"start":{"line":232,"column":4},"end":{"line":235,"column":5}},"type":"if","locations":[{"start":{"line":232,"column":4},"end":{"line":235,"column":5}}]},"13":{"loc":{"start":{"line":232,"column":8},"end":{"line":232,"column":44}},"type":"binary-expr","locations":[{"start":{"line":232,"column":8},"end":{"line":232,"column":18}},{"start":{"line":232,"column":22},"end":{"line":232,"column":44}}]},"14":{"loc":{"start":{"line":244,"column":4},"end":{"line":246,"column":5}},"type":"if","locations":[{"start":{"line":244,"column":4},"end":{"line":246,"column":5}}]},"15":{"loc":{"start":{"line":249,"column":4},"end":{"line":261,"column":5}},"type":"if","locations":[{"start":{"line":249,"column":4},"end":{"line":261,"column":5}}]},"16":{"loc":{"start":{"line":272,"column":4},"end":{"line":272,"column":42}},"type":"if","locations":[{"start":{"line":272,"column":4},"end":{"line":272,"column":42}}]},"17":{"loc":{"start":{"line":275,"column":4},"end":{"line":275,"column":53}},"type":"if","locations":[{"start":{"line":275,"column":4},"end":{"line":275,"column":53}}]},"18":{"loc":{"start":{"line":286,"column":4},"end":{"line":286,"column":67}},"type":"if","locations":[{"start":{"line":286,"column":4},"end":{"line":286,"column":67}}]},"19":{"loc":{"start":{"line":292,"column":6},"end":{"line":292,"column":64}},"type":"if","locations":[{"start":{"line":292,"column":6},"end":{"line":292,"column":64}}]},"20":{"loc":{"start":{"line":303,"column":6},"end":{"line":303,"column":54}},"type":"if","locations":[{"start":{"line":303,"column":6},"end":{"line":303,"column":54}}]},"21":{"loc":{"start":{"line":331,"column":4},"end":{"line":339,"column":5}},"type":"if","locations":[{"start":{"line":331,"column":4},"end":{"line":339,"column":5}}]},"22":{"loc":{"start":{"line":347,"column":4},"end":{"line":354,"column":5}},"type":"if","locations":[{"start":{"line":347,"column":4},"end":{"line":354,"column":5}}]},"23":{"loc":{"start":{"line":360,"column":34},"end":{"line":360,"column":54}},"type":"binary-expr","locations":[{"start":{"line":360,"column":34},"end":{"line":360,"column":48}},{"start":{"line":360,"column":52},"end":{"line":360,"column":54}}]},"24":{"loc":{"start":{"line":363,"column":4},"end":{"line":389,"column":5}},"type":"if","locations":[{"start":{"line":363,"column":4},"end":{"line":389,"column":5}},{"start":{"line":379,"column":11},"end":{"line":389,"column":5}}]},"25":{"loc":{"start":{"line":365,"column":43},"end":{"line":367,"column":43}},"type":"cond-expr","locations":[{"start":{"line":366,"column":10},"end":{"line":366,"column":87}},{"start":{"line":367,"column":10},"end":{"line":367,"column":43}}]},"26":{"loc":{"start":{"line":374,"column":25},"end":{"line":374,"column":53}},"type":"cond-expr","locations":[{"start":{"line":374,"column":35},"end":{"line":374,"column":49}},{"start":{"line":374,"column":52},"end":{"line":374,"column":53}}]},"27":{"loc":{"start":{"line":385,"column":17},"end":{"line":385,"column":45}},"type":"cond-expr","locations":[{"start":{"line":385,"column":27},"end":{"line":385,"column":41}},{"start":{"line":385,"column":44},"end":{"line":385,"column":45}}]},"28":{"loc":{"start":{"line":392,"column":4},"end":{"line":398,"column":5}},"type":"if","locations":[{"start":{"line":392,"column":4},"end":{"line":398,"column":5}},{"start":{"line":394,"column":11},"end":{"line":398,"column":5}}]},"29":{"loc":{"start":{"line":394,"column":11},"end":{"line":398,"column":5}},"type":"if","locations":[{"start":{"line":394,"column":11},"end":{"line":398,"column":5}},{"start":{"line":396,"column":11},"end":{"line":398,"column":5}}]},"30":{"loc":{"start":{"line":402,"column":4},"end":{"line":406,"column":5}},"type":"if","locations":[{"start":{"line":402,"column":4},"end":{"line":406,"column":5}}]},"31":{"loc":{"start":{"line":420,"column":4},"end":{"line":420,"column":56}},"type":"if","locations":[{"start":{"line":420,"column":4},"end":{"line":420,"column":56}}]},"32":{"loc":{"start":{"line":498,"column":4},"end":{"line":503,"column":5}},"type":"if","locations":[{"start":{"line":498,"column":4},"end":{"line":503,"column":5}},{"start":{"line":500,"column":11},"end":{"line":503,"column":5}}]},"33":{"loc":{"start":{"line":500,"column":11},"end":{"line":503,"column":5}},"type":"if","locations":[{"start":{"line":500,"column":11},"end":{"line":503,"column":5}}]},"34":{"loc":{"start":{"line":513,"column":4},"end":{"line":515,"column":5}},"type":"if","locations":[{"start":{"line":513,"column":4},"end":{"line":515,"column":5}}]},"35":{"loc":{"start":{"line":521,"column":4},"end":{"line":523,"column":5}},"type":"if","locations":[{"start":{"line":521,"column":4},"end":{"line":523,"column":5}}]},"36":{"loc":{"start":{"line":532,"column":6},"end":{"line":541,"column":7}},"type":"if","locations":[{"start":{"line":532,"column":6},"end":{"line":541,"column":7}},{"start":{"line":535,"column":13},"end":{"line":541,"column":7}}]},"37":{"loc":{"start":{"line":538,"column":8},"end":{"line":540,"column":9}},"type":"if","locations":[{"start":{"line":538,"column":8},"end":{"line":540,"column":9}}]},"38":{"loc":{"start":{"line":552,"column":11},"end":{"line":552,"column":24}},"type":"binary-expr","locations":[{"start":{"line":552,"column":11},"end":{"line":552,"column":16}},{"start":{"line":552,"column":20},"end":{"line":552,"column":24}}]},"39":{"loc":{"start":{"line":565,"column":6},"end":{"line":566,"column":64}},"type":"binary-expr","locations":[{"start":{"line":565,"column":6},"end":{"line":565,"column":29}},{"start":{"line":566,"column":7},"end":{"line":566,"column":31}},{"start":{"line":566,"column":35},"end":{"line":566,"column":63}}]},"40":{"loc":{"start":{"line":572,"column":4},"end":{"line":575,"column":5}},"type":"if","locations":[{"start":{"line":572,"column":4},"end":{"line":575,"column":5}}]},"41":{"loc":{"start":{"line":577,"column":4},"end":{"line":584,"column":5}},"type":"if","locations":[{"start":{"line":577,"column":4},"end":{"line":584,"column":5}}]},"42":{"loc":{"start":{"line":580,"column":6},"end":{"line":583,"column":7}},"type":"if","locations":[{"start":{"line":580,"column":6},"end":{"line":583,"column":7}}]},"43":{"loc":{"start":{"line":580,"column":10},"end":{"line":580,"column":41}},"type":"binary-expr","locations":[{"start":{"line":580,"column":10},"end":{"line":580,"column":18}},{"start":{"line":580,"column":22},"end":{"line":580,"column":41}}]},"44":{"loc":{"start":{"line":601,"column":4},"end":{"line":603,"column":5}},"type":"if","locations":[{"start":{"line":601,"column":4},"end":{"line":603,"column":5}}]},"45":{"loc":{"start":{"line":616,"column":4},"end":{"line":618,"column":5}},"type":"if","locations":[{"start":{"line":616,"column":4},"end":{"line":618,"column":5}}]},"46":{"loc":{"start":{"line":632,"column":4},"end":{"line":634,"column":5}},"type":"if","locations":[{"start":{"line":632,"column":4},"end":{"line":634,"column":5}}]},"47":{"loc":{"start":{"line":638,"column":4},"end":{"line":641,"column":5}},"type":"if","locations":[{"start":{"line":638,"column":4},"end":{"line":641,"column":5}}]},"48":{"loc":{"start":{"line":638,"column":8},"end":{"line":638,"column":58}},"type":"binary-expr","locations":[{"start":{"line":638,"column":8},"end":{"line":638,"column":22}},{"start":{"line":638,"column":26},"end":{"line":638,"column":58}}]},"49":{"loc":{"start":{"line":646,"column":4},"end":{"line":649,"column":5}},"type":"if","locations":[{"start":{"line":646,"column":4},"end":{"line":649,"column":5}}]},"50":{"loc":{"start":{"line":652,"column":4},"end":{"line":655,"column":5}},"type":"if","locations":[{"start":{"line":652,"column":4},"end":{"line":655,"column":5}}]},"51":{"loc":{"start":{"line":660,"column":4},"end":{"line":663,"column":5}},"type":"if","locations":[{"start":{"line":660,"column":4},"end":{"line":663,"column":5}}]},"52":{"loc":{"start":{"line":675,"column":4},"end":{"line":677,"column":5}},"type":"if","locations":[{"start":{"line":675,"column":4},"end":{"line":677,"column":5}}]},"53":{"loc":{"start":{"line":679,"column":38},"end":{"line":679,"column":65}},"type":"binary-expr","locations":[{"start":{"line":679,"column":38},"end":{"line":679,"column":57}},{"start":{"line":679,"column":61},"end":{"line":679,"column":65}}]},"54":{"loc":{"start":{"line":682,"column":4},"end":{"line":717,"column":5}},"type":"if","locations":[{"start":{"line":682,"column":4},"end":{"line":717,"column":5}}]},"55":{"loc":{"start":{"line":682,"column":8},"end":{"line":682,"column":42}},"type":"binary-expr","locations":[{"start":{"line":682,"column":8},"end":{"line":682,"column":22}},{"start":{"line":682,"column":26},"end":{"line":682,"column":42}}]},"56":{"loc":{"start":{"line":685,"column":6},"end":{"line":693,"column":7}},"type":"if","locations":[{"start":{"line":685,"column":6},"end":{"line":693,"column":7}}]},"57":{"loc":{"start":{"line":705,"column":6},"end":{"line":713,"column":7}},"type":"if","locations":[{"start":{"line":705,"column":6},"end":{"line":713,"column":7}}]},"58":{"loc":{"start":{"line":724,"column":6},"end":{"line":732,"column":7}},"type":"if","locations":[{"start":{"line":724,"column":6},"end":{"line":732,"column":7}}]},"59":{"loc":{"start":{"line":745,"column":6},"end":{"line":753,"column":7}},"type":"if","locations":[{"start":{"line":745,"column":6},"end":{"line":753,"column":7}}]},"60":{"loc":{"start":{"line":774,"column":4},"end":{"line":776,"column":5}},"type":"if","locations":[{"start":{"line":774,"column":4},"end":{"line":776,"column":5}}]},"61":{"loc":{"start":{"line":784,"column":4},"end":{"line":786,"column":5}},"type":"if","locations":[{"start":{"line":784,"column":4},"end":{"line":786,"column":5}}]},"62":{"loc":{"start":{"line":795,"column":4},"end":{"line":798,"column":5}},"type":"if","locations":[{"start":{"line":795,"column":4},"end":{"line":798,"column":5}}]},"63":{"loc":{"start":{"line":795,"column":8},"end":{"line":795,"column":70}},"type":"binary-expr","locations":[{"start":{"line":795,"column":8},"end":{"line":795,"column":21}},{"start":{"line":795,"column":25},"end":{"line":795,"column":70}}]},"64":{"loc":{"start":{"line":805,"column":23},"end":{"line":805,"column":51}},"type":"cond-expr","locations":[{"start":{"line":805,"column":33},"end":{"line":805,"column":47}},{"start":{"line":805,"column":50},"end":{"line":805,"column":51}}]},"65":{"loc":{"start":{"line":821,"column":4},"end":{"line":823,"column":5}},"type":"if","locations":[{"start":{"line":821,"column":4},"end":{"line":823,"column":5}}]},"66":{"loc":{"start":{"line":821,"column":8},"end":{"line":821,"column":40}},"type":"binary-expr","locations":[{"start":{"line":821,"column":8},"end":{"line":821,"column":16}},{"start":{"line":821,"column":20},"end":{"line":821,"column":40}}]},"67":{"loc":{"start":{"line":830,"column":34},"end":{"line":830,"column":65}},"type":"binary-expr","locations":[{"start":{"line":830,"column":34},"end":{"line":830,"column":44}},{"start":{"line":830,"column":48},"end":{"line":830,"column":65}}]},"68":{"loc":{"start":{"line":836,"column":21},"end":{"line":836,"column":45}},"type":"cond-expr","locations":[{"start":{"line":836,"column":29},"end":{"line":836,"column":41}},{"start":{"line":836,"column":44},"end":{"line":836,"column":45}}]},"69":{"loc":{"start":{"line":844,"column":4},"end":{"line":863,"column":5}},"type":"if","locations":[{"start":{"line":844,"column":4},"end":{"line":863,"column":5}}]},"70":{"loc":{"start":{"line":849,"column":6},"end":{"line":862,"column":7}},"type":"if","locations":[{"start":{"line":849,"column":6},"end":{"line":862,"column":7}}]},"71":{"loc":{"start":{"line":849,"column":10},"end":{"line":849,"column":47}},"type":"binary-expr","locations":[{"start":{"line":849,"column":10},"end":{"line":849,"column":21}},{"start":{"line":849,"column":25},"end":{"line":849,"column":47}}]},"72":{"loc":{"start":{"line":890,"column":20},"end":{"line":890,"column":52}},"type":"default-arg","locations":[{"start":{"line":890,"column":50},"end":{"line":890,"column":52}}]},"73":{"loc":{"start":{"line":898,"column":4},"end":{"line":903,"column":5}},"type":"if","locations":[{"start":{"line":898,"column":4},"end":{"line":903,"column":5}}]},"74":{"loc":{"start":{"line":906,"column":19},"end":{"line":906,"column":51}},"type":"binary-expr","locations":[{"start":{"line":906,"column":19},"end":{"line":906,"column":30}},{"start":{"line":906,"column":34},"end":{"line":906,"column":51}}]},"75":{"loc":{"start":{"line":907,"column":19},"end":{"line":907,"column":73}},"type":"binary-expr","locations":[{"start":{"line":907,"column":19},"end":{"line":907,"column":28}},{"start":{"line":907,"column":32},"end":{"line":907,"column":73}}]},"76":{"loc":{"start":{"line":915,"column":6},"end":{"line":923,"column":7}},"type":"if","locations":[{"start":{"line":915,"column":6},"end":{"line":923,"column":7}}]},"77":{"loc":{"start":{"line":915,"column":10},"end":{"line":915,"column":44}},"type":"binary-expr","locations":[{"start":{"line":915,"column":10},"end":{"line":915,"column":25}},{"start":{"line":915,"column":29},"end":{"line":915,"column":44}}]},"78":{"loc":{"start":{"line":917,"column":8},"end":{"line":921,"column":9}},"type":"if","locations":[{"start":{"line":917,"column":8},"end":{"line":921,"column":9}}]},"79":{"loc":{"start":{"line":929,"column":8},"end":{"line":933,"column":9}},"type":"if","locations":[{"start":{"line":929,"column":8},"end":{"line":933,"column":9}}]},"80":{"loc":{"start":{"line":929,"column":12},"end":{"line":929,"column":46}},"type":"binary-expr","locations":[{"start":{"line":929,"column":12},"end":{"line":929,"column":18}},{"start":{"line":929,"column":22},"end":{"line":929,"column":46}}]},"81":{"loc":{"start":{"line":934,"column":8},"end":{"line":936,"column":9}},"type":"if","locations":[{"start":{"line":934,"column":8},"end":{"line":936,"column":9}}]},"82":{"loc":{"start":{"line":934,"column":12},"end":{"line":934,"column":42}},"type":"binary-expr","locations":[{"start":{"line":934,"column":12},"end":{"line":934,"column":16}},{"start":{"line":934,"column":20},"end":{"line":934,"column":42}}]},"83":{"loc":{"start":{"line":939,"column":8},"end":{"line":941,"column":9}},"type":"if","locations":[{"start":{"line":939,"column":8},"end":{"line":941,"column":9}}]},"84":{"loc":{"start":{"line":945,"column":8},"end":{"line":947,"column":9}},"type":"if","locations":[{"start":{"line":945,"column":8},"end":{"line":947,"column":9}}]},"85":{"loc":{"start":{"line":945,"column":12},"end":{"line":945,"column":56}},"type":"binary-expr","locations":[{"start":{"line":945,"column":12},"end":{"line":945,"column":32}},{"start":{"line":945,"column":36},"end":{"line":945,"column":56}}]},"86":{"loc":{"start":{"line":952,"column":67},"end":{"line":952,"column":146}},"type":"binary-expr","locations":[{"start":{"line":952,"column":67},"end":{"line":952,"column":85}},{"start":{"line":952,"column":89},"end":{"line":952,"column":107}},{"start":{"line":952,"column":111},"end":{"line":952,"column":146}}]},"87":{"loc":{"start":{"line":956,"column":14},"end":{"line":956,"column":76}},"type":"cond-expr","locations":[{"start":{"line":956,"column":35},"end":{"line":956,"column":69}},{"start":{"line":956,"column":72},"end":{"line":956,"column":76}}]},"88":{"loc":{"start":{"line":957,"column":12},"end":{"line":957,"column":91}},"type":"cond-expr","locations":[{"start":{"line":957,"column":33},"end":{"line":957,"column":84}},{"start":{"line":957,"column":87},"end":{"line":957,"column":91}}]},"89":{"loc":{"start":{"line":958,"column":19},"end":{"line":958,"column":38}},"type":"binary-expr","locations":[{"start":{"line":958,"column":19},"end":{"line":958,"column":30}},{"start":{"line":958,"column":34},"end":{"line":958,"column":38}}]},"90":{"loc":{"start":{"line":959,"column":17},"end":{"line":959,"column":34}},"type":"binary-expr","locations":[{"start":{"line":959,"column":17},"end":{"line":959,"column":26}},{"start":{"line":959,"column":30},"end":{"line":959,"column":34}}]},"91":{"loc":{"start":{"line":961,"column":15},"end":{"line":961,"column":56}},"type":"cond-expr","locations":[{"start":{"line":961,"column":36},"end":{"line":961,"column":49}},{"start":{"line":961,"column":52},"end":{"line":961,"column":56}}]},"92":{"loc":{"start":{"line":962,"column":14},"end":{"line":962,"column":72}},"type":"cond-expr","locations":[{"start":{"line":962,"column":35},"end":{"line":962,"column":65}},{"start":{"line":962,"column":68},"end":{"line":962,"column":72}}]},"93":{"loc":{"start":{"line":975,"column":4},"end":{"line":975,"column":42}},"type":"if","locations":[{"start":{"line":975,"column":4},"end":{"line":975,"column":42}}]},"94":{"loc":{"start":{"line":978,"column":4},"end":{"line":992,"column":5}},"type":"if","locations":[{"start":{"line":978,"column":4},"end":{"line":992,"column":5}}]},"95":{"loc":{"start":{"line":980,"column":6},"end":{"line":980,"column":55}},"type":"if","locations":[{"start":{"line":980,"column":6},"end":{"line":980,"column":55}}]},"96":{"loc":{"start":{"line":991,"column":6},"end":{"line":991,"column":62}},"type":"if","locations":[{"start":{"line":991,"column":6},"end":{"line":991,"column":62}}]},"97":{"loc":{"start":{"line":996,"column":6},"end":{"line":998,"column":7}},"type":"if","locations":[{"start":{"line":996,"column":6},"end":{"line":998,"column":7}}]},"98":{"loc":{"start":{"line":1009,"column":6},"end":{"line":1009,"column":61}},"type":"if","locations":[{"start":{"line":1009,"column":6},"end":{"line":1009,"column":61}}]},"99":{"loc":{"start":{"line":1019,"column":15},"end":{"line":1019,"column":42}},"type":"default-arg","locations":[{"start":{"line":1019,"column":40},"end":{"line":1019,"column":42}}]},"100":{"loc":{"start":{"line":1035,"column":4},"end":{"line":1037,"column":5}},"type":"if","locations":[{"start":{"line":1035,"column":4},"end":{"line":1037,"column":5}}]},"101":{"loc":{"start":{"line":1048,"column":8},"end":{"line":1051,"column":9}},"type":"if","locations":[{"start":{"line":1048,"column":8},"end":{"line":1051,"column":9}}]},"102":{"loc":{"start":{"line":1055,"column":8},"end":{"line":1057,"column":9}},"type":"if","locations":[{"start":{"line":1055,"column":8},"end":{"line":1057,"column":9}}]},"103":{"loc":{"start":{"line":1062,"column":8},"end":{"line":1062,"column":56}},"type":"if","locations":[{"start":{"line":1062,"column":8},"end":{"line":1062,"column":56}}]},"104":{"loc":{"start":{"line":1062,"column":12},"end":{"line":1062,"column":45}},"type":"binary-expr","locations":[{"start":{"line":1062,"column":12},"end":{"line":1062,"column":18}},{"start":{"line":1062,"column":22},"end":{"line":1062,"column":45}}]},"105":{"loc":{"start":{"line":1063,"column":8},"end":{"line":1063,"column":62}},"type":"if","locations":[{"start":{"line":1063,"column":8},"end":{"line":1063,"column":62}}]},"106":{"loc":{"start":{"line":1063,"column":12},"end":{"line":1063,"column":51}},"type":"binary-expr","locations":[{"start":{"line":1063,"column":12},"end":{"line":1063,"column":20}},{"start":{"line":1063,"column":24},"end":{"line":1063,"column":51}}]},"107":{"loc":{"start":{"line":1064,"column":8},"end":{"line":1064,"column":69}},"type":"if","locations":[{"start":{"line":1064,"column":8},"end":{"line":1064,"column":69}}]},"108":{"loc":{"start":{"line":1064,"column":12},"end":{"line":1064,"column":58}},"type":"binary-expr","locations":[{"start":{"line":1064,"column":12},"end":{"line":1064,"column":22}},{"start":{"line":1064,"column":26},"end":{"line":1064,"column":58}}]},"109":{"loc":{"start":{"line":1065,"column":8},"end":{"line":1065,"column":57}},"type":"if","locations":[{"start":{"line":1065,"column":8},"end":{"line":1065,"column":57}}]},"110":{"loc":{"start":{"line":1065,"column":12},"end":{"line":1065,"column":46}},"type":"binary-expr","locations":[{"start":{"line":1065,"column":12},"end":{"line":1065,"column":18}},{"start":{"line":1065,"column":22},"end":{"line":1065,"column":46}}]},"111":{"loc":{"start":{"line":1066,"column":8},"end":{"line":1066,"column":53}},"type":"if","locations":[{"start":{"line":1066,"column":8},"end":{"line":1066,"column":53}}]},"112":{"loc":{"start":{"line":1066,"column":12},"end":{"line":1066,"column":42}},"type":"binary-expr","locations":[{"start":{"line":1066,"column":12},"end":{"line":1066,"column":16}},{"start":{"line":1066,"column":20},"end":{"line":1066,"column":42}}]},"113":{"loc":{"start":{"line":1070,"column":42},"end":{"line":1070,"column":77}},"type":"binary-expr","locations":[{"start":{"line":1070,"column":42},"end":{"line":1070,"column":72}},{"start":{"line":1070,"column":76},"end":{"line":1070,"column":77}}]},"114":{"loc":{"start":{"line":1071,"column":46},"end":{"line":1071,"column":85}},"type":"binary-expr","locations":[{"start":{"line":1071,"column":46},"end":{"line":1071,"column":80}},{"start":{"line":1071,"column":84},"end":{"line":1071,"column":85}}]},"115":{"loc":{"start":{"line":1072,"column":39},"end":{"line":1072,"column":71}},"type":"binary-expr","locations":[{"start":{"line":1072,"column":39},"end":{"line":1072,"column":66}},{"start":{"line":1072,"column":70},"end":{"line":1072,"column":71}}]},"116":{"loc":{"start":{"line":1076,"column":8},"end":{"line":1078,"column":9}},"type":"if","locations":[{"start":{"line":1076,"column":8},"end":{"line":1078,"column":9}}]},"117":{"loc":{"start":{"line":1097,"column":4},"end":{"line":1106,"column":5}},"type":"if","locations":[{"start":{"line":1097,"column":4},"end":{"line":1106,"column":5}},{"start":{"line":1101,"column":11},"end":{"line":1106,"column":5}}]},"118":{"loc":{"start":{"line":1098,"column":6},"end":{"line":1100,"column":7}},"type":"if","locations":[{"start":{"line":1098,"column":6},"end":{"line":1100,"column":7}}]},"119":{"loc":{"start":{"line":1103,"column":6},"end":{"line":1105,"column":7}},"type":"if","locations":[{"start":{"line":1103,"column":6},"end":{"line":1105,"column":7}}]},"120":{"loc":{"start":{"line":1119,"column":4},"end":{"line":1121,"column":5}},"type":"if","locations":[{"start":{"line":1119,"column":4},"end":{"line":1121,"column":5}}]},"121":{"loc":{"start":{"line":1131,"column":4},"end":{"line":1131,"column":37}},"type":"if","locations":[{"start":{"line":1131,"column":4},"end":{"line":1131,"column":37}}]},"122":{"loc":{"start":{"line":1144,"column":4},"end":{"line":1146,"column":5}},"type":"if","locations":[{"start":{
[...]
n":76}}},"5":{"name":"salvarExport","decl":{"start":{"line":80,"column":15},"end":{"line":80,"column":27}},"loc":{"start":{"line":80,"column":74},"end":{"line":100,"column":1}}},"6":{"name":"(anonymous_15)","decl":{"start":{"line":88,"column":66},"end":{"line":88,"column":67}},"loc":{"start":{"line":88,"column":79},"end":{"line":97,"column":4}}},"7":{"name":"cenario1","decl":{"start":{"line":106,"column":15},"end":{"line":106,"column":23}},"loc":{"start":{"line":106,"column":23},"end":{"line":208,"column":1}}},"8":{"name":"(anonymous_17)","decl":{"start":{"line":153,"column":48},"end":{"line":153,"column":49}},"loc":{"start":{"line":153,"column":53},"end":{"line":153,"column":77}}},"9":{"name":"cenario2","decl":{"start":{"line":214,"column":15},"end":{"line":214,"column":23}},"loc":{"start":{"line":214,"column":23},"end":{"line":305,"column":1}}},"10":{"name":"cenario3","decl":{"start":{"line":311,"column":15},"end":{"line":311,"column":23}},"loc":{"start":{"line":311,"column":23},"end":{"line":478,"column":1}}},"11":{"name":"gerarRelatorio","decl":{"start":{"line":484,"column":9},"end":{"line":484,"column":23}},"loc":{"start":{"line":484,"column":23},"end":{"line":526,"column":1}}},"12":{"name":"(anonymous_21)","decl":{"start":{"line":489,"column":32},"end":{"line":489,"column":33}},"loc":{"start":{"line":489,"column":37},"end":{"line":489,"column":45}}},"13":{"name":"(anonymous_22)","decl":{"start":{"line":490,"column":32},"end":{"line":490,"column":33}},"loc":{"start":{"line":490,"column":37},"end":{"line":490,"column":46}}},"14":{"name":"(anonymous_23)","decl":{"start":{"line":512,"column":35},"end":{"line":512,"column":36}},"loc":{"start":{"line":512,"column":40},"end":{"line":512,"column":49}}},"15":{"name":"main","decl":{"start":{"line":532,"column":15},"end":{"line":532,"column":19}},"loc":{"start":{"line":532,"column":19},"end":{"line":551,"column":1}}}},"branchMap":{"0":{"loc":{"start":{"line":29,"column":17},"end":{"line":29,"column":57}},"type":"binary-expr","locations":[{"start":{"line":29,"column":17},"end":{"line":29,"column":32}},{"start":{"line":29,"column":36},"end":{"line":29,"column":57}}]},"1":{"loc":{"start":{"line":54,"column":15},"end":{"line":54,"column":33}},"type":"cond-expr","locations":[{"start":{"line":54,"column":24},"end":{"line":54,"column":27}},{"start":{"line":54,"column":30},"end":{"line":54,"column":33}}]},"2":{"loc":{"start":{"line":55,"column":24},"end":{"line":55,"column":54}},"type":"cond-expr","locations":[{"start":{"line":55,"column":34},"end":{"line":55,"column":49}},{"start":{"line":55,"column":52},"end":{"line":55,"column":54}}]},"3":{"loc":{"start":{"line":55,"column":57},"end":{"line":55,"column":89}},"type":"cond-expr","locations":[{"start":{"line":55,"column":65},"end":{"line":55,"column":84}},{"start":{"line":55,"column":87},"end":{"line":55,"column":89}}]},"4":{"loc":{"start":{"line":74,"column":29},"end":{"line":74,"column":76}},"type":"binary-expr","locations":[{"start":{"line":74,"column":29},"end":{"line":74,"column":53}},{"start":{"line":74,"column":57},"end":{"line":74,"column":76}}]},"5":{"loc":{"start":{"line":129,"column":6},"end":{"line":129,"column":41}},"type":"cond-expr","locations":[{"start":{"line":129,"column":20},"end":{"line":129,"column":30}},{"start":{"line":129,"column":33},"end":{"line":129,"column":41}}]},"6":{"loc":{"start":{"line":136,"column":4},"end":{"line":138,"column":5}},"type":"if","locations":[{"start":{"line":136,"column":4},"end":{"line":138,"column":5}}]},"7":{"loc":{"start":{"line":199,"column":17},"end":{"line":199,"column":97}},"type":"cond-expr","locations":[{"start":{"line":199,"column":42},"end":{"line":199,"column":85}},{"start":{"line":199,"column":88},"end":{"line":199,"column":97}}]},"8":{"loc":{"start":{"line":205,"column":4},"end":{"line":205,"column":83}},"type":"binary-expr","locations":[{"start":{"line":205,"column":4},"end":{"line":205,"column":48}},{"start":{"line":205,"column":52},"end":{"line":205,"column":83}}]},"9":{"loc":{"start":{"line":233,"column":2},"end":{"line":253,"column":3}},"type":"if","locations":[{"start":{"line":233,"column":2},"end":{"line":253,"column":3}}]},"10":{"loc":{"start":{"line":246,"column":6},"end":{"line":248,"column":7}},"type":"if","locations":[{"start":{"line":246,"column":6},"end":{"line":248,"column":7}}]},"11":{"loc":{"start":{"line":269,"column":28},"end":{"line":270,"column":61}},"type":"binary-expr","locations":[{"start":{"line":269,"column":28},"end":{"line":269,"column":70}},{"start":{"line":270,"column":28},"end":{"line":270,"column":61}}]},"12":{"loc":{"start":{"line":283,"column":24},"end":{"line":285,"column":58}},"type":"binary-expr","locations":[{"start":{"line":283,"column":25},"end":{"line":283,"column":44}},{"start":{"line":283,"column":48},"end":{"line":283,"column":70}},{"start":{"line":284,"column":25},"end":{"line":284,"column":45}},{"start":{"line":284,"column":49},"end":{"line":284,"column":72}},{"start":{"line":285,"column":24},"end":{"line":285,"column":58}}]},"13":{"loc":{"start":{"line":351,"column":4},"end":{"line":351,"column":38}},"type":"binary-expr","locations":[{"start":{"line":351,"column":4},"end":{"line":351,"column":18}},{"start":{"line":351,"column":22},"end":{"line":351,"column":38}}]},"14":{"loc":{"start":{"line":385,"column":4},"end":{"line":385,"column":31}},"type":"binary-expr","locations":[{"start":{"line":385,"column":4},"end":{"line":385,"column":14}},{"start":{"line":385,"column":18},"end":{"line":385,"column":31}}]},"15":{"loc":{"start":{"line":391,"column":2},"end":{"line":405,"column":3}},"type":"if","locations":[{"start":{"line":391,"column":2},"end":{"line":405,"column":3}},{"start":{"line":400,"column":9},"end":{"line":405,"column":3}}]},"16":{"loc":{"start":{"line":430,"column":4},"end":{"line":430,"column":31}},"type":"binary-expr","locations":[{"start":{"line":430,"column":4},"end":{"line":430,"column":14}},{"start":{"line":430,"column":18},"end":{"line":430,"column":31}}]},"17":{"loc":{"start":{"line":444,"column":4},"end":{"line":444,"column":78}},"type":"binary-expr","locations":[{"start":{"line":444,"column":4},"end":{"line":444,"column":33}},{"start":{"line":444,"column":37},"end":{"line":444,"column":78}}]},"18":{"loc":{"start":{"line":451,"column":2},"end":{"line":460,"column":3}},"type":"if","locations":[{"start":{"line":451,"column":2},"end":{"line":460,"column":3}},{"start":{"line":458,"column":9},"end":{"line":460,"column":3}}]},"19":{"loc":{"start":{"line":462,"column":2},"end":{"line":470,"column":3}},"type":"if","locations":[{"start":{"line":462,"column":2},"end":{"line":470,"column":3}},{"start":{"line":468,"column":9},"end":{"line":470,"column":3}}]},"20":{"loc":{"start":{"line":475,"column":4},"end":{"line":475,"column":80}},"type":"binary-expr","locations":[{"start":{"line":475,"column":4},"end":{"line":475,"column":23}},{"start":{"line":475,"column":27},"end":{"line":475,"column":48}},{"start":{"line":475,"column":52},"end":{"line":475,"column":80}}]},"21":{"loc":{"start":{"line":505,"column":19},"end":{"line":505,"column":39}},"type":"cond-expr","locations":[{"start":{"line":505,"column":30},"end":{"line":505,"column":33}},{"start":{"line":505,"column":36},"end":{"line":505,"column":39}}]},"22":{"loc":{"start":{"line":506,"column":20},"end":{"line":506,"column":68}},"type":"cond-expr","locations":[{"start":{"line":506,"column":30},"end":{"line":506,"column":48}},{"start":{"line":506,"column":52},"end":{"line":506,"column":67}}]},"23":{"loc":{"start":{"line":506,"column":52},"end":{"line":506,"column":67}},"type":"binary-expr","locations":[{"start":{"line":506,"column":52},"end":{"line":506,"column":61}},{"start":{"line":506,"column":65},"end":{"line":506,"column":67}}]},"24":{"loc":{"start":{"line":510,"column":2},"end":{"line":515,"column":3}},"type":"if","locations":[{"start":{"line":510,"column":2},"end":{"line":515,"column":3}}]},"25":{"loc":{"start":{"line":513,"column":30},"end":{"line":513,"column":68}},"type":"binary-expr","locations":[{"start":{"line":513,"column":30},"end":{"line":513,"column":37}},{"start":{"line":513,"column":41},"end":{"line":513,"column":50}},{"start":{"line":513,"column":54},"end":{"line":513,"column":68}}]},"26":{"loc":{"start":{"line":524,"column":6},"end":{"line":524,"column":96}},"type":"cond-expr","locations":[{"start":{"line":524,"column":21},"end":{"line":524,"column":58}},{"start":{"line":524,"column":61},"end":{"line":524,"column":96}}]}},"s":{"0":0,"1":0,"2":0,"3":0,"4":0,"5":0,"6":0,"7":0,"8":0,"9":0,"10":0,"11":0,"12":0,"13":0,"14":0,"15":0,"16":0,"17":0,"18":0,"19":0,"20":0,"21":0,"22":0,"23":0,"24":0,"25":0,"26":0,"27":0,"28":0,"29":0,"30":0,"31":0,"32":0,"33":0,"34":0,"35":0,"36":0,"37":0,"38":0,"39":0,"40":0,"41":0,"42":0,"43":0,"44":0,"45":0,"46":0,"47":0,"48":0,"49":0,"50":0,"51":0,"52":0,"53":0,"54":0,"55":0,"56":0,"57":0,"58":0,"59":0,"60":0,"61":0,"62":0,"63":0,"64":0,"65":0,"66":0,"67":0,"68":0,"69":0,"70":0,"71":0,"72":0,"73":0,"74":0,"75":0,"76":0,"77":0,"78":0,"79":0,"80":0,"81":0,"82":0,"83":0,"84":0,"85":0,"86":0,"87":0,"88":0,"89":0,"90":0,"91":0,"92":0,"93":0,"94":0,"95":0,"96":0,"97":0,"98":0,"99":0,"100":0,"101":0,"102":0,"103":0,"104":0,"105":0,"106":0,"107":0,"108":0,"109":0,"110":0,"111":0,"112":0,"113":0,"114":0,"115":0,"116":0,"117":0,"118":0,"119":0,"120":0,"121":0,"122":0,"123":0,"124":0,"125":0,"126":0,"127":0,"128":0,"129":0,"130":0,"131":0,"132":0,"133":0,"134":0,"135":0,"136":0,"137":0,"138":0,"139":0,"140":0,"141":0,"142":0,"143":0,"144":0,"145":0,"146":0,"147":0,"148":0,"149":0,"150":0,"151":0,"152":0,"153":0,"154":0,"155":0,"156":0,"157":0,"158":0,"159":0,"160":0,"161":0,"162":0,"163":0,"164":0,"165":0,"166":0,"167":0,"168":0,"169":0,"170":0,"171":0,"172":0,"173":0,"174":0,"175":0,"176":0,"177":0,"178":0,"179":0,"180":0,"181":0,"182":0,"183":0,"184":0,"185":0,"186":0,"187":0,"188":0,"189":0,"190":0,"191":0,"192":0,"193":0,"194":0,"195":0,"196":0,"197":0,"198":0,"199":0,"200":0,"201":0,"202":0,"203":0,"204":0,"205":0,"206":0,"207":0,"208":0,"209":0,"210":0,"211":0,"212":0,"213":0,"214":0,"215":0},"f":{"0":0,"1":0,"2":0,"3":0,"4":0,"5":0,"6":0,"7":0,"8":0,"9":0,"10":0,"11":0,"12":0,"13":0,"14":0,"15":0},"b":{"0":[0,0],"1":[0,0],"2":[0,0],"3":[0,0],"4":[0,0],"5":[0,0],"6":[0],"7":[0,0],"8":[0,0],"9":[0],"10":[0],"11":[0,0],"12":[0,0,0,0,0],"13":[0,0],"14":[0,0],"15":[0,0],"16":[0,0],"17":[0,0],"18":[0,0],"19":[0,0],"20":[0,0,0],"21":[0,0],"22":[0,0],"23":[0,0],"24":[0],"25":[0,0,0],"26":[0,0]}}
,"/home/bazari/libervia/libervia/incremento-1/servicos/MemoryQueryService.ts": {"path":"/home/bazari/libervia/libervia/incremento-1/servicos/MemoryQueryService.ts","statementMap":{"0":{"start":{"line":23,"column":12},"end":{"line":23,"column":44}},"1":{"start":{"line":24,"column":12},"end":{"line":24,"column":42}},"2":{"start":{"line":25,"column":12},"end":{"line":25,"column":44}},"3":{"start":{"line":31,"column":39},"end":{"line":31,"column":74}},"4":{"start":{"line":34,"column":25},"end":{"line":34,"column":49}},"5":{"start":{"line":34,"column":44},"end":{"line":34,"column":48}},"6":{"start":{"line":37,"column":24},"end":{"line":37,"column":77}},"7":{"start":{"line":38,"column":25},"end":{"line":38,"column":79}},"8":{"start":{"line":41,"column":30},"end":{"line":41,"column":32}},"9":{"start":{"line":43,"column":4},"end":{"line":79,"column":5}},"10":{"start":{"line":44,"column":29},"end":{"line":51,"column":8}},"11":{"start":{"line":54,"column":22},"end":{"line":54,"column":50}},"12":{"start":{"line":55,"column":6},"end":{"line":70,"column":7}},"13":{"start":{"line":57,"column":8},"end":{"line":59,"column":9}},"14":{"start":{"line":58,"column":10},"end":{"line":58,"column":19}},"15":{"start":{"line":61,"column":8},"end":{"line":61,"column":48}},"16":{"start":{"line":62,"column":8},"end":{"line":62,"column":66}},"17":{"start":{"line":63,"column":8},"end":{"line":63,"column":42}},"18":{"start":{"line":64,"column":8},"end":{"line":64,"column":38}},"19":{"start":{"line":67,"column":8},"end":{"line":69,"column":9}},"20":{"start":{"line":68,"column":10},"end":{"line":68,"column":19}},"21":{"start":{"line":73,"column":23},"end":{"line":73,"column":52}},"22":{"start":{"line":74,"column":6},"end":{"line":76,"column":7}},"23":{"start":{"line":75,"column":8},"end":{"line":75,"column":38}},"24":{"start":{"line":78,"column":6},"end":{"line":78,"column":21}},"25":{"start":{"line":81,"column":4},"end":{"line":85,"column":6}},"26":{"start":{"line":99,"column":9},"end":{"line":99,"column":27}}},"fnMap":{"0":{"name":"(anonymous_0)","decl":{"start":{"line":22,"column":2},"end":{"line":22,"column":null}},"loc":{"start":{"line":25,"column":44},"end":{"line":26,"column":6}}},"1":{"name":"(anonymous_1)","decl":{"start":{"line":28,"column":2},"end":{"line":28,"column":7}},"loc":{"start":{"line":28,"column":31},"end":{"line":86,"column":3}}},"2":{"name":"(anonymous_2)","decl":{"start":{"line":34,"column":39},"end":{"line":34,"column":40}},"loc":{"start":{"line":34,"column":44},"end":{"line":34,"column":48}}}},"branchMap":{"0":{"loc":{"start":{"line":50,"column":22},"end":{"line":50,"column":56}},"type":"binary-expr","locations":[{"start":{"line":50,"column":22},"end":{"line":50,"column":43}},{"start":{"line":50,"column":47},"end":{"line":50,"column":56}}]},"1":{"loc":{"start":{"line":55,"column":6},"end":{"line":70,"column":7}},"type":"if","locations":[{"start":{"line":55,"column":6},"end":{"line":70,"column":7}},{"start":{"line":65,"column":13},"end":{"line":70,"column":7}}]},"2":{"loc":{"start":{"line":57,"column":8},"end":{"line":59,"column":9}},"type":"if","locations":[{"start":{"line":57,"column":8},"end":{"line":59,"column":9}}]},"3":{"loc":{"start":{"line":57,"column":12},"end":{"line":57,"column":77}},"type":"binary-expr","locations":[{"start":{"line":57,"column":12},"end":{"line":57,"column":30}},{"start":{"line":57,"column":34},"end":{"line":57,"column":77}}]},"4":{"loc":{"start":{"line":67,"column":8},"end":{"line":69,"column":9}},"type":"if","locations":[{"start":{"line":67,"column":8},"end":{"line":69,"column":9}}]},"5":{"loc":{"start":{"line":74,"column":6},"end":{"line":76,"column":7}},"type":"if","locations":[{"start":{"line":74,"column":6},"end":{"line":76,"column":7}}]}},"s":{"0":43,"1":43,"2":43,"3":3,"4":3,"5":2,"6":3,"7":3,"8":3,"9":3,"10":2,"11":2,"12":2,"13":2,"14":1,"15":1,"16":1,"17":1,"18":1,"19":0,"20":0,"21":1,"22":1,"23":0,"24":1,"25":3,"26":6},"f":{"0":43,"1":3,"2":2},"b":{"0":[2,2],"1":[2,0],"2":[1],"3":[2,2],"4":[0],"5":[0]}}
,"/home/bazari/libervia/libervia/incremento-1/utilitarios/HashUtil.ts": {"path":"/home/bazari/libervia/libervia/incremento-1/utilitarios/HashUtil.ts","statementMap":{"0":{"start":{"line":60,"column":9},"end":{"line":60,"column":15}},"1":{"start":{"line":60,"column":17},"end":{"line":60,"column":33}},"2":{"start":{"line":60,"column":35},"end":{"line":60,"column":53}},"3":{"start":{"line":1,"column":0},"end":{"line":1,"column":33}},"4":{"start":{"line":12,"column":2},"end":{"line":12,"column":72}},"5":{"start":{"line":38,"column":15},"end":{"line":46,"column":13}},"6":{"start":{"line":48,"column":2},"end":{"line":48,"column":22}},"7":{"start":{"line":56,"column":21},"end":{"line":56,"column":83}},"8":{"start":{"line":57,"column":2},"end":{"line":57,"column":28}}},"fnMap":{"0":{"name":"sha256","decl":{"start":{"line":11,"column":9},"end":{"line":11,"column":15}},"loc":{"start":{"line":11,"column":28},"end":{"line":13,"column":1}}},"1":{"name":"computeEventHash","decl":{"start":{"line":29,"column":9},"end":{"line":29,"column":25}},"loc":{"start":{"line":36,"column":21},"end":{"line":49,"column":1}}},"2":{"name":"computePayloadHash","decl":{"start":{"line":55,"column":9},"end":{"line":55,"column":27}},"loc":{"start":{"line":55,"column":44},"end":{"line":58,"column":1}}}},"branchMap":{"0":{"loc":{"start":{"line":39,"column":4},"end":{"line":39,"column":22}},"type":"binary-expr","locations":[{"start":{"line":39,"column":4},"end":{"line":39,"column":16}},{"start":{"line":39,"column":20},"end":{"line":39,"column":22}}]}},"s":{"0":4,"1":4,"2":4,"3":4,"4":680,"5":409,"6":409,"7":271,"8":271},"f":{"0":680,"1":409,"2":271},"b":{"0":[409,116]}}
,"/home/bazari/libervia/libervia/incremento-1/utilitarios/JsonFileStore.ts": {"path":"/home/bazari/libervia/libervia/incremento-1/utilitarios/JsonFileStore.ts","statementMap":{"0":{"start":{"line":1,"column":0},"end":{"line":1,"column":34}},"1":{"start":{"line":2,"column":0},"end":{"line":2,"column":29}},"2":{"start":{"line":13,"column":22},"end":{"line":13,"column":38}},"3":{"start":{"line":11,"column":10},"end":{"line":11,"column":56}},"4":{"start":{"line":21,"column":20},"end":{"line":21,"column":42}},"5":{"start":{"line":23,"column":4},"end":{"line":44,"column":5}},"6":{"start":{"line":25,"column":18},"end":{"line":25,"column":59}},"7":{"start":{"line":26,"column":6},"end":{"line":26,"column":29}},"8":{"start":{"line":28,"column":6},"end":{"line":42,"column":7}},"9":{"start":{"line":30,"column":8},"end":{"line":40,"column":9}},"10":{"start":{"line":31,"column":28},"end":{"line":31,"column":88}},"11":{"start":{"line":31,"column":64},"end":{"line":31,"column":68}},"12":{"start":{"line":31,"column":82},"end":{"line":31,"column":87}},"13":{"start":{"line":32,"column":10},"end":{"line":37,"column":11}},"14":{"start":{"line":34,"column":12},"end":{"line":34,"column":52}},"15":{"start":{"line":35,"column":24},"end":{"line":35,"column":65}},"16":{"start":{"line":36,"column":12},"end":{"line":36,"column":35}},"17":{"start":{"line":41,"column":8},"end":{"line":41,"column":18}},"18":{"start":{"line":43,"column":6},"end":{"line":43,"column":18}},"19":{"start":{"line":54,"column":16},"end":{"line":54,"column":43}},"20":{"start":{"line":55,"column":20},"end":{"line":55,"column":42}},"21":{"start":{"line":58,"column":4},"end":{"line":62,"column":7}},"22":{"start":{"line":59,"column":6},"end":{"line":59,"column":47}},"23":{"start":{"line":60,"column":6},"end":{"line":60,"column":75}},"24":{"start":{"line":61,"column":6},"end":{"line":61,"column":46}},"25":{"start":{"line":64,"column":4},"end":{"line":64,"column":27}},"26":{"start":{"line":68,"column":9},"end":{"line":68,"column":22}}},"fnMap":{"0":{"name":"(anonymous_9)","decl":{"start":{"line":13,"column":2},"end":{"line":13,"column":22}},"loc":{"start":{"line":13,"column":38},"end":{"line":13,"column":42}}},"1":{"name":"(anonymous_10)","decl":{"start":{"line":20,"column":2},"end":{"line":20,"column":7}},"loc":{"start":{"line":20,"column":15},"end":{"line":45,"column":3}}},"2":{"name":"(anonymous_11)","decl":{"start":{"line":31,"column":58},"end":{"line":31,"column":61}},"loc":{"start":{"line":31,"column":64},"end":{"line":31,"column":68}}},"3":{"name":"(anonymous_12)","decl":{"start":{"line":31,"column":76},"end":{"line":31,"column":79}},"loc":{"start":{"line":31,"column":82},"end":{"line":31,"column":87}}},"4":{"name":"(anonymous_13)","decl":{"start":{"line":53,"column":2},"end":{"line":53,"column":7}},"loc":{"start":{"line":53,"column":29},"end":{"line":65,"column":3}}},"5":{"name":"(anonymous_14)","decl":{"start":{"line":58,"column":44},"end":{"line":58,"column":47}},"loc":{"start":{"line":58,"column":49},"end":{"line":58,"column":52}}},"6":{"name":"(anonymous_15)","decl":{"start":{"line":58,"column":59},"end":{"line":58,"column":64}},"loc":{"start":{"line":58,"column":70},"end":{"line":62,"column":5}}}},"branchMap":{"0":{"loc":{"start":{"line":28,"column":6},"end":{"line":42,"column":7}},"type":"if","locations":[{"start":{"line":28,"column":6},"end":{"line":42,"column":7}}]},"1":{"loc":{"start":{"line":32,"column":10},"end":{"line":37,"column":11}},"type":"if","locations":[{"start":{"line":32,"column":10},"end":{"line":37,"column":11}}]}},"s":{"0":6,"1":6,"2":245,"3":245,"4":245,"5":245,"6":245,"7":4,"8":241,"9":241,"10":241,"11":0,"12":241,"13":241,"14":0,"15":0,"16":0,"17":241,"18":0,"19":924,"20":924,"21":924,"22":924,"23":924,"24":924,"25":924,"26":6},"f":{"0":245,"1":245,"2":0,"3":241,"4":924,"5":0,"6":924},"b":{"0":[241],"1":[0]}}
}
