TN:
SF:entidades/tipos.ts
FN:5,(anonymous_0)
FN:16,(anonymous_1)
FN:23,(anonymous_2)
FN:30,(anonymous_3)
FNF:4
FNH:4
FNDA:6,(anonymous_0)
FNDA:6,(anonymous_1)
FNDA:6,(anonymous_2)
FNDA:6,(anonymous_3)
DA:5,6
DA:6,6
DA:7,6
DA:8,6
DA:9,6
DA:10,6
DA:11,6
DA:12,6
DA:13,6
DA:16,6
DA:17,6
DA:18,6
DA:19,6
DA:20,6
DA:23,6
DA:24,6
DA:25,6
DA:26,6
DA:30,6
DA:31,6
DA:32,6
DA:33,6
LF:22
LH:22
BRDA:5,0,0,6
BRDA:5,0,1,6
BRDA:16,1,0,6
BRDA:16,1,1,6
BRDA:23,2,0,6
BRDA:23,2,1,6
BRDA:30,3,0,6
BRDA:30,3,1,6
BRF:8
BRH:8
end_of_record
TN:
SF:event-log/EventLogEntry.ts
FN:49,(anonymous_0)
FN:75,(anonymous_1)
FNF:2
FNH:2
FNDA:6,(anonymous_0)
FNDA:6,(anonymous_1)
DA:49,6
DA:51,6
DA:52,6
DA:55,6
DA:56,6
DA:59,6
DA:60,6
DA:63,6
DA:66,6
DA:69,6
DA:75,6
DA:76,6
DA:77,6
DA:78,6
DA:79,6
DA:80,6
DA:81,6
LF:17
LH:17
BRDA:49,0,0,6
BRDA:49,0,1,6
BRDA:75,1,0,6
BRDA:75,1,1,6
BRF:4
BRH:4
end_of_record
TN:
SF:event-log/EventLogRepositoryImpl.ts
FN:71,serializeEntry
FN:78,reviveEntry
FN:89,generateEventId
FN:99,segmentFileName
FN:103,parseSegmentNumber
FN:112,atomicWriteJson
FN:120,readJsonSafe
FN:156,(anonymous_16)
FN:165,(anonymous_17)
FN:174,(anonymous_18)
FN:187,(anonymous_19)
FN:188,(anonymous_20)
FN:188,(anonymous_21)
FN:193,(anonymous_22)
FN:193,(anonymous_23)
FN:198,(anonymous_24)
FN:198,(anonymous_25)
FN:243,(anonymous_26)
FN:243,(anonymous_27)
FN:271,(anonymous_28)
FN:312,(anonymous_29)
FN:327,(anonymous_30)
FN:329,(anonymous_31)
FN:329,(anonymous_32)
FN:344,(anonymous_33)
FN:345,(anonymous_34)
FN:401,(anonymous_35)
FN:409,(anonymous_36)
FN:413,(anonymous_37)
FN:419,(anonymous_38)
FN:436,(anonymous_39)
FN:446,(anonymous_40)
FN:508,(anonymous_41)
FN:514,(anonymous_42)
FN:520,(anonymous_43)
FN:520,(anonymous_44)
FN:528,(anonymous_45)
FN:529,(anonymous_46)
FN:545,(anonymous_47)
FN:548,(anonymous_48)
FN:551,(anonymous_49)
FN:555,(anonymous_50)
FN:558,(anonymous_51)
FN:561,(anonymous_52)
FN:564,(anonymous_53)
FN:570,(anonymous_54)
FN:588,(anonymous_55)
FN:598,(anonymous_56)
FN:613,(anonymous_57)
FN:629,(anonymous_58)
FN:644,(anonymous_59)
FN:669,(anonymous_60)
FN:770,(anonymous_61)
FN:773,(anonymous_62)
FN:773,(anonymous_63)
FN:781,(anonymous_64)
FN:782,(anonymous_65)
FN:806,(anonymous_66)
FN:816,(anonymous_67)
FN:830,(anonymous_68)
FN:831,(anonymous_69)
FN:890,(anonymous_70)
FN:974,(anonymous_71)
FN:1019,(anonymous_72)
FN:1091,(anonymous_73)
FN:1129,(anonymous_74)
FN:1130,(anonymous_75)
FN:1130,(anonymous_76)
FN:1136,(anonymous_77)
FN:1137,(anonymous_78)
FN:1143,(anonymous_79)
FN:1145,(anonymous_80)
FN:1156,(anonymous_81)
FN:1177,(anonymous_82)
FN:1181,(anonymous_83)
FN:1201,(anonymous_84)
FN:1209,(anonymous_85)
FN:1222,(anonymous_86)
FN:1238,(anonymous_87)
FN:1239,(anonymous_88)
FN:1239,(anonymous_89)
FN:1243,(anonymous_90)
FN:1250,(anonymous_91)
FN:1258,(anonymous_92)
FN:1266,(anonymous_93)
FNF:85
FNH:72
FNDA:733,serializeEntry
FNDA:99,reviveEntry
FNDA:265,generateEventId
FNDA:308,segmentFileName
FNDA:128,parseSegmentNumber
FNDA:333,atomicWriteJson
FNDA:115,readJsonSafe
FNDA:72,(anonymous_16)
FNDA:72,(anonymous_17)
FNDA:72,(anonymous_18)
FNDA:72,(anonymous_19)
FNDA:2,(anonymous_20)
FNDA:70,(anonymous_21)
FNDA:0,(anonymous_22)
FNDA:2,(anonymous_23)
FNDA:0,(anonymous_24)
FNDA:0,(anonymous_25)
FNDA:0,(anonymous_26)
FNDA:2,(anonymous_27)
FNDA:2,(anonymous_28)
FNDA:2,(anonymous_29)
FNDA:72,(anonymous_30)
FNDA:9,(anonymous_31)
FNDA:63,(anonymous_32)
FNDA:10,(anonymous_33)
FNDA:1,(anonymous_34)
FNDA:461,(anonymous_35)
FNDA:298,(anonymous_36)
FNDA:265,(anonymous_37)
FNDA:65,(anonymous_38)
FNDA:32,(anonymous_39)
FNDA:265,(anonymous_40)
FNDA:66,(anonymous_41)
FNDA:49,(anonymous_42)
FNDA:59,(anonymous_43)
FNDA:0,(anonymous_44)
FNDA:77,(anonymous_45)
FNDA:18,(anonymous_46)
FNDA:197,(anonymous_47)
FNDA:3,(anonymous_48)
FNDA:8,(anonymous_49)
FNDA:3,(anonymous_50)
FNDA:15,(anonymous_51)
FNDA:3,(anonymous_52)
FNDA:15,(anonymous_53)
FNDA:3,(anonymous_54)
FNDA:10,(anonymous_55)
FNDA:42,(anonymous_56)
FNDA:3,(anonymous_57)
FNDA:44,(anonymous_58)
FNDA:35,(anonymous_59)
FNDA:44,(anonymous_60)
FNDA:3,(anonymous_61)
FNDA:3,(anonymous_62)
FNDA:0,(anonymous_63)
FNDA:9,(anonymous_64)
FNDA:6,(anonymous_65)
FNDA:0,(anonymous_66)
FNDA:0,(anonymous_67)
FNDA:0,(anonymous_68)
FNDA:0,(anonymous_69)
FNDA:8,(anonymous_70)
FNDA:7,(anonymous_71)
FNDA:8,(anonymous_72)
FNDA:29,(anonymous_73)
FNDA:16,(anonymous_74)
FNDA:15,(anonymous_75)
FNDA:1,(anonymous_76)
FNDA:16,(anonymous_77)
FNDA:1,(anonymous_78)
FNDA:15,(anonymous_79)
FNDA:43,(anonymous_80)
FNDA:1,(anonymous_81)
FNDA:32,(anonymous_82)
FNDA:1,(anonymous_83)
FNDA:0,(anonymous_84)
FNDA:1,(anonymous_85)
FNDA:8,(anonymous_86)
FNDA:6,(anonymous_87)
FNDA:6,(anonymous_88)
FNDA:0,(anonymous_89)
FNDA:16,(anonymous_90)
FNDA:3,(anonymous_91)
FNDA:0,(anonymous_92)
FNDA:1,(anonymous_93)
DA:1,4
DA:2,4
DA:3,4
DA:28,4
DA:38,4
DA:39,4
DA:72,733
DA:79,99
DA:90,265
DA:91,265
DA:92,265
DA:100,308
DA:104,128
DA:105,128
DA:113,333
DA:114,333
DA:115,333
DA:116,333
DA:117,333
DA:121,115
DA:122,115
DA:123,46
DA:125,69
DA:126,0
DA:142,72
DA:145,72
DA:146,72
DA:147,72
DA:148,72
DA:149,72
DA:150,72
DA:154,72
DA:157,72
DA:158,72
DA:159,72
DA:160,72
DA:161,72
DA:162,72
DA:169,72
DA:170,72
DA:171,72
DA:176,72
DA:179,72
DA:182,72
DA:184,72
DA:188,72
DA:189,72
DA:192,2
DA:193,2
DA:196,2
DA:198,0
DA:200,0
DA:201,0
DA:202,0
DA:204,0
DA:206,0
DA:207,0
DA:208,0
DA:209,0
DA:218,0
DA:223,0
DA:224,0
DA:228,2
DA:231,2
DA:232,2
DA:233,0
DA:234,0
DA:237,2
DA:240,2
DA:243,2
DA:244,2
DA:245,2
DA:249,2
DA:250,1
DA:251,1
DA:260,1
DA:264,2
DA:272,2
DA:274,2
DA:275,2
DA:277,2
DA:286,2
DA:288,1
DA:289,1
DA:290,1
DA:292,1
DA:294,1
DA:303,1
DA:306,1
DA:313,2
DA:314,2
DA:317,0
DA:318,0
DA:319,0
DA:320,0
DA:329,72
DA:331,72
DA:333,63
DA:334,63
DA:335,63
DA:336,63
DA:337,63
DA:338,63
DA:341,9
DA:342,9
DA:344,10
DA:345,1
DA:347,9
DA:348,0
DA:349,0
DA:350,0
DA:351,0
DA:352,0
DA:353,0
DA:357,9
DA:358,9
DA:359,9
DA:360,9
DA:363,9
DA:365,3
DA:370,3
DA:371,3
DA:372,0
DA:373,0
DA:374,0
DA:377,3
DA:378,3
DA:381,6
DA:382,6
DA:383,6
DA:384,6
DA:385,6
DA:387,6
DA:388,6
DA:392,9
DA:393,9
DA:394,0
DA:395,0
DA:397,0
DA:402,461
DA:403,0
DA:410,298
DA:414,265
DA:415,265
DA:416,265
DA:420,65
DA:422,65
DA:423,65
DA:432,65
DA:433,65
DA:439,32
DA:442,32
DA:443,32
DA:453,265
DA:455,265
DA:456,265
DA:457,265
DA:460,265
DA:463,265
DA:473,265
DA:486,265
DA:487,265
DA:488,265
DA:489,265
DA:492,265
DA:495,265
DA:498,265
DA:499,32
DA:500,233
DA:502,33
DA:505,265
DA:509,66
DA:513,66
DA:514,49
DA:517,59
DA:520,59
DA:521,59
DA:522,0
DA:525,59
DA:526,59
DA:528,77
DA:529,18
DA:531,59
DA:532,77
DA:534,55
DA:536,22
DA:537,22
DA:538,22
DA:539,22
DA:544,59
DA:545,197
DA:549,3
DA:550,3
DA:551,8
DA:552,3
DA:556,3
DA:557,3
DA:558,15
DA:562,3
DA:563,3
DA:564,3
DA:565,15
DA:571,3
DA:572,3
DA:573,3
DA:574,3
DA:577,0
DA:578,0
DA:579,0
DA:580,0
DA:581,0
DA:582,0
DA:585,0
DA:589,10
DA:590,10
DA:599,42
DA:601,42
DA:602,3
DA:606,39
DA:614,3
DA:616,3
DA:617,0
DA:620,3
DA:621,3
DA:630,44
DA:632,44
DA:633,0
DA:636,44
DA:638,44
DA:640,39
DA:644,35
DA:646,5
DA:648,0
DA:652,5
DA:654,1
DA:658,4
DA:660,4
DA:662,3
DA:666,1
DA:675,44
DA:676,0
DA:679,44
DA:682,44
DA:683,43
DA:685,43
DA:686,1
DA:695,42
DA:705,42
DA:706,26
DA:715,16
DA:716,16
DA:720,17
DA:721,57
DA:724,57
DA:725,2
DA:735,55
DA:745,55
DA:746,4
DA:755,51
DA:758,11
DA:771,3
DA:773,3
DA:774,3
DA:775,0
DA:778,3
DA:779,3
DA:781,9
DA:782,6
DA:784,3
DA:785,1
DA:789,2
DA:790,2
DA:793,2
DA:795,2
DA:797,0
DA:801,2
DA:802,2
DA:803,3
DA:804,3
DA:805,3
DA:806,3
DA:810,2
DA:811,2
DA:813,2
DA:818,0
DA:819,0
DA:821,0
DA:822,0
DA:826,0
DA:827,0
DA:828,0
DA:830,0
DA:831,0
DA:833,0
DA:834,0
DA:835,0
DA:836,0
DA:840,0
DA:844,0
DA:845,0
DA:846,0
DA:847,0
DA:849,0
DA:850,0
DA:851,0
DA:860,0
DA:861,0
DA:868,0
DA:877,0
DA:891,8
DA:893,8
DA:896,8
DA:898,8
DA:899,1
DA:906,7
DA:907,7
DA:909,7
DA:910,7
DA:911,7
DA:914,7
DA:915,8
DA:917,1
DA:918,0
DA:919,0
DA:920,0
DA:922,1
DA:925,7
DA:927,7
DA:929,17
DA:930,2
DA:931,2
DA:932,2
DA:934,15
DA:935,0
DA:939,15
DA:940,0
DA:943,15
DA:944,15
DA:945,15
DA:946,2
DA:952,7
DA:955,7
DA:966,7
DA:975,7
DA:978,7
DA:979,5
DA:980,5
DA:982,5
DA:991,5
DA:995,7
DA:996,8
DA:997,0
DA:1000,8
DA:1009,8
DA:1012,7
DA:1020,8
DA:1022,8
DA:1024,8
DA:1034,8
DA:1035,8
DA:1036,0
DA:1039,8
DA:1040,8
DA:1041,8
DA:1043,8
DA:1044,8
DA:1046,8
DA:1048,29
DA:1049,0
DA:1050,0
DA:1054,29
DA:1055,29
DA:1056,1
DA:1058,29
DA:1059,29
DA:1062,29
DA:1063,28
DA:1064,26
DA:1065,25
DA:1066,25
DA:1069,25
DA:1070,25
DA:1071,25
DA:1072,25
DA:1075,25
DA:1076,25
DA:1077,8
DA:1079,25
DA:1081,25
DA:1085,8
DA:1097,29
DA:1098,8
DA:1099,0
DA:1103,21
DA:1104,0
DA:1109,29
DA:1119,29
DA:1120,1
DA:1123,28
DA:1130,16
DA:1131,16
DA:1133,15
DA:1134,15
DA:1136,16
DA:1137,1
DA:1144,15
DA:1145,43
DA:1148,1
DA:1149,1
DA:1150,1
DA:1157,1
DA:1179,32
DA:1181,1
DA:1182,1
DA:1183,1
DA:1184,1
DA:1189,31
DA:1190,31
DA:1191,31
DA:1192,31
DA:1202,0
DA:1210,1
DA:1212,1
DA:1213,0
DA:1222,8
DA:1223,1
DA:1225,1
DA:1239,6
DA:1240,6
DA:1242,6
DA:1243,16
DA:1251,3
DA:1259,0
DA:1267,1
DA:1274,4
LF:435
LH:350
BRDA:105,0,0,128
BRDA:105,0,1,0
BRDA:125,1,0,69
BRDA:156,2,0,0
BRDA:156,3,0,0
BRDA:166,4,0,0
BRDA:167,5,0,48
BRDA:189,6,0,70
BRDA:196,7,0,0
BRDA:200,8,0,0
BRDA:202,9,0,0
BRDA:202,9,1,0
BRDA:204,10,0,0
BRDA:207,11,0,0
BRDA:232,12,0,0
BRDA:232,13,0,2
BRDA:232,13,1,2
BRDA:244,14,0,2
BRDA:249,15,0,1
BRDA:272,16,0,0
BRDA:275,17,0,0
BRDA:286,18,0,1
BRDA:292,19,0,0
BRDA:303,20,0,0
BRDA:331,21,0,63
BRDA:347,22,0,0
BRDA:360,23,0,9
BRDA:360,23,1,0
BRDA:363,24,0,3
BRDA:363,24,1,6
BRDA:365,25,0,2
BRDA:365,25,1,1
BRDA:374,26,0,0
BRDA:374,26,1,0
BRDA:385,27,0,6
BRDA:385,27,1,0
BRDA:392,28,0,9
BRDA:392,28,1,0
BRDA:394,29,0,0
BRDA:394,29,1,0
BRDA:402,30,0,0
BRDA:420,31,0,0
BRDA:498,32,0,32
BRDA:498,32,1,233
BRDA:500,33,0,33
BRDA:513,34,0,7
BRDA:521,35,0,0
BRDA:532,36,0,55
BRDA:532,36,1,22
BRDA:538,37,0,22
BRDA:552,38,0,3
BRDA:552,38,1,0
BRDA:565,39,0,15
BRDA:565,39,1,14
BRDA:565,39,2,14
BRDA:572,40,0,3
BRDA:577,41,0,0
BRDA:580,42,0,0
BRDA:580,43,0,0
BRDA:580,43,1,0
BRDA:601,44,0,3
BRDA:616,45,0,0
BRDA:632,46,0,0
BRDA:638,47,0,39
BRDA:638,48,0,44
BRDA:638,48,1,5
BRDA:646,49,0,0
BRDA:652,50,0,1
BRDA:660,51,0,3
BRDA:675,52,0,0
BRDA:679,53,0,44
BRDA:679,53,1,43
BRDA:682,54,0,43
BRDA:682,55,0,44
BRDA:682,55,1,43
BRDA:685,56,0,1
BRDA:705,57,0,26
BRDA:724,58,0,2
BRDA:745,59,0,4
BRDA:774,60,0,0
BRDA:784,61,0,1
BRDA:795,62,0,0
BRDA:795,63,0,2
BRDA:795,63,1,2
BRDA:805,64,0,3
BRDA:805,64,1,0
BRDA:821,65,0,0
BRDA:821,66,0,0
BRDA:821,66,1,0
BRDA:830,67,0,0
BRDA:830,67,1,0
BRDA:836,68,0,0
BRDA:836,68,1,0
BRDA:844,69,0,0
BRDA:849,70,0,0
BRDA:849,71,0,0
BRDA:849,71,1,0
BRDA:890,72,0,5
BRDA:898,73,0,1
BRDA:906,74,0,7
BRDA:906,74,1,6
BRDA:907,75,0,7
BRDA:907,75,1,6
BRDA:915,76,0,1
BRDA:915,77,0,8
BRDA:915,77,1,8
BRDA:917,78,0,0
BRDA:929,79,0,2
BRDA:929,80,0,17
BRDA:929,80,1,6
BRDA:934,81,0,0
BRDA:934,82,0,15
BRDA:934,82,1,0
BRDA:939,83,0,0
BRDA:945,84,0,2
BRDA:945,85,0,15
BRDA:945,85,1,7
BRDA:952,86,0,7
BRDA:952,86,1,5
BRDA:952,86,2,5
BRDA:956,87,0,7
BRDA:956,87,1,0
BRDA:957,88,0,7
BRDA:957,88,1,0
BRDA:958,89,0,7
BRDA:958,89,1,6
BRDA:959,90,0,7
BRDA:959,90,1,6
BRDA:961,91,0,7
BRDA:961,91,1,0
BRDA:962,92,0,7
BRDA:962,92,1,0
BRDA:975,93,0,0
BRDA:978,94,0,5
BRDA:980,95,0,0
BRDA:991,96,0,0
BRDA:996,97,0,0
BRDA:1009,98,0,0
BRDA:1019,99,0,5
BRDA:1035,100,0,0
BRDA:1048,101,0,0
BRDA:1055,102,0,1
BRDA:1062,103,0,1
BRDA:1062,104,0,29
BRDA:1062,104,1,3
BRDA:1063,105,0,2
BRDA:1063,106,0,28
BRDA:1063,106,1,3
BRDA:1064,107,0,1
BRDA:1064,108,0,26
BRDA:1064,108,1,3
BRDA:1065,109,0,0
BRDA:1065,110,0,25
BRDA:1065,110,1,0
BRDA:1066,111,0,0
BRDA:1066,112,0,25
BRDA:1066,112,1,0
BRDA:1070,113,0,25
BRDA:1070,113,1,14
BRDA:1071,114,0,25
BRDA:1071,114,1,13
BRDA:1072,115,0,25
BRDA:1072,115,1,10
BRDA:1076,116,0,8
BRDA:1097,117,0,8
BRDA:1097,117,1,21
BRDA:1098,118,0,0
BRDA:1103,119,0,0
BRDA:1119,120,0,1
BRDA:1131,121,0,1
BRDA:1144,122,0,14
BRDA:1150,123,0,1
BRDA:1150,123,1,0
BRDA:1179,124,0,1
BRDA:1179,124,1,31
BRDA:1182,125,0,1
BRDA:1182,126,0,1
BRDA:1182,126,1,1
BRDA:1190,127,0,31
BRDA:1190,128,0,31
BRDA:1190,128,1,31
BRDA:1212,129,0,0
BRDA:1223,130,0,1
BRDA:1223,130,1,0
BRDA:1240,131,0,0
BRF:185
BRH:111
end_of_record
TN:
SF:orquestrador/OrquestradorCognitivo.ts
FN:92,(anonymous_1)
FN:118,(anonymous_2)
FN:133,(anonymous_3)
FN:140,(anonymous_4)
FN:179,(anonymous_5)
FN:228,(anonymous_6)
FN:268,(anonymous_7)
FN:305,(anonymous_8)
FN:379,(anonymous_9)
FN:422,(anonymous_10)
FN:556,(anonymous_11)
FN:597,(anonymous_12)
FN:621,(anonymous_13)
FN:727,(anonymous_14)
FN:761,(anonymous_15)
FN:796,(anonymous_16)
FN:841,(anonymous_17)
FN:882,(anonymous_18)
FN:898,(anonymous_19)
FN:920,(anonymous_20)
FN:939,(anonymous_21)
FNF:21
FNH:19
FNDA:4,(anonymous_1)
FNDA:31,(anonymous_2)
FNDA:7,(anonymous_3)
FNDA:27,(anonymous_4)
FNDA:2,(anonymous_5)
FNDA:2,(anonymous_6)
FNDA:167,(anonymous_7)
FNDA:24,(anonymous_8)
FNDA:24,(anonymous_9)
FNDA:20,(anonymous_10)
FNDA:0,(anonymous_11)
FNDA:1,(anonymous_12)
FNDA:10,(anonymous_13)
FNDA:5,(anonymous_14)
FNDA:2,(anonymous_15)
FNDA:2,(anonymous_16)
FNDA:3,(anonymous_17)
FNDA:2,(anonymous_18)
FNDA:2,(anonymous_19)
FNDA:0,(anonymous_20)
FNDA:51,(anonymous_21)
DA:13,5
DA:15,5
DA:49,5
DA:68,41
DA:69,41
DA:70,41
DA:71,41
DA:72,41
DA:73,41
DA:76,41
DA:78,41
DA:93,4
DA:95,4
DA:96,4
DA:97,4
DA:98,1
DA:99,1
DA:100,1
DA:101,1
DA:102,1
DA:103,1
DA:106,0
DA:107,0
DA:108,0
DA:109,0
DA:110,0
DA:111,0
DA:119,31
DA:125,31
DA:126,5
DA:134,7
DA:141,27
DA:142,1
DA:145,26
DA:146,26
DA:147,26
DA:148,25
DA:149,25
DA:150,25
DA:151,25
DA:152,25
DA:154,26
DA:156,0
DA:157,0
DA:158,0
DA:159,0
DA:160,0
DA:161,0
DA:180,2
DA:181,1
DA:196,1
DA:197,1
DA:200,0
DA:201,0
DA:202,0
DA:203,0
DA:206,0
DA:229,2
DA:230,1
DA:241,1
DA:242,1
DA:245,0
DA:246,0
DA:247,0
DA:248,0
DA:251,0
DA:275,167
DA:277,34
DA:278,34
DA:281,5
DA:282,5
DA:283,5
DA:284,5
DA:285,5
DA:287,5
DA:307,24
DA:309,24
DA:311,24
DA:312,24
DA:315,24
DA:324,24
DA:325,0
DA:329,24
DA:330,24
DA:331,24
DA:332,24
DA:335,24
DA:344,24
DA:345,0
DA:352,24
DA:355,24
DA:363,24
DA:366,24
DA:369,24
DA:376,24
DA:380,24
DA:392,24
DA:395,24
DA:402,24
DA:426,20
DA:427,1
DA:436,19
DA:437,19
DA:438,0
DA:444,19
DA:445,1
DA:454,18
DA:455,18
DA:456,0
DA:461,18
DA:462,0
DA:471,18
DA:472,18
DA:473,1
DA:482,17
DA:484,17
DA:485,2
DA:488,17
DA:489,1
DA:492,17
DA:493,1
DA:496,17
DA:497,0
DA:500,17
DA:501,1
DA:504,17
DA:505,0
DA:511,17
DA:514,1
DA:520,17
DA:522,17
DA:524,1
DA:526,1
DA:527,1
DA:528,1
DA:540,17
DA:544,17
DA:545,7
DA:546,7
DA:548,10
DA:556,17
DA:557,0
DA:560,17
DA:577,17
DA:580,17
DA:584,17
DA:591,17
DA:598,1
DA:600,1
DA:601,0
DA:603,0
DA:605,0
DA:606,0
DA:611,1
DA:625,10
DA:627,10
DA:628,0
DA:631,10
DA:632,0
DA:639,10
DA:640,1
DA:646,9
DA:648,9
DA:649,1
DA:655,8
DA:656,1
DA:664,7
DA:665,1
DA:671,6
DA:672,1
DA:679,5
DA:686,5
DA:689,5
DA:697,5
DA:700,5
DA:708,5
DA:714,5
DA:722,5
DA:724,5
DA:731,5
DA:748,5
DA:751,5
DA:758,5
DA:762,2
DA:764,2
DA:765,0
DA:768,2
DA:769,0
DA:772,2
DA:775,2
DA:782,2
DA:788,2
DA:797,2
DA:799,2
DA:800,0
DA:803,2
DA:804,0
DA:807,2
DA:810,2
DA:817,2
DA:823,2
DA:846,3
DA:848,3
DA:849,0
DA:853,3
DA:854,1
DA:862,2
DA:865,2
DA:868,2
DA:875,2
DA:887,2
DA:889,2
DA:895,2
DA:902,2
DA:904,2
DA:905,2
DA:906,2
DA:907,2
DA:908,2
DA:909,2
DA:910,2
DA:911,2
DA:912,2
DA:914,2
DA:916,2
DA:917,2
DA:918,2
DA:920,0
DA:921,0
DA:925,2
DA:926,0
DA:932,2
DA:940,51
DA:944,5
LF:234
LH:190
BRDA:93,0,0,0
BRDA:97,1,0,1
BRDA:109,2,0,0
BRDA:109,2,1,0
BRDA:125,3,0,5
BRDA:141,4,0,1
BRDA:147,5,0,25
BRDA:159,6,0,0
BRDA:159,6,1,0
BRDA:180,7,0,1
BRDA:202,8,0,0
BRDA:202,8,1,0
BRDA:229,9,0,1
BRDA:247,10,0,0
BRDA:247,10,1,0
BRDA:273,11,0,143
BRDA:275,12,0,133
BRDA:284,13,0,5
BRDA:284,13,1,0
BRDA:309,14,0,24
BRDA:324,15,0,0
BRDA:329,16,0,24
BRDA:344,17,0,0
BRDA:426,18,0,1
BRDA:437,19,0,0
BRDA:444,20,0,1
BRDA:455,21,0,0
BRDA:461,22,0,0
BRDA:472,23,0,1
BRDA:484,24,0,2
BRDA:484,25,0,17
BRDA:484,25,1,17
BRDA:488,26,0,1
BRDA:488,27,0,17
BRDA:488,27,1,17
BRDA:492,28,0,1
BRDA:492,29,0,17
BRDA:492,29,1,17
BRDA:496,30,0,0
BRDA:500,31,0,1
BRDA:500,32,0,17
BRDA:500,32,1,17
BRDA:504,33,0,0
BRDA:511,34,0,1
BRDA:511,35,0,17
BRDA:511,35,1,17
BRDA:511,35,2,17
BRDA:520,36,0,17
BRDA:520,36,1,16
BRDA:522,37,0,1
BRDA:527,38,0,1
BRDA:544,39,0,7
BRDA:544,39,1,10
BRDA:563,40,0,17
BRDA:563,40,1,0
BRDA:564,41,0,17
BRDA:564,41,1,0
BRDA:565,42,0,17
BRDA:565,42,1,0
BRDA:567,43,0,17
BRDA:567,43,1,0
BRDA:568,44,0,17
BRDA:568,44,1,0
BRDA:580,45,0,10
BRDA:580,45,1,7
BRDA:601,46,0,0
BRDA:627,47,0,0
BRDA:631,48,0,0
BRDA:639,49,0,1
BRDA:648,50,0,1
BRDA:655,51,0,1
BRDA:659,52,0,1
BRDA:659,52,1,0
BRDA:664,53,0,1
BRDA:671,54,0,1
BRDA:764,55,0,0
BRDA:768,56,0,0
BRDA:799,57,0,0
BRDA:803,58,0,0
BRDA:848,59,0,0
BRDA:853,60,0,1
BRDA:905,61,0,2
BRDA:906,62,0,0
BRDA:907,63,0,0
BRDA:908,64,0,0
BRDA:909,65,0,0
BRDA:910,66,0,0
BRDA:911,67,0,2
BRDA:911,67,1,2
BRDA:912,68,0,0
BRDA:917,69,0,2
BRDA:917,69,1,0
BRDA:925,70,0,0
BRF:93
BRH:54
end_of_record
TN:
SF:repositorios/implementacao/ContratoRepositoryImpl.ts
FN:10,serializeContrato
FN:17,reviveContrato
FN:24,cloneContrato
FN:28,(anonymous_12)
FN:44,(anonymous_13)
FN:48,(anonymous_14)
FN:54,(anonymous_15)
FN:66,(anonymous_16)
FN:74,(anonymous_17)
FN:79,(anonymous_18)
FN:103,(anonymous_19)
FN:111,(anonymous_20)
FN:122,(anonymous_21)
FN:144,(anonymous_22)
FNF:14
FNH:11
FNDA:6,serializeContrato
FNDA:0,reviveContrato
FNDA:6,cloneContrato
FNDA:6,(anonymous_12)
FNDA:46,(anonymous_13)
FNDA:46,(anonymous_14)
FNDA:46,(anonymous_15)
FNDA:10,(anonymous_16)
FNDA:6,(anonymous_17)
FNDA:7,(anonymous_18)
FNDA:0,(anonymous_19)
FNDA:0,(anonymous_20)
FNDA:3,(anonymous_21)
FNDA:6,(anonymous_22)
DA:1,6
DA:2,6
DA:11,6
DA:18,0
DA:25,6
DA:28,6
DA:39,46
DA:40,46
DA:42,46
DA:45,46
DA:49,46
DA:50,46
DA:51,46
DA:55,46
DA:56,46
DA:57,46
DA:58,46
DA:59,0
DA:60,0
DA:61,0
DA:63,46
DA:67,10
DA:68,0
DA:75,6
DA:76,6
DA:80,7
DA:82,7
DA:83,0
DA:87,7
DA:88,1
DA:91,6
DA:95,6
DA:97,6
DA:98,6
DA:100,6
DA:104,0
DA:106,0
DA:107,0
DA:108,0
DA:112,0
DA:114,0
DA:115,0
DA:117,0
DA:118,0
DA:119,0
DA:123,3
DA:125,3
DA:127,3
DA:128,2
DA:129,2
DA:130,0
DA:131,0
DA:132,0
DA:137,3
DA:145,6
DA:146,0
DA:148,6
DA:149,0
DA:151,6
DA:152,0
DA:154,6
DA:155,0
DA:157,6
DA:158,0
DA:160,6
DA:161,0
DA:169,6
LF:67
LH:42
BRDA:44,0,0,0
BRDA:48,1,0,0
BRDA:67,2,0,0
BRDA:82,3,0,0
BRDA:87,4,0,1
BRDA:107,5,0,0
BRDA:115,6,0,0
BRDA:118,7,0,0
BRDA:129,8,0,0
BRDA:131,9,0,0
BRDA:145,10,0,0
BRDA:148,11,0,0
BRDA:151,12,0,0
BRDA:154,13,0,0
BRDA:157,14,0,0
BRDA:157,15,0,6
BRDA:157,15,1,6
BRDA:160,16,0,0
BRF:18
BRH:3
end_of_record
TN:
SF:repositorios/implementacao/DecisaoRepositoryImpl.ts
FN:10,serializeDecisao
FN:17,reviveDecisao
FN:24,cloneDecisao
FN:29,(anonymous_12)
FN:44,(anonymous_13)
FN:48,(anonymous_14)
FN:54,(anonymous_15)
FN:66,(anonymous_16)
FN:74,(anonymous_17)
FN:79,(anonymous_18)
FN:103,(anonymous_19)
FN:111,(anonymous_20)
FN:122,(anonymous_21)
FN:144,(anonymous_22)
FNF:14
FNH:12
FNDA:12,serializeDecisao
FNDA:0,reviveDecisao
FNDA:15,cloneDecisao
FNDA:15,(anonymous_12)
FNDA:46,(anonymous_13)
FNDA:46,(anonymous_14)
FNDA:46,(anonymous_15)
FNDA:16,(anonymous_16)
FNDA:10,(anonymous_17)
FNDA:11,(anonymous_18)
FNDA:0,(anonymous_19)
FNDA:1,(anonymous_20)
FNDA:4,(anonymous_21)
FNDA:10,(anonymous_22)
DA:1,6
DA:2,6
DA:11,12
DA:18,0
DA:25,15
DA:29,15
DA:39,46
DA:40,46
DA:42,46
DA:45,46
DA:49,46
DA:50,46
DA:51,46
DA:55,46
DA:56,46
DA:57,46
DA:58,46
DA:59,0
DA:60,0
DA:61,0
DA:63,46
DA:67,16
DA:68,0
DA:75,10
DA:76,10
DA:80,11
DA:82,11
DA:83,0
DA:87,11
DA:88,1
DA:91,10
DA:95,10
DA:97,10
DA:98,10
DA:100,10
DA:104,0
DA:106,0
DA:107,0
DA:108,0
DA:112,1
DA:114,1
DA:115,1
DA:117,1
DA:118,1
DA:119,1
DA:123,4
DA:125,4
DA:127,4
DA:128,5
DA:129,5
DA:130,4
DA:131,4
DA:132,4
DA:137,4
DA:145,10
DA:146,0
DA:148,10
DA:149,0
DA:151,10
DA:152,0
DA:154,10
DA:155,0
DA:157,10
DA:158,0
DA:160,10
DA:161,0
DA:163,10
DA:164,0
DA:172,6
LF:69
LH:52
BRDA:44,0,0,0
BRDA:48,1,0,0
BRDA:67,2,0,0
BRDA:82,3,0,0
BRDA:87,4,0,1
BRDA:107,5,0,0
BRDA:115,6,0,0
BRDA:118,7,0,0
BRDA:129,8,0,4
BRDA:131,9,0,4
BRDA:145,10,0,0
BRDA:148,11,0,0
BRDA:151,12,0,0
BRDA:154,13,0,0
BRDA:154,14,0,10
BRDA:154,14,1,10
BRDA:157,15,0,0
BRDA:160,16,0,0
BRDA:160,17,0,10
BRDA:160,17,1,10
BRDA:163,18,0,0
BRF:21
BRH:7
end_of_record
TN:
SF:repositorios/implementacao/DecisionProtocolRepositoryImpl.ts
FN:10,serializeProtocol
FN:17,reviveProtocol
FN:24,cloneProtocol
FN:30,(anonymous_12)
FN:47,(anonymous_13)
FN:51,(anonymous_14)
FN:57,(anonymous_15)
FN:69,(anonymous_16)
FN:77,(anonymous_17)
FN:82,(anonymous_18)
FN:105,(anonymous_19)
FN:113,(anonymous_20)
FN:124,(anonymous_21)
FN:146,(anonymous_22)
FNF:14
FNH:12
FNDA:17,serializeProtocol
FNDA:1,reviveProtocol
FNDA:28,cloneProtocol
FNDA:27,(anonymous_12)
FNDA:37,(anonymous_13)
FNDA:37,(anonymous_14)
FNDA:37,(anonymous_15)
FNDA:46,(anonymous_16)
FNDA:17,(anonymous_17)
FNDA:17,(anonymous_18)
FNDA:0,(anonymous_19)
FNDA:29,(anonymous_20)
FNDA:0,(anonymous_21)
FNDA:17,(anonymous_22)
DA:1,5
DA:2,5
DA:4,5
DA:11,17
DA:18,1
DA:25,28
DA:30,27
DA:42,37
DA:43,37
DA:45,37
DA:48,37
DA:52,37
DA:53,37
DA:54,37
DA:58,37
DA:59,37
DA:60,37
DA:61,37
DA:62,1
DA:63,1
DA:64,1
DA:66,37
DA:70,46
DA:71,0
DA:78,17
DA:79,17
DA:83,17
DA:85,17
DA:86,0
DA:90,17
DA:91,0
DA:94,17
DA:97,17
DA:99,17
DA:100,17
DA:102,17
DA:106,0
DA:108,0
DA:109,0
DA:110,0
DA:114,29
DA:116,29
DA:117,29
DA:119,11
DA:120,11
DA:121,11
DA:125,0
DA:127,0
DA:129,0
DA:130,0
DA:131,0
DA:132,0
DA:133,0
DA:134,0
DA:139,0
DA:148,17
DA:149,0
DA:151,17
DA:152,0
DA:154,17
DA:155,0
DA:157,17
DA:158,0
DA:160,17
DA:161,0
DA:166,17
DA:167,7
DA:168,0
DA:170,7
DA:174,10
DA:175,0
DA:177,10
DA:178,0
DA:180,10
DA:181,0
DA:183,10
DA:184,0
DA:186,10
DA:187,0
DA:189,10
DA:190,0
DA:192,10
DA:193,0
DA:201,5
LF:84
LH:55
BRDA:47,0,0,0
BRDA:51,1,0,0
BRDA:70,2,0,0
BRDA:85,3,0,0
BRDA:90,4,0,0
BRDA:109,5,0,0
BRDA:117,6,0,18
BRDA:120,7,0,0
BRDA:131,8,0,0
BRDA:133,9,0,0
BRDA:148,10,0,0
BRDA:151,11,0,0
BRDA:154,12,0,0
BRDA:157,13,0,0
BRDA:160,14,0,0
BRDA:166,15,0,7
BRDA:167,16,0,0
BRDA:174,17,0,0
BRDA:174,18,0,10
BRDA:174,18,1,10
BRDA:177,19,0,0
BRDA:177,20,0,10
BRDA:177,20,1,10
BRDA:180,21,0,0
BRDA:180,22,0,10
BRDA:180,22,1,10
BRDA:183,23,0,0
BRDA:186,24,0,0
BRDA:186,25,0,10
BRDA:186,25,1,10
BRDA:189,26,0,0
BRDA:192,27,0,0
BRF:32
BRH:10
end_of_record
TN:
SF:repositorios/implementacao/EpisodioRepositoryImpl.ts
FN:14,serializeEpisodio
FN:24,reviveEpisodio
FN:34,cloneEpisodio
FN:64,parseCursor
FN:74,makeCursor
FN:98,(anonymous_14)
FN:108,(anonymous_15)
FN:123,(anonymous_16)
FN:147,(anonymous_17)
FN:159,(anonymous_18)
FN:160,(anonymous_19)
FN:170,(anonymous_20)
FN:177,(anonymous_21)
FN:185,(anonymous_22)
FN:204,(anonymous_23)
FN:209,(anonymous_24)
FN:214,(anonymous_25)
FN:220,(anonymous_26)
FN:221,(anonymous_27)
FN:254,(anonymous_28)
FN:258,(anonymous_29)
FN:264,(anonymous_30)
FN:282,(anonymous_31)
FN:290,(anonymous_32)
FN:295,(anonymous_33)
FN:316,(anonymous_34)
FN:327,(anonymous_35)
FN:342,(anonymous_36)
FN:394,(anonymous_37)
FN:437,(anonymous_38)
FN:457,(anonymous_39)
FN:478,(anonymous_40)
FN:543,(anonymous_41)
FN:567,(anonymous_42)
FNF:34
FNH:32
FNDA:133097,serializeEpisodio
FNDA:4,reviveEpisodio
FNDA:982,cloneEpisodio
FNDA:22,parseCursor
FNDA:6,makeCursor
FNDA:71,(anonymous_14)
FNDA:71,(anonymous_15)
FNDA:765,(anonymous_16)
FNDA:11,(anonymous_17)
FNDA:832,(anonymous_18)
FNDA:134283,(anonymous_19)
FNDA:9,(anonymous_20)
FNDA:8,(anonymous_21)
FNDA:6,(anonymous_22)
FNDA:22,(anonymous_23)
FNDA:10,(anonymous_24)
FNDA:734,(anonymous_25)
FNDA:0,(anonymous_26)
FNDA:0,(anonymous_27)
FNDA:71,(anonymous_28)
FNDA:71,(anonymous_29)
FNDA:71,(anonymous_30)
FNDA:843,(anonymous_31)
FNDA:772,(anonymous_32)
FNDA:761,(anonymous_33)
FNDA:40,(anonymous_34)
FNDA:1,(anonymous_35)
FNDA:13,(anonymous_36)
FNDA:28,(anonymous_37)
FNDA:103,(anonymous_38)
FNDA:53,(anonymous_39)
FNDA:529,(anonymous_40)
FNDA:761,(anonymous_41)
FNDA:2,(anonymous_42)
DA:1,6
DA:2,6
DA:4,6
DA:15,133097
DA:25,4
DA:35,982
DA:48,6
DA:65,22
DA:66,2
DA:67,2
DA:68,2
DA:69,2
DA:70,2
DA:71,2
DA:75,6
DA:86,71
DA:89,71
DA:92,71
DA:96,71
DA:100,71
DA:101,284
DA:109,71
DA:110,71
DA:111,71
DA:112,71
DA:115,71
DA:116,284
DA:125,765
DA:126,63
DA:128,765
DA:131,765
DA:134,765
DA:135,765
DA:136,64
DA:138,765
DA:141,765
DA:149,11
DA:152,11
DA:160,832
DA:161,134283
DA:162,134283
DA:163,566
DA:171,9
DA:178,8
DA:186,6
DA:187,6
DA:189,6
DA:190,15
DA:191,7
DA:192,135
DA:197,6
DA:205,22
DA:207,22
DA:209,2
DA:210,10
DA:214,734
DA:221,0
DA:244,71
DA:246,71
DA:249,71
DA:252,71
DA:255,71
DA:259,71
DA:260,71
DA:261,71
DA:265,71
DA:266,71
DA:267,71
DA:269,71
DA:270,4
DA:271,4
DA:273,4
DA:277,71
DA:279,71
DA:283,843
DA:284,0
DA:291,772
DA:292,772
DA:296,761
DA:298,761
DA:299,0
DA:302,761
DA:305,761
DA:307,761
DA:310,761
DA:311,761
DA:313,761
DA:317,40
DA:319,40
DA:320,40
DA:321,40
DA:328,1
DA:330,1
DA:332,1
DA:333,3
DA:334,3
DA:335,2
DA:339,1
DA:343,13
DA:345,13
DA:347,13
DA:348,0
DA:352,13
DA:353,0
DA:357,13
DA:358,13
DA:359,2
DA:362,11
DA:363,11
DA:366,11
DA:367,11
DA:369,7
DA:370,7
DA:372,2
DA:373,2
DA:375,2
DA:376,2
DA:380,11
DA:382,11
DA:395,28
DA:398,28
DA:412,28
DA:415,28
DA:416,9
DA:417,9
DA:418,9
DA:419,3
DA:420,3
DA:422,6
DA:426,25
DA:427,8
DA:428,8
DA:429,8
DA:430,2
DA:431,2
DA:433,6
DA:434,4
DA:437,103
DA:438,2
DA:439,0
DA:440,0
DA:446,23
DA:447,6
DA:448,6
DA:449,6
DA:450,0
DA:451,0
DA:453,6
DA:454,3
DA:457,53
DA:458,3
DA:459,1
DA:460,1
DA:466,22
DA:472,22
DA:473,22
DA:477,22
DA:478,529
DA:480,10
DA:484,22
DA:490,22
DA:492,22
DA:493,247
DA:494,247
DA:497,247
DA:498,6
DA:499,6
DA:500,2
DA:505,245
DA:506,5
DA:507,5
DA:508,2
DA:512,243
DA:522,22
DA:523,22
DA:524,22
DA:527,22
DA:533,22
DA:544,761
DA:545,0
DA:547,761
DA:548,0
DA:550,761
DA:551,0
DA:553,761
DA:554,0
DA:568,2
DA:574,6
LF:188
LH:175
BRDA:18,0,0,133097
BRDA:18,0,1,133084
BRDA:19,1,0,133097
BRDA:19,1,1,133093
BRDA:20,2,0,133097
BRDA:20,2,1,133095
BRDA:28,3,0,0
BRDA:28,3,1,4
BRDA:29,4,0,0
BRDA:29,4,1,4
BRDA:30,5,0,0
BRDA:30,5,1,4
BRDA:38,6,0,9
BRDA:38,6,1,973
BRDA:39,7,0,4
BRDA:39,7,1,978
BRDA:40,8,0,1
BRDA:40,8,1,981
BRDA:65,9,0,20
BRDA:67,10,0,0
BRDA:70,11,0,0
BRDA:70,12,0,2
BRDA:70,12,1,2
BRDA:125,13,0,63
BRDA:135,14,0,64
BRDA:162,15,0,133717
BRDA:178,16,0,8
BRDA:178,16,1,0
BRDA:190,17,0,7
BRDA:207,18,0,2
BRDA:210,19,0,10
BRDA:210,19,1,6
BRDA:210,19,2,2
BRDA:254,20,0,0
BRDA:258,21,0,0
BRDA:283,22,0,0
BRDA:298,23,0,0
BRDA:320,24,0,0
BRDA:334,25,0,2
BRDA:347,26,0,0
BRDA:352,27,0,0
BRDA:358,28,0,2
BRDA:367,29,0,7
BRDA:367,29,1,2
BRDA:367,29,2,2
BRDA:415,30,0,9
BRDA:418,31,0,3
BRDA:418,32,0,9
BRDA:418,32,1,6
BRDA:426,33,0,8
BRDA:429,34,0,2
BRDA:433,35,0,4
BRDA:433,35,1,2
BRDA:438,36,0,0
BRDA:446,37,0,6
BRDA:449,38,0,0
BRDA:453,39,0,3
BRDA:453,39,1,3
BRDA:458,40,0,1
BRDA:466,41,0,22
BRDA:466,41,1,10
BRDA:473,42,0,22
BRDA:473,42,1,20
BRDA:477,43,0,12
BRDA:477,43,1,10
BRDA:494,44,0,0
BRDA:497,45,0,6
BRDA:499,46,0,2
BRDA:505,47,0,5
BRDA:507,48,0,2
BRDA:522,49,0,22
BRDA:522,49,1,16
BRDA:535,50,0,6
BRDA:535,50,1,16
BRDA:535,51,0,22
BRDA:535,51,1,6
BRDA:544,52,0,0
BRDA:547,53,0,0
BRDA:547,54,0,761
BRDA:547,54,1,761
BRDA:550,55,0,0
BRDA:553,56,0,0
BRDA:568,57,0,2
BRDA:568,57,1,0
BRF:84
BRH:63
end_of_record
TN:
SF:repositorios/implementacao/SituacaoRepositoryImpl.ts
FN:14,serializeSituacao
FN:18,(anonymous_10)
FN:25,reviveSituacao
FN:29,(anonymous_12)
FN:36,cloneSituacao
FN:41,(anonymous_14)
FN:45,(anonymous_15)
FN:46,(anonymous_16)
FN:81,(anonymous_17)
FN:89,(anonymous_18)
FN:95,(anonymous_19)
FN:105,(anonymous_20)
FN:113,(anonymous_21)
FN:118,(anonymous_22)
FN:134,(anonymous_23)
FN:144,(anonymous_24)
FN:169,(anonymous_25)
FN:210,(anonymous_26)
FNF:18
FNH:16
FNDA:123,serializeSituacao
FNDA:4,(anonymous_10)
FNDA:0,reviveSituacao
FNDA:0,(anonymous_12)
FNDA:102,cloneSituacao
FNDA:204,(anonymous_14)
FNDA:102,(anonymous_15)
FNDA:3,(anonymous_16)
FNDA:45,(anonymous_17)
FNDA:45,(anonymous_18)
FNDA:45,(anonymous_19)
FNDA:217,(anonymous_20)
FNDA:119,(anonymous_21)
FNDA:30,(anonymous_22)
FNDA:96,(anonymous_23)
FNDA:86,(anonymous_24)
FNDA:5,(anonymous_25)
FNDA:30,(anonymous_26)
DA:1,5
DA:2,5
DA:4,5
DA:15,123
DA:18,4
DA:26,0
DA:29,0
DA:37,102
DA:41,204
DA:45,102
DA:46,3
DA:57,5
DA:73,45
DA:75,45
DA:82,45
DA:90,45
DA:91,45
DA:92,45
DA:96,45
DA:97,45
DA:98,45
DA:99,0
DA:100,0
DA:102,45
DA:106,217
DA:107,0
DA:114,119
DA:115,119
DA:119,30
DA:121,30
DA:122,0
DA:125,30
DA:128,30
DA:130,30
DA:131,30
DA:135,96
DA:137,96
DA:138,96
DA:141,72
DA:145,86
DA:147,86
DA:149,86
DA:150,0
DA:154,86
DA:156,0
DA:160,86
DA:161,86
DA:162,1
DA:165,85
DA:166,85
DA:170,5
DA:172,5
DA:174,5
DA:175,0
DA:179,5
DA:180,1
DA:187,4
DA:188,0
DA:192,4
DA:198,4
DA:199,0
DA:202,4
DA:203,4
DA:211,30
DA:212,0
DA:214,30
DA:215,0
DA:217,30
DA:218,0
DA:220,30
DA:221,0
DA:223,30
DA:224,0
DA:226,30
DA:227,0
DA:229,30
DA:230,0
DA:232,30
DA:233,0
DA:235,30
DA:236,0
DA:238,30
DA:239,0
DA:244,5
LF:84
LH:63
BRDA:18,0,0,123
BRDA:18,0,1,0
BRDA:29,1,0,0
BRDA:29,1,1,0
BRDA:46,2,0,102
BRDA:46,2,1,0
BRDA:81,3,0,0
BRDA:89,4,0,0
BRDA:106,5,0,0
BRDA:121,6,0,0
BRDA:138,7,0,24
BRDA:149,8,0,0
BRDA:154,9,0,0
BRDA:154,10,0,86
BRDA:154,10,1,86
BRDA:161,11,0,1
BRDA:174,12,0,0
BRDA:179,13,0,1
BRDA:187,14,0,0
BRDA:187,15,0,4
BRDA:187,15,1,4
BRDA:198,16,0,0
BRDA:211,17,0,0
BRDA:214,18,0,0
BRDA:217,19,0,0
BRDA:220,20,0,0
BRDA:223,21,0,0
BRDA:223,22,0,30
BRDA:223,22,1,30
BRDA:226,23,0,0
BRDA:226,24,0,30
BRDA:226,24,1,30
BRDA:229,25,0,0
BRDA:229,26,0,30
BRDA:229,26,1,30
BRDA:232,27,0,0
BRDA:235,28,0,0
BRDA:238,29,0,0
BRDA:238,30,0,30
BRDA:238,30,1,30
BRF:40
BRH:17
end_of_record
TN:
SF:scripts/validate_inc4_3.ts
FN:48,log
FN:52,addResult
FN:62,limparDiretorio
FN:70,contarSegmentos
FN:74,(anonymous_13)
FN:80,salvarExport
FN:88,(anonymous_15)
FN:106,cenario1
FN:153,(anonymous_17)
FN:214,cenario2
FN:311,cenario3
FN:484,gerarRelatorio
FN:489,(anonymous_21)
FN:490,(anonymous_22)
FN:512,(anonymous_23)
FN:532,main
FNF:16
FNH:0
FNDA:0,log
FNDA:0,addResult
FNDA:0,limparDiretorio
FNDA:0,contarSegmentos
FNDA:0,(anonymous_13)
FNDA:0,salvarExport
FNDA:0,(anonymous_15)
FNDA:0,cenario1
FNDA:0,(anonymous_17)
FNDA:0,cenario2
FNDA:0,cenario3
FNDA:0,gerarRelatorio
FNDA:0,(anonymous_21)
FNDA:0,(anonymous_22)
FNDA:0,(anonymous_23)
FNDA:0,main
DA:10,0
DA:11,0
DA:14,0
DA:15,0
DA:16,0
DA:17,0
DA:18,0
DA:19,0
DA:20,0
DA:21,0
DA:22,0
DA:23,0
DA:29,0
DA:30,0
DA:31,0
DA:44,0
DA:45,0
DA:46,0
DA:49,0
DA:53,0
DA:54,0
DA:55,0
DA:63,0
DA:64,0
DA:71,0
DA:72,0
DA:73,0
DA:74,0
DA:76,0
DA:81,0
DA:82,0
DA:84,0
DA:85,0
DA:87,0
DA:88,0
DA:99,0
DA:107,0
DA:108,0
DA:109,0
DA:112,0
DA:113,0
DA:115,0
DA:120,0
DA:123,0
DA:124,0
DA:125,0
DA:127,0
DA:128,0
DA:136,0
DA:137,0
DA:141,0
DA:142,0
DA:143,0
DA:145,0
DA:151,0
DA:152,0
DA:153,0
DA:156,0
DA:157,0
DA:158,0
DA:164,0
DA:165,0
DA:171,0
DA:172,0
DA:178,0
DA:179,0
DA:184,0
DA:185,0
DA:190,0
DA:191,0
DA:197,0
DA:198,0
DA:199,0
DA:201,0
DA:202,0
DA:204,0
DA:215,0
DA:216,0
DA:217,0
DA:220,0
DA:223,0
DA:229,0
DA:230,0
DA:231,0
DA:233,0
DA:234,0
DA:235,0
DA:237,0
DA:238,0
DA:246,0
DA:247,0
DA:251,0
DA:252,0
DA:255,0
DA:256,0
DA:257,0
DA:263,0
DA:264,0
DA:266,0
DA:267,0
DA:269,0
DA:271,0
DA:278,0
DA:279,0
DA:283,0
DA:287,0
DA:293,0
DA:294,0
DA:295,0
DA:300,0
DA:301,0
DA:312,0
DA:313,0
DA:314,0
DA:317,0
DA:318,0
DA:320,0
DA:322,0
DA:323,0
DA:324,0
DA:325,0
DA:326,0
DA:327,0
DA:328,0
DA:333,0
DA:336,0
DA:337,0
DA:347,0
DA:349,0
DA:350,0
DA:355,0
DA:356,0
DA:362,0
DA:365,0
DA:383,0
DA:384,0
DA:390,0
DA:391,0
DA:392,0
DA:396,0
DA:401,0
DA:408,0
DA:416,0
DA:422,0
DA:429,0
DA:435,0
DA:436,0
DA:437,0
DA:442,0
DA:443,0
DA:449,0
DA:451,0
DA:452,0
DA:453,0
DA:454,0
DA:459,0
DA:462,0
DA:463,0
DA:464,0
DA:469,0
DA:473,0
DA:474,0
DA:485,0
DA:486,0
DA:487,0
DA:489,0
DA:490,0
DA:492,0
DA:493,0
DA:494,0
DA:495,0
DA:496,0
DA:497,0
DA:498,0
DA:500,0
DA:501,0
DA:502,0
DA:503,0
DA:504,0
DA:505,0
DA:506,0
DA:507,0
DA:510,0
DA:511,0
DA:512,0
DA:513,0
DA:517,0
DA:518,0
DA:519,0
DA:520,0
DA:521,0
DA:523,0
DA:524,0
DA:525,0
DA:533,0
DA:534,0
DA:535,0
DA:536,0
DA:537,0
DA:539,0
DA:540,0
DA:541,0
DA:542,0
DA:544,0
DA:545,0
DA:548,0
DA:550,0
DA:553,0
LF:208
LH:0
BRDA:29,0,0,0
BRDA:29,0,1,0
BRDA:54,1,0,0
BRDA:54,1,1,0
BRDA:55,2,0,0
BRDA:55,2,1,0
BRDA:55,3,0,0
BRDA:55,3,1,0
BRDA:74,4,0,0
BRDA:74,4,1,0
BRDA:129,5,0,0
BRDA:129,5,1,0
BRDA:136,6,0,0
BRDA:199,7,0,0
BRDA:199,7,1,0
BRDA:205,8,0,0
BRDA:205,8,1,0
BRDA:233,9,0,0
BRDA:246,10,0,0
BRDA:269,11,0,0
BRDA:269,11,1,0
BRDA:283,12,0,0
BRDA:283,12,1,0
BRDA:283,12,2,0
BRDA:283,12,3,0
BRDA:283,12,4,0
BRDA:351,13,0,0
BRDA:351,13,1,0
BRDA:385,14,0,0
BRDA:385,14,1,0
BRDA:391,15,0,0
BRDA:391,15,1,0
BRDA:430,16,0,0
BRDA:430,16,1,0
BRDA:444,17,0,0
BRDA:444,17,1,0
BRDA:451,18,0,0
BRDA:451,18,1,0
BRDA:462,19,0,0
BRDA:462,19,1,0
BRDA:475,20,0,0
BRDA:475,20,1,0
BRDA:475,20,2,0
BRDA:505,21,0,0
BRDA:505,21,1,0
BRDA:506,22,0,0
BRDA:506,22,1,0
BRDA:506,23,0,0
BRDA:506,23,1,0
BRDA:510,24,0,0
BRDA:513,25,0,0
BRDA:513,25,1,0
BRDA:513,25,2,0
BRDA:524,26,0,0
BRDA:524,26,1,0
BRF:55
BRH:0
end_of_record
TN:
SF:servicos/MemoryQueryService.ts
FN:22,(anonymous_0)
FN:28,(anonymous_1)
FN:34,(anonymous_2)
FNF:3
FNH:3
FNDA:43,(anonymous_0)
FNDA:3,(anonymous_1)
FNDA:2,(anonymous_2)
DA:23,43
DA:24,43
DA:25,43
DA:31,3
DA:34,3
DA:37,3
DA:38,3
DA:41,3
DA:43,3
DA:44,2
DA:54,2
DA:55,2
DA:57,2
DA:58,1
DA:61,1
DA:62,1
DA:63,1
DA:64,1
DA:67,0
DA:68,0
DA:73,1
DA:74,1
DA:75,0
DA:78,1
DA:81,3
DA:99,6
LF:26
LH:23
BRDA:50,0,0,2
BRDA:50,0,1,2
BRDA:55,1,0,2
BRDA:55,1,1,0
BRDA:57,2,0,1
BRDA:57,3,0,2
BRDA:57,3,1,2
BRDA:67,4,0,0
BRDA:74,5,0,0
BRF:9
BRH:6
end_of_record
TN:
SF:utilitarios/HashUtil.ts
FN:11,sha256
FN:29,computeEventHash
FN:55,computePayloadHash
FNF:3
FNH:3
FNDA:680,sha256
FNDA:409,computeEventHash
FNDA:271,computePayloadHash
DA:1,4
DA:12,680
DA:38,409
DA:48,409
DA:56,271
DA:57,271
DA:60,4
LF:7
LH:7
BRDA:39,0,0,409
BRDA:39,0,1,116
BRF:2
BRH:2
end_of_record
TN:
SF:utilitarios/JsonFileStore.ts
FN:13,(anonymous_9)
FN:20,(anonymous_10)
FN:31,(anonymous_11)
FN:31,(anonymous_12)
FN:53,(anonymous_13)
FN:58,(anonymous_14)
FN:58,(anonymous_15)
FNF:7
FNH:5
FNDA:245,(anonymous_9)
FNDA:245,(anonymous_10)
FNDA:0,(anonymous_11)
FNDA:241,(anonymous_12)
FNDA:924,(anonymous_13)
FNDA:0,(anonymous_14)
FNDA:924,(anonymous_15)
DA:1,6
DA:2,6
DA:11,245
DA:13,245
DA:21,245
DA:23,245
DA:25,245
DA:26,4
DA:28,241
DA:30,241
DA:31,241
DA:32,241
DA:34,0
DA:35,0
DA:36,0
DA:41,241
DA:43,0
DA:54,924
DA:55,924
DA:58,924
DA:59,924
DA:60,924
DA:61,924
DA:64,924
DA:68,6
LF:25
LH:21
BRDA:28,0,0,241
BRDA:32,1,0,0
BRF:2
BRH:1
end_of_record
